#
# There is insufficient memory for the Java Runtime Environment to continue.
# Native memory allocation (mmap) failed to map 90177536 bytes for committing reserved memory.
# Possible reasons:
#   The system is out of physical RAM or swap space
#   In 32 bit mode, the process size limit was hit
# Possible solutions:
#   Reduce memory load on the system
#   Increase physical memory or swap space
#   Check if swap backing store is full
#   Use 64 bit Java on a 64 bit OS
#   Decrease Java heap size (-Xmx/-Xms)
#   Decrease number of Java threads
#   Decrease Java thread stack sizes (-Xss)
#   Set larger code cache with -XX:ReservedCodeCacheSize=
# This output file may be truncated or incomplete.
#
#  Out of Memory Error (os_linux.cpp:2627), pid=8319, tid=0x00007fdd35cfc700
#
# JRE version: OpenJDK Runtime Environment (8.0_112-b06) (build 1.8.0_112-release-b06)
# Java VM: OpenJDK 64-Bit Server VM (25.112-b06 mixed mode linux-amd64 compressed oops)
# Failed to write core dump. Core dumps have been disabled. To enable core dumping, try "ulimit -c unlimited" before starting Java again
#

---------------  T H R E A D  ---------------

Current thread (0x00007fdd54077800):  VMThread [stack: 0x00007fdd35bfc000,0x00007fdd35cfd000] [id=8330]

Stack: [0x00007fdd35bfc000,0x00007fdd35cfd000],  sp=0x00007fdd35cfb4c0,  free space=1021k
Native frames: (J=compiled Java code, j=interpreted, Vv=VM code, C=native code)
V  [libjvm.so+0x9e465d]  VMError::report_and_die()+0x15d
V  [libjvm.so+0x4b6ada]  report_vm_out_of_memory(char const*, int, unsigned long, VMErrorType, char const*)+0x8a
V  [libjvm.so+0x84c860]  os::pd_commit_memory(char*, unsigned long, unsigned long, bool)+0xf0
V  [libjvm.so+0x84737f]  os::commit_memory(char*, unsigned long, unsigned long, bool)+0x1f
V  [libjvm.so+0x8bd3db]  PSVirtualSpace::expand_by(unsigned long)+0x5b
V  [libjvm.so+0x8be050]  PSYoungGen::resize_generation(unsigned long, unsigned long)+0xb0
V  [libjvm.so+0x8be36b]  PSYoungGen::resize(unsigned long, unsigned long)+0x1b
V  [libjvm.so+0x8baa5c]  PSScavenge::invoke_no_policy()+0xdac
V  [libjvm.so+0x8bb238]  PSScavenge::invoke()+0x38
V  [libjvm.so+0x86fcf3]  ParallelScavengeHeap::failed_mem_allocate(unsigned long)+0x63
V  [libjvm.so+0x9e6124]  VM_ParallelGCFailedAllocation::doit()+0x84
V  [libjvm.so+0x9ea537]  VM_Operation::evaluate()+0x47
V  [libjvm.so+0x9e8ff8]  VMThread::evaluate_operation(VM_Operation*)+0x2c8
V  [libjvm.so+0x9e9479]  VMThread::loop()+0x219
V  [libjvm.so+0x9e98c2]  VMThread::run()+0x72
V  [libjvm.so+0x849c82]  java_start(Thread*)+0xf2

VM_Operation (0x00007fdd34f12d50): ParallelGCFailedAllocation, mode: safepoint, requested by thread 0x00007fdd54152000


---------------  P R O C E S S  ---------------

Java Threads: ( => current thread )
  0x00007fdd5415f000 JavaThread "pool-2-thread-4" [_thread_blocked, id=8343, stack(0x00007fdd34c12000,0x00007fdd34d13000)]
  0x00007fdd5415e000 JavaThread "pool-2-thread-3" [_thread_blocked, id=8342, stack(0x00007fdd34d13000,0x00007fdd34e14000)]
  0x00007fdd54152000 JavaThread "pool-2-thread-2" [_thread_blocked, id=8341, stack(0x00007fdd34e14000,0x00007fdd34f15000)]
  0x00007fdd54143000 JavaThread "pool-3-thread-1" [_thread_blocked, id=8340, stack(0x00007fdd34f15000,0x00007fdd35016000)]
  0x00007fdd54141800 JavaThread "pool-2-thread-1" [_thread_blocked, id=8339, stack(0x00007fdd35016000,0x00007fdd35117000)]
  0x00007fdd540c8000 JavaThread "Service Thread" daemon [_thread_blocked, id=8337, stack(0x00007fdd35218000,0x00007fdd35319000)]
  0x00007fdd540bd000 JavaThread "C1 CompilerThread2" daemon [_thread_blocked, id=8336, stack(0x00007fdd35319000,0x00007fdd3541a000)]
  0x00007fdd540bb000 JavaThread "C2 CompilerThread1" daemon [_thread_in_native, id=8335, stack(0x00007fdd3541a000,0x00007fdd3551b000)]
  0x00007fdd540b8800 JavaThread "C2 CompilerThread0" daemon [_thread_blocked, id=8334, stack(0x00007fdd3551b000,0x00007fdd3561c000)]
  0x00007fdd540b7000 JavaThread "Signal Dispatcher" daemon [_thread_blocked, id=8333, stack(0x00007fdd3561c000,0x00007fdd3571d000)]
  0x00007fdd54084000 JavaThread "Finalizer" daemon [_thread_blocked, id=8332, stack(0x00007fdd359fa000,0x00007fdd35afb000)]
  0x00007fdd5407f800 JavaThread "Reference Handler" daemon [_thread_blocked, id=8331, stack(0x00007fdd35afb000,0x00007fdd35bfc000)]
  0x00007fdd5400a000 JavaThread "main" [_thread_blocked, id=8325, stack(0x00007fdd5c212000,0x00007fdd5c313000)]

Other Threads:
=>0x00007fdd54077800 VMThread [stack: 0x00007fdd35bfc000,0x00007fdd35cfd000] [id=8330]
  0x00007fdd540ca800 WatcherThread [stack: 0x00007fdd35117000,0x00007fdd35218000] [id=8338]

VM state:at safepoint (normal execution)

VM Mutex/Monitor currently owned by a thread:  ([mutex/lock_event])
[0x00007fdd54006790] Threads_lock - owner thread: 0x00007fdd54077800
[0x00007fdd54006c90] Heap_lock - owner thread: 0x00007fdd54152000

Heap:
 PSYoungGen      total 66048K, used 2548K [0x00000000eab00000, 0x00000000eee00000, 0x0000000100000000)
  eden space 63488K, 0% used [0x00000000eab00000,0x00000000eab00000,0x00000000ee900000)
  from space 2560K, 99% used [0x00000000ee900000,0x00000000eeb7d108,0x00000000eeb80000)
  to   space 2560K, 0% used [0x00000000eeb80000,0x00000000eeb80000,0x00000000eee00000)
 ParOldGen       total 42496K, used 28103K [0x00000000c0000000, 0x00000000c2980000, 0x00000000eab00000)
  object space 42496K, 66% used [0x00000000c0000000,0x00000000c1b71ca8,0x00000000c2980000)
 Metaspace       used 5792K, capacity 7024K, committed 7296K, reserved 1056768K
  class space    used 556K, capacity 616K, committed 640K, reserved 1048576K

Card table byte_map: [0x00007fdd58ea7000,0x00007fdd590a8000] byte_map_base: 0x00007fdd588a7000

Marking Bits: (ParMarkBitMap*) 0x00007fdd5b6e4340
 Begin Bits: [0x00007fdd36000000, 0x00007fdd37000000)
 End Bits:   [0x00007fdd37000000, 0x00007fdd38000000)

Polling page: 0x00007fdd5c334000

CodeCache: size=245760Kb used=5329Kb max_used=5329Kb free=240430Kb
 bounds [0x00007fdd45000000, 0x00007fdd45540000, 0x00007fdd54000000]
 total_blobs=1662 nmethods=1402 adapters=175
 compilation: enabled

Compilation events (10 events):
Event: 1,949 Thread 0x00007fdd540bd000 1495       2       java.util.DualPivotQuicksort::sort (1195 bytes)
Event: 1,956 Thread 0x00007fdd540bd000 nmethod 1495 0x00007fdd45532090 code [0x00007fdd45532380, 0x00007fdd45533888]
Event: 1,956 Thread 0x00007fdd540bd000 1490       2       com.android.dx.cf.code.SwitchList::removeSuperfluousDefaults (149 bytes)
Event: 1,957 Thread 0x00007fdd540bd000 nmethod 1490 0x00007fdd45535a90 code [0x00007fdd45535ca0, 0x00007fdd455361b8]
Event: 1,957 Thread 0x00007fdd540bd000 1496       2       com.android.dx.dex.code.BlockAddresses::getStart (7 bytes)
Event: 1,957 Thread 0x00007fdd540bd000 nmethod 1496 0x00007fdd45536650 code [0x00007fdd455367c0, 0x00007fdd45536930]
Event: 1,957 Thread 0x00007fdd540bd000 1497       2       com.android.dx.rop.code.Rops::pickIf (154 bytes)
Event: 1,957 Thread 0x00007fdd540bd000 nmethod 1497 0x00007fdd45536a10 code [0x00007fdd45536c20, 0x00007fdd45537258]
Event: 1,957 Thread 0x00007fdd540bd000 1491       2       com.android.dx.rop.code.SwitchInsn::<init> (49 bytes)
Event: 1,957 Thread 0x00007fdd540bd000 nmethod 1491 0x00007fdd45537790 code [0x00007fdd45537920, 0x00007fdd45537c28]

GC Heap History (9 events):
Event: 0,608 GC heap before
{Heap before GC invocations=1 (full 0):
 PSYoungGen      total 18432K, used 15872K [0x00000000eab00000, 0x00000000ebf80000, 0x0000000100000000)
  eden space 15872K, 100% used [0x00000000eab00000,0x00000000eba80000,0x00000000eba80000)
  from space 2560K, 0% used [0x00000000ebd00000,0x00000000ebd00000,0x00000000ebf80000)
  to   space 2560K, 0% used [0x00000000eba80000,0x00000000eba80000,0x00000000ebd00000)
 ParOldGen       total 42496K, used 0K [0x00000000c0000000, 0x00000000c2980000, 0x00000000eab00000)
  object space 42496K, 0% used [0x00000000c0000000,0x00000000c0000000,0x00000000c2980000)
 Metaspace       used 5418K, capacity 6640K, committed 6784K, reserved 1056768K
  class space    used 553K, capacity 616K, committed 640K, reserved 1048576K
Event: 0,619 GC heap after
Heap after GC invocations=1 (full 0):
 PSYoungGen      total 18432K, used 2553K [0x00000000eab00000, 0x00000000ecf00000, 0x0000000100000000)
  eden space 15872K, 0% used [0x00000000eab00000,0x00000000eab00000,0x00000000eba80000)
  from space 2560K, 99% used [0x00000000eba80000,0x00000000ebcfe748,0x00000000ebd00000)
  to   space 2560K, 0% used [0x00000000ecc80000,0x00000000ecc80000,0x00000000ecf00000)
 ParOldGen       total 42496K, used 2004K [0x00000000c0000000, 0x00000000c2980000, 0x00000000eab00000)
  object space 42496K, 4% used [0x00000000c0000000,0x00000000c01f5108,0x00000000c2980000)
 Metaspace       used 5418K, capacity 6640K, committed 6784K, reserved 1056768K
  class space    used 553K, capacity 616K, committed 640K, reserved 1048576K
}
Event: 0,867 GC heap before
{Heap before GC invocations=2 (full 0):
 PSYoungGen      total 18432K, used 18425K [0x00000000eab00000, 0x00000000ecf00000, 0x0000000100000000)
  eden space 15872K, 100% used [0x00000000eab00000,0x00000000eba80000,0x00000000eba80000)
  from space 2560K, 99% used [0x00000000eba80000,0x00000000ebcfe748,0x00000000ebd00000)
  to   space 2560K, 0% used [0x00000000ecc80000,0x00000000ecc80000,0x00000000ecf00000)
 ParOldGen       total 42496K, used 2004K [0x00000000c0000000, 0x00000000c2980000, 0x00000000eab00000)
  object space 42496K, 4% used [0x00000000c0000000,0x00000000c01f5108,0x00000000c2980000)
 Metaspace       used 5508K, capacity 6768K, committed 7040K, reserved 1056768K
  class space    used 554K, capacity 616K, committed 640K, reserved 1048576K
Event: 0,888 GC heap after
Heap after GC invocations=2 (full 0):
 PSYoungGen      total 34304K, used 2542K [0x00000000eab00000, 0x00000000ecf00000, 0x0000000100000000)
  eden space 31744K, 0% used [0x00000000eab00000,0x00000000eab00000,0x00000000eca00000)
  from space 2560K, 99% used [0x00000000ecc80000,0x00000000ecefbbe8,0x00000000ecf00000)
  to   space 2560K, 0% used [0x00000000eca00000,0x00000000eca00000,0x00000000ecc80000)
 ParOldGen       total 42496K, used 4716K [0x00000000c0000000, 0x00000000c2980000, 0x00000000eab00000)
  object space 42496K, 11% used [0x00000000c0000000,0x00000000c049b320,0x00000000c2980000)
 Metaspace       used 5508K, capacity 6768K, committed 7040K, reserved 1056768K
  class space    used 554K, capacity 616K, committed 640K, reserved 1048576K
}
Event: 1,200 GC heap before
{Heap before GC invocations=3 (full 0):
 PSYoungGen      total 34304K, used 34286K [0x00000000eab00000, 0x00000000ecf00000, 0x0000000100000000)
  eden space 31744K, 100% used [0x00000000eab00000,0x00000000eca00000,0x00000000eca00000)
  from space 2560K, 99% used [0x00000000ecc80000,0x00000000ecefbbe8,0x00000000ecf00000)
  to   space 2560K, 0% used [0x00000000eca00000,0x00000000eca00000,0x00000000ecc80000)
 ParOldGen       total 42496K, used 4716K [0x00000000c0000000, 0x00000000c2980000, 0x00000000eab00000)
  object space 42496K, 11% used [0x00000000c0000000,0x00000000c049b320,0x00000000c2980000)
 Metaspace       used 5603K, capacity 6832K, committed 7040K, reserved 1056768K
  class space    used 555K, capacity 616K, committed 640K, reserved 1048576K
Event: 1,233 GC heap after
Heap after GC invocations=3 (full 0):
 PSYoungGen      total 34304K, used 2542K [0x00000000eab00000, 0x00000000eee00000, 0x0000000100000000)
  eden space 31744K, 0% used [0x00000000eab00000,0x00000000eab00000,0x00000000eca00000)
  from space 2560K, 99% used [0x00000000eca00000,0x00000000ecc7bbc8,0x00000000ecc80000)
  to   space 2560K, 0% used [0x00000000eeb80000,0x00000000eeb80000,0x00000000eee00000)
 ParOldGen       total 42496K, used 10626K [0x00000000c0000000, 0x00000000c2980000, 0x00000000eab00000)
  object space 42496K, 25% used [0x00000000c0000000,0x00000000c0a60840,0x00000000c2980000)
 Metaspace       used 5603K, capacity 6832K, committed 7040K, reserved 1056768K
  class space    used 555K, capacity 616K, committed 640K, reserved 1048576K
}
Event: 1,481 GC heap before
{Heap before GC invocations=4 (full 0):
 PSYoungGen      total 34304K, used 34286K [0x00000000eab00000, 0x00000000eee00000, 0x0000000100000000)
  eden space 31744K, 100% used [0x00000000eab00000,0x00000000eca00000,0x00000000eca00000)
  from space 2560K, 99% used [0x00000000eca00000,0x00000000ecc7bbc8,0x00000000ecc80000)
  to   space 2560K, 0% used [0x00000000eeb80000,0x00000000eeb80000,0x00000000eee00000)
 ParOldGen       total 42496K, used 10626K [0x00000000c0000000, 0x00000000c2980000, 0x00000000eab00000)
  object space 42496K, 25% used [0x00000000c0000000,0x00000000c0a60840,0x00000000c2980000)
 Metaspace       used 5687K, capacity 6896K, committed 7040K, reserved 1056768K
  class space    used 555K, capacity 616K, committed 640K, reserved 1048576K
Event: 1,497 GC heap after
Heap after GC invocations=4 (full 0):
 PSYoungGen      total 66048K, used 2554K [0x00000000eab00000, 0x00000000eee00000, 0x0000000100000000)
  eden space 63488K, 0% used [0x00000000eab00000,0x00000000eab00000,0x00000000ee900000)
  from space 2560K, 99% used [0x00000000eeb80000,0x00000000eedfe9f8,0x00000000eee00000)
  to   space 2560K, 0% used [0x00000000ee900000,0x00000000ee900000,0x00000000eeb80000)
 ParOldGen       total 42496K, used 15697K [0x00000000c0000000, 0x00000000c2980000, 0x00000000eab00000)
  object space 42496K, 36% used [0x00000000c0000000,0x00000000c0f545a0,0x00000000c2980000)
 Metaspace       used 5687K, capacity 6896K, committed 7040K, reserved 1056768K
  class space    used 555K, capacity 616K, committed 640K, reserved 1048576K
}
Event: 1,975 GC heap before
{Heap before GC invocations=5 (full 0):
 PSYoungGen      total 66048K, used 66042K [0x00000000eab00000, 0x00000000eee00000, 0x0000000100000000)
  eden space 63488K, 100% used [0x00000000eab00000,0x00000000ee900000,0x00000000ee900000)
  from space 2560K, 99% used [0x00000000eeb80000,0x00000000eedfe9f8,0x00000000eee00000)
  to   space 2560K, 0% used [0x00000000ee900000,0x00000000ee900000,0x00000000eeb80000)
 ParOldGen       total 42496K, used 15697K [0x00000000c0000000, 0x00000000c2980000, 0x00000000eab00000)
  object space 42496K, 36% used [0x00000000c0000000,0x00000000c0f545a0,0x00000000c2980000)
 Metaspace       used 5792K, capacity 7024K, committed 7296K, reserved 1056768K
  class space    used 556K, capacity 616K, committed 640K, reserved 1048576K

Deoptimization events (10 events):
Event: 0,352 Thread 0x00007fdd5400a000 Uncommon trap: reason=unstable_if action=reinterpret pc=0x00007fdd45181668 method=java.lang.String.<init>([CII)V @ 18
Event: 0,441 Thread 0x00007fdd5415f000 Uncommon trap: reason=unstable_if action=reinterpret pc=0x00007fdd451cb83c method=java.util.HashMap.getNode(ILjava/lang/Object;)Ljava/util/HashMap$Node; @ 129
Event: 0,545 Thread 0x00007fdd54152000 Uncommon trap: reason=unstable_if action=reinterpret pc=0x00007fdd45201130 method=com.android.dx.rop.code.RegisterSpec.equals(ILcom/android/dx/rop/type/TypeBearer;Lcom/android/dx/rop/code/LocalItem;)Z @ 24
Event: 0,547 Thread 0x00007fdd5415f000 Uncommon trap: reason=unstable_if action=reinterpret pc=0x00007fdd451ef9fc method=java.util.BitSet.ensureCapacity(I)V @ 6
Event: 0,554 Thread 0x00007fdd5415e000 Uncommon trap: reason=unstable_if action=reinterpret pc=0x00007fdd45200504 method=com.android.dx.rop.code.RegisterSpec.equals(ILcom/android/dx/rop/type/TypeBearer;Lcom/android/dx/rop/code/LocalItem;)Z @ 24
Event: 0,740 Thread 0x00007fdd5415f000 Uncommon trap: reason=unloaded action=reinterpret pc=0x00007fdd4527ddfc method=com.android.dx.ssa.SsaRenamer$BlockRenamer.visitMoveInsn(Lcom/android/dx/ssa/NormalSsaInsn;)V @ 208
Event: 0,767 Thread 0x00007fdd5400a000 Uncommon trap: reason=unloaded action=reinterpret pc=0x00007fdd451e37e8 method=com.android.dx.cf.cst.ConstantPoolParser.parse0(ILjava/util/BitSet;)Lcom/android/dx/rop/cst/Constant; @ 220
Event: 1,010 Thread 0x00007fdd54141800 Uncommon trap: reason=null_check action=make_not_entrant pc=0x00007fdd452d0a20 method=com.android.dx.ssa.SsaRenamer.getLocalForNewReg(I)Lcom/android/dx/rop/code/LocalItem; @ 19
Event: 1,025 Thread 0x00007fdd5400a000 Uncommon trap: reason=unstable_if action=reinterpret pc=0x00007fdd45283e04 method=com.android.dx.rop.code.RegisterSpec.equals(ILcom/android/dx/rop/type/TypeBearer;Lcom/android/dx/rop/code/LocalItem;)Z @ 42
Event: 1,564 Thread 0x00007fdd5400a000 Uncommon trap: reason=unstable_if action=reinterpret pc=0x00007fdd453c3874 method=com.android.dx.ssa.SsaRenamer$BlockRenamer.addMapping(ILcom/android/dx/rop/code/RegisterSpec;)V @ 120

Internal exceptions (3 events):
Event: 0,081 Thread 0x00007fdd5400a000 Exception <a 'java/lang/NoSuchMethodError': Method sun.misc.Unsafe.defineClass(Ljava/lang/String;[BII)Ljava/lang/Class; name or signature does not match> (0x00000000eab07c78) thrown at [/ssd/Android/AOSP-openjdk/external/jetbrains/jdk/hotspot/src/share/vm
Event: 0,081 Thread 0x00007fdd5400a000 Exception <a 'java/lang/NoSuchMethodError': Method sun.misc.Unsafe.prefetchRead(Ljava/lang/Object;J)V name or signature does not match> (0x00000000eab07f60) thrown at [/ssd/Android/AOSP-openjdk/external/jetbrains/jdk/hotspot/src/share/vm/prims/jni.cpp, li
Event: 1,010 Thread 0x00007fdd54141800 Implicit null exception at 0x00007fdd452ce10b to 0x00007fdd452d09ed

Events (10 events):
Event: 1,734 Thread 0x00007fdd54152000 DEOPT UNPACKING pc=0x00007fdd45047373 sp=0x00007fdd34f13088 mode 0
Event: 1,752 Thread 0x00007fdd5400a000 DEOPT PACKING pc=0x00007fdd453ad818 sp=0x00007fdd5c310670
Event: 1,752 Thread 0x00007fdd5400a000 DEOPT UNPACKING pc=0x00007fdd45047373 sp=0x00007fdd5c3103f0 mode 0
Event: 1,859 Thread 0x00007fdd5415f000 DEOPT PACKING pc=0x00007fdd4542ebaf sp=0x00007fdd34d10f40
Event: 1,859 Thread 0x00007fdd5415f000 DEOPT UNPACKING pc=0x00007fdd45047373 sp=0x00007fdd34d10da8 mode 0
Event: 1,872 Thread 0x00007fdd5400a000 DEOPT PACKING pc=0x00007fdd451278ca sp=0x00007fdd5c310860
Event: 1,872 Thread 0x00007fdd5400a000 DEOPT UNPACKING pc=0x00007fdd45047373 sp=0x00007fdd5c3105d8 mode 0
Event: 1,924 Thread 0x00007fdd54152000 DEOPT PACKING pc=0x00007fdd4551fff6 sp=0x00007fdd34f132a0
Event: 1,924 Thread 0x00007fdd54152000 DEOPT UNPACKING pc=0x00007fdd45047373 sp=0x00007fdd34f13028 mode 0
Event: 1,964 Executing VM operation: ParallelGCFailedAllocation


Dynamic libraries:
00400000-00401000 r-xp 00000000 08:01 6698937                            /home/gaia/code/Android/android-studio/jre/bin/java
00600000-00601000 r--p 00000000 08:01 6698937                            /home/gaia/code/Android/android-studio/jre/bin/java
00601000-00602000 rw-p 00001000 08:01 6698937                            /home/gaia/code/Android/android-studio/jre/bin/java
02060000-02081000 rw-p 00000000 00:00 0                                  [heap]
c0000000-c2980000 rw-p 00000000 00:00 0 
c2980000-eab00000 ---p 00000000 00:00 0 
eab00000-eee00000 rw-p 00000000 00:00 0 
f4400000-100000000 ---p 00000000 00:00 0 
100000000-1000a0000 rw-p 00000000 00:00 0 
1000a0000-140000000 ---p 00000000 00:00 0 
7fdcf4000000-7fdcf4021000 rw-p 00000000 00:00 0 
7fdcf4021000-7fdcf8000000 ---p 00000000 00:00 0 
7fdcfc000000-7fdcfc042000 rw-p 00000000 00:00 0 
7fdcfc042000-7fdd00000000 ---p 00000000 00:00 0 
7fdd00000000-7fdd000b3000 rw-p 00000000 00:00 0 
7fdd000b3000-7fdd04000000 ---p 00000000 00:00 0 
7fdd04000000-7fdd0409d000 rw-p 00000000 00:00 0 
7fdd0409d000-7fdd08000000 ---p 00000000 00:00 0 
7fdd08000000-7fdd08021000 rw-p 00000000 00:00 0 
7fdd08021000-7fdd0c000000 ---p 00000000 00:00 0 
7fdd0c000000-7fdd0c021000 rw-p 00000000 00:00 0 
7fdd0c021000-7fdd10000000 ---p 00000000 00:00 0 
7fdd10000000-7fdd10021000 rw-p 00000000 00:00 0 
7fdd10021000-7fdd14000000 ---p 00000000 00:00 0 
7fdd14000000-7fdd14d8e000 rw-p 00000000 00:00 0 
7fdd14d8e000-7fdd18000000 ---p 00000000 00:00 0 
7fdd18000000-7fdd188ac000 rw-p 00000000 00:00 0 
7fdd188ac000-7fdd1c000000 ---p 00000000 00:00 0 
7fdd1c000000-7fdd1c021000 rw-p 00000000 00:00 0 
7fdd1c021000-7fdd20000000 ---p 00000000 00:00 0 
7fdd20000000-7fdd20a6c000 rw-p 00000000 00:00 0 
7fdd20a6c000-7fdd24000000 ---p 00000000 00:00 0 
7fdd24000000-7fdd24021000 rw-p 00000000 00:00 0 
7fdd24021000-7fdd28000000 ---p 00000000 00:00 0 
7fdd28000000-7fdd28021000 rw-p 00000000 00:00 0 
7fdd28021000-7fdd2c000000 ---p 00000000 00:00 0 
7fdd2c000000-7fdd2c281000 rw-p 00000000 00:00 0 
7fdd2c281000-7fdd30000000 ---p 00000000 00:00 0 
7fdd30000000-7fdd30021000 rw-p 00000000 00:00 0 
7fdd30021000-7fdd34000000 ---p 00000000 00:00 0 
7fdd34c12000-7fdd34c15000 ---p 00000000 00:00 0 
7fdd34c15000-7fdd34d13000 rw-p 00000000 00:00 0 
7fdd34d13000-7fdd34d16000 ---p 00000000 00:00 0 
7fdd34d16000-7fdd34e14000 rw-p 00000000 00:00 0 
7fdd34e14000-7fdd34e17000 ---p 00000000 00:00 0 
7fdd34e17000-7fdd34f15000 rw-p 00000000 00:00 0 
7fdd34f15000-7fdd34f18000 ---p 00000000 00:00 0 
7fdd34f18000-7fdd35016000 rw-p 00000000 00:00 0 
7fdd35016000-7fdd35019000 ---p 00000000 00:00 0 
7fdd35019000-7fdd35117000 rw-p 00000000 00:00 0 
7fdd35117000-7fdd35118000 ---p 00000000 00:00 0 
7fdd35118000-7fdd35218000 rw-p 00000000 00:00 0 
7fdd35218000-7fdd3521b000 ---p 00000000 00:00 0 
7fdd3521b000-7fdd35319000 rw-p 00000000 00:00 0 
7fdd35319000-7fdd3531c000 ---p 00000000 00:00 0 
7fdd3531c000-7fdd3541a000 rw-p 00000000 00:00 0 
7fdd3541a000-7fdd3541d000 ---p 00000000 00:00 0 
7fdd3541d000-7fdd3551b000 rw-p 00000000 00:00 0 
7fdd3551b000-7fdd3551e000 ---p 00000000 00:00 0 
7fdd3551e000-7fdd3561c000 rw-p 00000000 00:00 0 
7fdd3561c000-7fdd3561f000 ---p 00000000 00:00 0 
7fdd3561f000-7fdd3571d000 rw-p 00000000 00:00 0 
7fdd3571d000-7fdd359fa000 r--p 00000000 08:01 1835757                    /usr/lib/locale/locale-archive
7fdd359fa000-7fdd359fd000 ---p 00000000 00:00 0 
7fdd359fd000-7fdd35afb000 rw-p 00000000 00:00 0 
7fdd35afb000-7fdd35afe000 ---p 00000000 00:00 0 
7fdd35afe000-7fdd35bfc000 rw-p 00000000 00:00 0 
7fdd35bfc000-7fdd35bfd000 ---p 00000000 00:00 0 
7fdd35bfd000-7fdd38000000 rw-p 00000000 00:00 0 
7fdd38000000-7fdd38021000 rw-p 00000000 00:00 0 
7fdd38021000-7fdd3c000000 ---p 00000000 00:00 0 
7fdd3c000000-7fdd3c021000 rw-p 00000000 00:00 0 
7fdd3c021000-7fdd40000000 ---p 00000000 00:00 0 
7fdd40000000-7fdd40021000 rw-p 00000000 00:00 0 
7fdd40021000-7fdd44000000 ---p 00000000 00:00 0 
7fdd44024000-7fdd44046000 r--p 00000000 08:01 3674227                    /usr/share/locale-langpack/it/LC_MESSAGES/libc.mo
7fdd44046000-7fdd44054000 r--s 000e0000 08:01 6558052                    /home/gaia/Android/Sdk/build-tools/25.0.0/lib/dx.jar
7fdd44054000-7fdd44e80000 rw-p 00000000 00:00 0 
7fdd44e80000-7fdd45000000 ---p 00000000 00:00 0 
7fdd45000000-7fdd45540000 rwxp 00000000 00:00 0 
7fdd45540000-7fdd54000000 ---p 00000000 00:00 0 
7fdd54000000-7fdd54390000 rw-p 00000000 00:00 0 
7fdd54390000-7fdd58000000 ---p 00000000 00:00 0 
7fdd58003000-7fdd58508000 rw-p 00000000 00:00 0 
7fdd58508000-7fdd586d7000 r--s 03c1b000 08:01 6698995                    /home/gaia/code/Android/android-studio/jre/jre/lib/rt.jar
7fdd586d7000-7fdd5894d000 rw-p 00000000 00:00 0 
7fdd5894d000-7fdd5894e000 ---p 00000000 00:00 0 
7fdd5894e000-7fdd58a4e000 rw-p 00000000 00:00 0 
7fdd58a4e000-7fdd58a4f000 ---p 00000000 00:00 0 
7fdd58a4f000-7fdd58b4f000 rw-p 00000000 00:00 0 
7fdd58b4f000-7fdd58b50000 ---p 00000000 00:00 0 
7fdd58b50000-7fdd58c50000 rw-p 00000000 00:00 0 
7fdd58c50000-7fdd58c51000 ---p 00000000 00:00 0 
7fdd58c51000-7fdd58d66000 rw-p 00000000 00:00 0 
7fdd58d66000-7fdd58ea7000 ---p 00000000 00:00 0 
7fdd58ea7000-7fdd58ebc000 rw-p 00000000 00:00 0 
7fdd58ebc000-7fdd58ffc000 ---p 00000000 00:00 0 
7fdd58ffc000-7fdd5901e000 rw-p 00000000 00:00 0 
7fdd5901e000-7fdd590a7000 ---p 00000000 00:00 0 
7fdd590a7000-7fdd590bd000 rw-p 00000000 00:00 0 
7fdd590bd000-7fdd59468000 ---p 00000000 00:00 0 
7fdd59468000-7fdd59482000 r-xp 00000000 08:01 6819923                    /home/gaia/code/Android/android-studio/jre/jre/lib/amd64/libzip.so
7fdd59482000-7fdd59682000 ---p 0001a000 08:01 6819923                    /home/gaia/code/Android/android-studio/jre/jre/lib/amd64/libzip.so
7fdd59682000-7fdd59683000 r--p 0001a000 08:01 6819923                    /home/gaia/code/Android/android-studio/jre/jre/lib/amd64/libzip.so
7fdd59683000-7fdd59684000 rw-p 0001b000 08:01 6819923                    /home/gaia/code/Android/android-studio/jre/jre/lib/amd64/libzip.so
7fdd59684000-7fdd5968f000 r-xp 00000000 08:01 1311084                    /lib/x86_64-linux-gnu/libnss_files-2.24.so
7fdd5968f000-7fdd5988e000 ---p 0000b000 08:01 1311084                    /lib/x86_64-linux-gnu/libnss_files-2.24.so
7fdd5988e000-7fdd5988f000 r--p 0000a000 08:01 1311084                    /lib/x86_64-linux-gnu/libnss_files-2.24.so
7fdd5988f000-7fdd59890000 rw-p 0000b000 08:01 1311084                    /lib/x86_64-linux-gnu/libnss_files-2.24.so
7fdd59890000-7fdd59896000 rw-p 00000000 00:00 0 
7fdd59896000-7fdd598a1000 r-xp 00000000 08:01 1311086                    /lib/x86_64-linux-gnu/libnss_nis-2.24.so
7fdd598a1000-7fdd59aa0000 ---p 0000b000 08:01 1311086                    /lib/x86_64-linux-gnu/libnss_nis-2.24.so
7fdd59aa0000-7fdd59aa1000 r--p 0000a000 08:01 1311086                    /lib/x86_64-linux-gnu/libnss_nis-2.24.so
7fdd59aa1000-7fdd59aa2000 rw-p 0000b000 08:01 1311086                    /lib/x86_64-linux-gnu/libnss_nis-2.24.so
7fdd59aa2000-7fdd59ab8000 r-xp 00000000 08:01 1311081                    /lib/x86_64-linux-gnu/libnsl-2.24.so
7fdd59ab8000-7fdd59cb7000 ---p 00016000 08:01 1311081                    /lib/x86_64-linux-gnu/libnsl-2.24.so
7fdd59cb7000-7fdd59cb8000 r--p 00015000 08:01 1311081                    /lib/x86_64-linux-gnu/libnsl-2.24.so
7fdd59cb8000-7fdd59cb9000 rw-p 00016000 08:01 1311081                    /lib/x86_64-linux-gnu/libnsl-2.24.so
7fdd59cb9000-7fdd59cbb000 rw-p 00000000 00:00 0 
7fdd59cbb000-7fdd59cc3000 r-xp 00000000 08:01 1311082                    /lib/x86_64-linux-gnu/libnss_compat-2.24.so
7fdd59cc3000-7fdd59ec2000 ---p 00008000 08:01 1311082                    /lib/x86_64-linux-gnu/libnss_compat-2.24.so
7fdd59ec2000-7fdd59ec3000 r--p 00007000 08:01 1311082                    /lib/x86_64-linux-gnu/libnss_compat-2.24.so
7fdd59ec3000-7fdd59ec4000 rw-p 00008000 08:01 1311082                    /lib/x86_64-linux-gnu/libnss_compat-2.24.so
7fdd59ec4000-7fdd59ef1000 r-xp 00000000 08:01 6819933                    /home/gaia/code/Android/android-studio/jre/jre/lib/amd64/libjava.so
7fdd59ef1000-7fdd5a0f0000 ---p 0002d000 08:01 6819933                    /home/gaia/code/Android/android-studio/jre/jre/lib/amd64/libjava.so
7fdd5a0f0000-7fdd5a0f1000 r--p 0002c000 08:01 6819933                    /home/gaia/code/Android/android-studio/jre/jre/lib/amd64/libjava.so
7fdd5a0f1000-7fdd5a0f3000 rw-p 0002d000 08:01 6819933                    /home/gaia/code/Android/android-studio/jre/jre/lib/amd64/libjava.so
7fdd5a0f3000-7fdd5a103000 r-xp 00000000 08:01 6819949                    /home/gaia/code/Android/android-studio/jre/jre/lib/amd64/libverify.so
7fdd5a103000-7fdd5a302000 ---p 00010000 08:01 6819949                    /home/gaia/code/Android/android-studio/jre/jre/lib/amd64/libverify.so
7fdd5a302000-7fdd5a304000 r--p 0000f000 08:01 6819949                    /home/gaia/code/Android/android-studio/jre/jre/lib/amd64/libverify.so
7fdd5a304000-7fdd5a305000 rw-p 00011000 08:01 6819949                    /home/gaia/code/Android/android-studio/jre/jre/lib/amd64/libverify.so
7fdd5a305000-7fdd5a30c000 r-xp 00000000 08:01 1311091                    /lib/x86_64-linux-gnu/librt-2.24.so
7fdd5a30c000-7fdd5a50b000 ---p 00007000 08:01 1311091                    /lib/x86_64-linux-gnu/librt-2.24.so
7fdd5a50b000-7fdd5a50c000 r--p 00006000 08:01 1311091                    /lib/x86_64-linux-gnu/librt-2.24.so
7fdd5a50c000-7fdd5a50d000 rw-p 00007000 08:01 1311091                    /lib/x86_64-linux-gnu/librt-2.24.so
7fdd5a50d000-7fdd5a615000 r-xp 00000000 08:01 1311078                    /lib/x86_64-linux-gnu/libm-2.24.so
7fdd5a615000-7fdd5a814000 ---p 00108000 08:01 1311078                    /lib/x86_64-linux-gnu/libm-2.24.so
7fdd5a814000-7fdd5a815000 r--p 00107000 08:01 1311078                    /lib/x86_64-linux-gnu/libm-2.24.so
7fdd5a815000-7fdd5a816000 rw-p 00108000 08:01 1311078                    /lib/x86_64-linux-gnu/libm-2.24.so
7fdd5a816000-7fdd5b407000 r-xp 00000000 08:01 6819953                    /home/gaia/code/Android/android-studio/jre/jre/lib/amd64/server/libjvm.so
7fdd5b407000-7fdd5b607000 ---p 00bf1000 08:01 6819953                    /home/gaia/code/Android/android-studio/jre/jre/lib/amd64/server/libjvm.so
7fdd5b607000-7fdd5b6a6000 r--p 00bf1000 08:01 6819953                    /home/gaia/code/Android/android-studio/jre/jre/lib/amd64/server/libjvm.so
7fdd5b6a6000-7fdd5b6cf000 rw-p 00c90000 08:01 6819953                    /home/gaia/code/Android/android-studio/jre/jre/lib/amd64/server/libjvm.so
7fdd5b6cf000-7fdd5b713000 rw-p 00000000 00:00 0 
7fdd5b713000-7fdd5b72b000 r-xp 00000000 08:01 1311089                    /lib/x86_64-linux-gnu/libpthread-2.24.so
7fdd5b72b000-7fdd5b92b000 ---p 00018000 08:01 1311089                    /lib/x86_64-linux-gnu/libpthread-2.24.so
7fdd5b92b000-7fdd5b92c000 r--p 00018000 08:01 1311089                    /lib/x86_64-linux-gnu/libpthread-2.24.so
7fdd5b92c000-7fdd5b92d000 rw-p 00019000 08:01 1311089                    /lib/x86_64-linux-gnu/libpthread-2.24.so
7fdd5b92d000-7fdd5b931000 rw-p 00000000 00:00 0 
7fdd5b931000-7fdd5b934000 r-xp 00000000 08:01 1311077                    /lib/x86_64-linux-gnu/libdl-2.24.so
7fdd5b934000-7fdd5bb33000 ---p 00003000 08:01 1311077                    /lib/x86_64-linux-gnu/libdl-2.24.so
7fdd5bb33000-7fdd5bb34000 r--p 00002000 08:01 1311077                    /lib/x86_64-linux-gnu/libdl-2.24.so
7fdd5bb34000-7fdd5bb35000 rw-p 00003000 08:01 1311077                    /lib/x86_64-linux-gnu/libdl-2.24.so
7fdd5bb35000-7fdd5bcf3000 r-xp 00000000 08:01 1311074                    /lib/x86_64-linux-gnu/libc-2.24.so
7fdd5bcf3000-7fdd5bef2000 ---p 001be000 08:01 1311074                    /lib/x86_64-linux-gnu/libc-2.24.so
7fdd5bef2000-7fdd5bef6000 r--p 001bd000 08:01 1311074                    /lib/x86_64-linux-gnu/libc-2.24.so
7fdd5bef6000-7fdd5bef8000 rw-p 001c1000 08:01 1311074                    /lib/x86_64-linux-gnu/libc-2.24.so
7fdd5bef8000-7fdd5befc000 rw-p 00000000 00:00 0 
7fdd5befc000-7fdd5bf12000 r-xp 00000000 08:01 6698911                    /home/gaia/code/Android/android-studio/jre/lib/amd64/jli/libjli.so
7fdd5bf12000-7fdd5c111000 ---p 00016000 08:01 6698911                    /home/gaia/code/Android/android-studio/jre/lib/amd64/jli/libjli.so
7fdd5c111000-7fdd5c112000 r--p 00015000 08:01 6698911                    /home/gaia/code/Android/android-studio/jre/lib/amd64/jli/libjli.so
7fdd5c112000-7fdd5c113000 rw-p 00016000 08:01 6698911                    /home/gaia/code/Android/android-studio/jre/lib/amd64/jli/libjli.so
7fdd5c113000-7fdd5c139000 r-xp 00000000 08:01 1310819                    /lib/x86_64-linux-gnu/ld-2.24.so
7fdd5c13a000-7fdd5c141000 r--s 00000000 08:01 2104802                    /usr/lib/x86_64-linux-gnu/gconv/gconv-modules.cache
7fdd5c141000-7fdd5c212000 rw-p 00000000 00:00 0 
7fdd5c212000-7fdd5c215000 ---p 00000000 00:00 0 
7fdd5c215000-7fdd5c315000 rw-p 00000000 00:00 0 
7fdd5c317000-7fdd5c32b000 rw-p 00000000 00:00 0 
7fdd5c32b000-7fdd5c333000 rw-s 00000000 08:01 2762242                    /tmp/hsperfdata_gaia/8319
7fdd5c333000-7fdd5c334000 rw-p 00000000 00:00 0 
7fdd5c334000-7fdd5c335000 ---p 00000000 00:00 0 
7fdd5c335000-7fdd5c338000 rw-p 00000000 00:00 0 
7fdd5c338000-7fdd5c339000 r--p 00025000 08:01 1310819                    /lib/x86_64-linux-gnu/ld-2.24.so
7fdd5c339000-7fdd5c33a000 rw-p 00026000 08:01 1310819                    /lib/x86_64-linux-gnu/ld-2.24.so
7fdd5c33a000-7fdd5c33b000 rw-p 00000000 00:00 0 
7ffe719b1000-7ffe719d2000 rw-p 00000000 00:00 0                          [stack]
7ffe719fa000-7ffe719fc000 r--p 00000000 00:00 0                          [vvar]
7ffe719fc000-7ffe719fe000 r-xp 00000000 00:00 0                          [vdso]
ffffffffff600000-ffffffffff601000 r-xp 00000000 00:00 0                  [vsyscall]

VM Arguments:
jvm_args: -Djava.awt.headless=true -Xmx1024M -Dfile.encoding=UTF-8 -Duser.country=IT -Duser.language=it -Duser.variant 
java_command: com.android.dx.command.Main --dex --force-jumbo --num-threads=4 --multi-dex --output /home/gaia/AndroidStudioProjects/8Chesifaoggi (copy)- pretest con errore locandina lista/app/build/intermediates/transforms/dex/debug/folders/1000/5/slice_2 /home/gaia/AndroidStudioProjects/8Chesifaoggi (copy)- pretest con errore locandina lista/app/build/intermediates/transforms/instantRunSlicer/debug/folders/1/5/slice_2
java_class_path (initial): /home/gaia/Android/Sdk/build-tools/25.0.0/lib/dx.jar
Launcher Type: SUN_STANDARD

Environment Variables:
PATH=/usr/local/sbin:/usr/local/bin:/usr/sbin:/usr/bin:/sbin:/bin:/usr/games:/usr/local/games:/snap/bin
LD_LIBRARY_PATH=.:
SHELL=/bin/bash
DISPLAY=:0

Signal Handlers:
SIGSEGV: [libjvm.so+0x9e5150], sa_mask[0]=11111111011111111101111111111110, sa_flags=SA_RESTART|SA_SIGINFO
SIGBUS: [libjvm.so+0x9e5150], sa_mask[0]=11111111011111111101111111111110, sa_flags=SA_RESTART|SA_SIGINFO
SIGFPE: [libjvm.so+0x848450], sa_mask[0]=11111111011111111101111111111110, sa_flags=SA_RESTART|SA_SIGINFO
SIGPIPE: [libjvm.so+0x848450], sa_mask[0]=11111111011111111101111111111110, sa_flags=SA_RESTART|SA_SIGINFO
SIGXFSZ: [libjvm.so+0x848450], sa_mask[0]=11111111011111111101111111111110, sa_flags=SA_RESTART|SA_SIGINFO
SIGILL: [libjvm.so+0x848450], sa_mask[0]=11111111011111111101111111111110, sa_flags=SA_RESTART|SA_SIGINFO
SIGUSR1: SIG_DFL, sa_mask[0]=00000000000000000000000000000000, sa_flags=none
SIGUSR2: [libjvm.so+0x848320], sa_mask[0]=00100000000000000000000000000000, sa_flags=SA_RESTART|SA_SIGINFO
SIGHUP: [libjvm.so+0x848510], sa_mask[0]=11111111011111111101111111111110, sa_flags=SA_RESTART|SA_SIGINFO
SIGINT: [libjvm.so+0x848510], sa_mask[0]=11111111011111111101111111111110, sa_flags=SA_RESTART|SA_SIGINFO
SIGTERM: [libjvm.so+0x848510], sa_mask[0]=11111111011111111101111111111110, sa_flags=SA_RESTART|SA_SIGINFO
SIGQUIT: [libjvm.so+0x848510], sa_mask[0]=11111111011111111101111111111110, sa_flags=SA_RESTART|SA_SIGINFO


---------------  S Y S T E M  ---------------

OS:DISTRIB_ID=Ubuntu
DISTRIB_RELEASE=17.04
DISTRIB_CODENAME=zesty
DISTRIB_DESCRIPTION="Ubuntu 17.04"

uname:Linux 4.10.0-32-generic #36-Ubuntu SMP Tue Aug 8 12:10:06 UTC 2017 x86_64
libc:glibc 2.24 NPTL 2.24 
rlimit: STACK 8192k, CORE 0k, NPROC 15016, NOFILE 4096, AS infinity
load average:1,10 1,23 1,39

/proc/meminfo:
MemTotal:        3945356 kB
MemFree:           86172 kB
MemAvailable:          0 kB
Buffers:            1032 kB
Cached:           522640 kB
SwapCached:        17516 kB
Active:          3018528 kB
Inactive:         612620 kB
Active(anon):    3007596 kB
Inactive(anon):   601284 kB
Active(file):      10932 kB
Inactive(file):    11336 kB
Unevictable:          48 kB
Mlocked:              48 kB
SwapTotal:       2097148 kB
SwapFree:              0 kB
Dirty:               416 kB
Writeback:          1540 kB
AnonPages:       3090680 kB
Mapped:           133592 kB
Shmem:            501076 kB
Slab:              84584 kB
SReclaimable:      39780 kB
SUnreclaim:        44804 kB
KernelStack:       12352 kB
PageTables:        48768 kB
NFS_Unstable:          0 kB
Bounce:                0 kB
WritebackTmp:          0 kB
CommitLimit:     4069824 kB
Committed_AS:   10377648 kB
VmallocTotal:   34359738367 kB
VmallocUsed:           0 kB
VmallocChunk:          0 kB
HardwareCorrupted:     0 kB
AnonHugePages:    462848 kB
ShmemHugePages:        0 kB
ShmemPmdMapped:        0 kB
CmaTotal:              0 kB
CmaFree:               0 kB
HugePages_Total:       0
HugePages_Free:        0
HugePages_Rsvd:        0
HugePages_Surp:        0
Hugepagesize:       2048 kB
DirectMap4k:      169244 kB
DirectMap2M:     3926016 kB
DirectMap1G:           0 kB


CPU:total 4 (2 cores per cpu, 2 threads per core) family 6 model 61 stepping 4, cmov, cx8, fxsr, mmx, sse, sse2, sse3, ssse3, sse4.1, sse4.2, popcnt, avx, avx2, aes, clmul, erms, 3dnowpref, lzcnt, ht, tsc, tscinvbit, bmi1, bmi2, adx

/proc/cpuinfo:
processor	: 0
vendor_id	: GenuineIntel
cpu family	: 6
model		: 61
model name	: Intel(R) Core(TM) i7-5500U CPU @ 2.40GHz
stepping	: 4
microcode	: 0x24
cpu MHz		: 2899.951
cache size	: 4096 KB
physical id	: 0
siblings	: 4
core id		: 0
cpu cores	: 2
apicid		: 0
initial apicid	: 0
fpu		: yes
fpu_exception	: yes
cpuid level	: 20
wp		: yes
flags		: fpu vme de pse tsc msr pae mce cx8 apic sep mtrr pge mca cmov pat pse36 clflush dts acpi mmx fxsr sse sse2 ss ht tm pbe syscall nx pdpe1gb rdtscp lm constant_tsc arch_perfmon pebs bts rep_good nopl xtopology nonstop_tsc aperfmperf pni pclmulqdq dtes64 monitor ds_cpl vmx est tm2 ssse3 sdbg fma cx16 xtpr pdcm pcid sse4_1 sse4_2 x2apic movbe popcnt tsc_deadline_timer aes xsave avx f16c rdrand lahf_lm abm 3dnowprefetch epb intel_pt tpr_shadow vnmi flexpriority ept vpid fsgsbase tsc_adjust bmi1 avx2 smep bmi2 erms invpcid rdseed adx smap xsaveopt dtherm ida arat pln pts
bugs		:
bogomips	: 4788.48
clflush size	: 64
cache_alignment	: 64
address sizes	: 39 bits physical, 48 bits virtual
power management:

processor	: 1
vendor_id	: GenuineIntel
cpu family	: 6
model		: 61
model name	: Intel(R) Core(TM) i7-5500U CPU @ 2.40GHz
stepping	: 4
microcode	: 0x24
cpu MHz		: 2899.951
cache size	: 4096 KB
physical id	: 0
siblings	: 4
core id		: 1
cpu cores	: 2
apicid		: 2
initial apicid	: 2
fpu		: yes
fpu_exception	: yes
cpuid level	: 20
wp		: yes
flags		: fpu vme de pse tsc msr pae mce cx8 apic sep mtrr pge mca cmov pat pse36 clflush dts acpi mmx fxsr sse sse2 ss ht tm pbe syscall nx pdpe1gb rdtscp lm constant_tsc arch_perfmon pebs bts rep_good nopl xtopology nonstop_tsc aperfmperf pni pclmulqdq dtes64 monitor ds_cpl vmx est tm2 ssse3 sdbg fma cx16 xtpr pdcm pcid sse4_1 sse4_2 x2apic movbe popcnt tsc_deadline_timer aes xsave avx f16c rdrand lahf_lm abm 3dnowprefetch epb intel_pt tpr_shadow vnmi flexpriority ept vpid fsgsbase tsc_adjust bmi1 avx2 smep bmi2 erms invpcid rdseed adx smap xsaveopt dtherm ida arat pln pts
bugs		:
bogomips	: 4788.48
clflush size	: 64
cache_alignment	: 64
address sizes	: 39 bits physical, 48 bits virtual
power management:

processor	: 2
vendor_id	: GenuineIntel
cpu family	: 6
model		: 61
model name	: Intel(R) Core(TM) i7-5500U CPU @ 2.40GHz
stepping	: 4
microcode	: 0x24
cpu MHz		: 2899.951
cache size	: 4096 KB
physical id	: 0
siblings	: 4
core id		: 0
cpu cores	: 2
apicid		: 1
initial apicid	: 1
fpu		: yes
fpu_exception	: yes
cpuid level	: 20
wp		: yes
flags		: fpu vme de pse tsc msr pae mce cx8 apic sep mtrr pge mca cmov pat pse36 clflush dts acpi mmx fxsr sse sse2 ss ht tm pbe syscall nx pdpe1gb rdtscp lm constant_tsc arch_perfmon pebs bts rep_good nopl xtopology nonstop_tsc aperfmperf pni pclmulqdq dtes64 monitor ds_cpl vmx est tm2 ssse3 sdbg fma cx16 xtpr pdcm pcid sse4_1 sse4_2 x2apic movbe popcnt tsc_deadline_timer aes xsave avx f16c rdrand lahf_lm abm 3dnowprefetch epb intel_pt tpr_shadow vnmi flexpriority ept vpid fsgsbase tsc_adjust bmi1 avx2 smep bmi2 erms invpcid rdseed adx smap xsaveopt dtherm ida arat pln pts
bugs		:
bogomips	: 4788.48
clflush size	: 64
cache_alignment	: 64
address sizes	: 39 bits physical, 48 bits virtual
power management:

processor	: 3
vendor_id	: GenuineIntel
cpu family	: 6
model		: 61
model name	: Intel(R) Core(TM) i7-5500U CPU @ 2.40GHz
stepping	: 4
microcode	: 0x24
cpu MHz		: 2899.951
cache size	: 4096 KB
physical id	: 0
siblings	: 4
core id		: 1
cpu cores	: 2
apicid		: 3
initial apicid	: 3
fpu		: yes
fpu_exception	: yes
cpuid level	: 20
wp		: yes
flags		: fpu vme de pse tsc msr pae mce cx8 apic sep mtrr pge mca cmov pat pse36 clflush dts acpi mmx fxsr sse sse2 ss ht tm pbe syscall nx pdpe1gb rdtscp lm constant_tsc arch_perfmon pebs bts rep_good nopl xtopology nonstop_tsc aperfmperf pni pclmulqdq dtes64 monitor ds_cpl vmx est tm2 ssse3 sdbg fma cx16 xtpr pdcm pcid sse4_1 sse4_2 x2apic movbe popcnt tsc_deadline_timer aes xsave avx f16c rdrand lahf_lm abm 3dnowprefetch epb intel_pt tpr_shadow vnmi flexpriority ept vpid fsgsbase tsc_adjust bmi1 avx2 smep bmi2 erms invpcid rdseed adx smap xsaveopt dtherm ida arat pln pts
bugs		:
bogomips	: 4788.48
clflush size	: 64
cache_alignment	: 64
address sizes	: 39 bits physical, 48 bits virtual
power management:



Memory: 4k page, physical 3945356k(85924k free), swap 2097148k(0k free)

vm_info: OpenJDK 64-Bit Server VM (25.112-b06) for linux-amd64 JRE (1.8.0_112-release-b06), built on Dec  6 2016 12:11:18 by "builder" with gcc 4.8.4

time: Sat Aug 19 10:28:35 2017
elapsed time: 2 seconds (0d 0h 0m 2s)

