#
# There is insufficient memory for the Java Runtime Environment to continue.
# Native memory allocation (mmap) failed to map 96468992 bytes for committing reserved memory.
# Possible reasons:
#   The system is out of physical RAM or swap space
#   In 32 bit mode, the process size limit was hit
# Possible solutions:
#   Reduce memory load on the system
#   Increase physical memory or swap space
#   Check if swap backing store is full
#   Use 64 bit Java on a 64 bit OS
#   Decrease Java heap size (-Xmx/-Xms)
#   Decrease number of Java threads
#   Decrease Java thread stack sizes (-Xss)
#   Set larger code cache with -XX:ReservedCodeCacheSize=
# This output file may be truncated or incomplete.
#
#  Out of Memory Error (os_linux.cpp:2627), pid=15986, tid=0x00007f4954e43700
#
# JRE version: OpenJDK Runtime Environment (8.0_112-b06) (build 1.8.0_112-release-b06)
# Java VM: OpenJDK 64-Bit Server VM (25.112-b06 mixed mode linux-amd64 compressed oops)
# Failed to write core dump. Core dumps have been disabled. To enable core dumping, try "ulimit -c unlimited" before starting Java again
#

---------------  T H R E A D  ---------------

Current thread (0x00007f4968077800):  VMThread [stack: 0x00007f4954d43000,0x00007f4954e44000] [id=15997]

Stack: [0x00007f4954d43000,0x00007f4954e44000],  sp=0x00007f4954e424c0,  free space=1021k
Native frames: (J=compiled Java code, j=interpreted, Vv=VM code, C=native code)
V  [libjvm.so+0x9e465d]  VMError::report_and_die()+0x15d
V  [libjvm.so+0x4b6ada]  report_vm_out_of_memory(char const*, int, unsigned long, VMErrorType, char const*)+0x8a
V  [libjvm.so+0x84c860]  os::pd_commit_memory(char*, unsigned long, unsigned long, bool)+0xf0
V  [libjvm.so+0x84737f]  os::commit_memory(char*, unsigned long, unsigned long, bool)+0x1f
V  [libjvm.so+0x8bd3db]  PSVirtualSpace::expand_by(unsigned long)+0x5b
V  [libjvm.so+0x8be050]  PSYoungGen::resize_generation(unsigned long, unsigned long)+0xb0
V  [libjvm.so+0x8be36b]  PSYoungGen::resize(unsigned long, unsigned long)+0x1b
V  [libjvm.so+0x8baa5c]  PSScavenge::invoke_no_policy()+0xdac
V  [libjvm.so+0x8bb238]  PSScavenge::invoke()+0x38
V  [libjvm.so+0x86fcf3]  ParallelScavengeHeap::failed_mem_allocate(unsigned long)+0x63
V  [libjvm.so+0x9e6124]  VM_ParallelGCFailedAllocation::doit()+0x84
V  [libjvm.so+0x9ea537]  VM_Operation::evaluate()+0x47
V  [libjvm.so+0x9e8ff8]  VMThread::evaluate_operation(VM_Operation*)+0x2c8
V  [libjvm.so+0x9e9479]  VMThread::loop()+0x219
V  [libjvm.so+0x9e98c2]  VMThread::run()+0x72
V  [libjvm.so+0x849c82]  java_start(Thread*)+0xf2

VM_Operation (0x00007f4917ffdfd0): ParallelGCFailedAllocation, mode: safepoint, requested by thread 0x00007f4968143800


---------------  P R O C E S S  ---------------

Java Threads: ( => current thread )
  0x00007f4968146800 JavaThread "pool-2-thread-4" [_thread_blocked, id=16010, stack(0x00007f4917cfd000,0x00007f4917dfe000)]
  0x00007f4968145800 JavaThread "pool-2-thread-3" [_thread_blocked, id=16009, stack(0x00007f4917dfe000,0x00007f4917eff000)]
  0x00007f4968143800 JavaThread "pool-2-thread-2" [_thread_blocked, id=16008, stack(0x00007f4917eff000,0x00007f4918000000)]
  0x00007f4968133800 JavaThread "pool-3-thread-1" [_thread_blocked, id=16007, stack(0x00007f495405c000,0x00007f495415d000)]
  0x00007f4968131800 JavaThread "pool-2-thread-1" [_thread_blocked, id=16006, stack(0x00007f495415d000,0x00007f495425e000)]
  0x00007f49680c0000 JavaThread "Service Thread" daemon [_thread_blocked, id=16004, stack(0x00007f495435f000,0x00007f4954460000)]
  0x00007f49680bd000 JavaThread "C1 CompilerThread2" daemon [_thread_blocked, id=16003, stack(0x00007f4954460000,0x00007f4954561000)]
  0x00007f49680bb000 JavaThread "C2 CompilerThread1" daemon [_thread_blocked, id=16002, stack(0x00007f4954561000,0x00007f4954662000)]
  0x00007f49680b8800 JavaThread "C2 CompilerThread0" daemon [_thread_blocked, id=16001, stack(0x00007f4954662000,0x00007f4954763000)]
  0x00007f49680b7000 JavaThread "Signal Dispatcher" daemon [_thread_blocked, id=16000, stack(0x00007f4954763000,0x00007f4954864000)]
  0x00007f4968084000 JavaThread "Finalizer" daemon [_thread_blocked, id=15999, stack(0x00007f4954b41000,0x00007f4954c42000)]
  0x00007f496807f800 JavaThread "Reference Handler" daemon [_thread_blocked, id=15998, stack(0x00007f4954c42000,0x00007f4954d43000)]
  0x00007f496800a000 JavaThread "main" [_thread_blocked, id=15992, stack(0x00007f496f322000,0x00007f496f423000)]

Other Threads:
=>0x00007f4968077800 VMThread [stack: 0x00007f4954d43000,0x00007f4954e44000] [id=15997]
  0x00007f49680c2800 WatcherThread [stack: 0x00007f495425e000,0x00007f495435f000] [id=16005]

VM state:at safepoint (normal execution)

VM Mutex/Monitor currently owned by a thread:  ([mutex/lock_event])
[0x00007f4968006790] Threads_lock - owner thread: 0x00007f4968077800
[0x00007f4968006c90] Heap_lock - owner thread: 0x00007f4968143800

Heap:
 PSYoungGen      total 66048K, used 2545K [0x00000000eab00000, 0x00000000eee00000, 0x0000000100000000)
  eden space 63488K, 0% used [0x00000000eab00000,0x00000000eab00000,0x00000000ee900000)
  from space 2560K, 99% used [0x00000000ee900000,0x00000000eeb7c740,0x00000000eeb80000)
  to   space 2560K, 0% used [0x00000000eeb80000,0x00000000eeb80000,0x00000000eee00000)
 ParOldGen       total 42496K, used 33053K [0x00000000c0000000, 0x00000000c2980000, 0x00000000eab00000)
  object space 42496K, 77% used [0x00000000c0000000,0x00000000c20476d8,0x00000000c2980000)
 Metaspace       used 5800K, capacity 7024K, committed 7296K, reserved 1056768K
  class space    used 556K, capacity 616K, committed 640K, reserved 1048576K

Card table byte_map: [0x00007f4958dff000,0x00007f4959000000] byte_map_base: 0x00007f49587ff000

Marking Bits: (ParMarkBitMap*) 0x00007f496e7f4340
 Begin Bits: [0x00007f49569fb000, 0x00007f49579fb000)
 End Bits:   [0x00007f49579fb000, 0x00007f49589fb000)

Polling page: 0x00007f496f444000

CodeCache: size=245760Kb used=5631Kb max_used=5647Kb free=240128Kb
 bounds [0x00007f4959000000, 0x00007f4959590000, 0x00007f4968000000]
 total_blobs=1665 nmethods=1405 adapters=175
 compilation: enabled

Compilation events (10 events):
Event: 2,241 Thread 0x00007f49680bd000 1478       2       com.android.dx.util.ListIntSet::iterator (9 bytes)
Event: 2,241 Thread 0x00007f49680bd000 nmethod 1478 0x00007f4959569ad0 code [0x00007f4959569c40, 0x00007f4959569df0]
Event: 2,241 Thread 0x00007f49680bd000 1479       2       com.android.dx.util.ListIntSet$1::<init> (15 bytes)
Event: 2,241 Thread 0x00007f49680bd000 nmethod 1479 0x00007f4959569790 code [0x00007f49595698e0, 0x00007f4959569a50]
Event: 2,241 Thread 0x00007f49680bd000 1480       2       com.android.dx.util.ListIntSet$1::next (37 bytes)
Event: 2,241 Thread 0x00007f49680bd000 nmethod 1480 0x00007f4959569210 code [0x00007f49595693a0, 0x00007f49595695f8]
Event: 2,264 Thread 0x00007f49680bd000 1487 %     3       com.android.dx.ssa.SCCP::run @ 133 (298 bytes)
Event: 2,266 Thread 0x00007f49680bd000 nmethod 1487% 0x00007f495957fd90 code [0x00007f4959580160, 0x00007f4959582108]
Event: 2,271 Thread 0x00007f49680bb000 nmethod 1464% 0x00007f4959585890 code [0x00007f4959585ac0, 0x00007f4959586db8]
Event: 2,271 Thread 0x00007f49680bb000 1484       4       com.android.dx.ssa.SsaMethod::deleteInsns (239 bytes)

GC Heap History (9 events):
Event: 0,619 GC heap before
{Heap before GC invocations=1 (full 0):
 PSYoungGen      total 18432K, used 15872K [0x00000000eab00000, 0x00000000ebf80000, 0x0000000100000000)
  eden space 15872K, 100% used [0x00000000eab00000,0x00000000eba80000,0x00000000eba80000)
  from space 2560K, 0% used [0x00000000ebd00000,0x00000000ebd00000,0x00000000ebf80000)
  to   space 2560K, 0% used [0x00000000eba80000,0x00000000eba80000,0x00000000ebd00000)
 ParOldGen       total 42496K, used 0K [0x00000000c0000000, 0x00000000c2980000, 0x00000000eab00000)
  object space 42496K, 0% used [0x00000000c0000000,0x00000000c0000000,0x00000000c2980000)
 Metaspace       used 5405K, capacity 6640K, committed 6784K, reserved 1056768K
  class space    used 554K, capacity 616K, committed 640K, reserved 1048576K
Event: 0,628 GC heap after
Heap after GC invocations=1 (full 0):
 PSYoungGen      total 18432K, used 2558K [0x00000000eab00000, 0x00000000ecf00000, 0x0000000100000000)
  eden space 15872K, 0% used [0x00000000eab00000,0x00000000eab00000,0x00000000eba80000)
  from space 2560K, 99% used [0x00000000eba80000,0x00000000ebcffbe8,0x00000000ebd00000)
  to   space 2560K, 0% used [0x00000000ecc80000,0x00000000ecc80000,0x00000000ecf00000)
 ParOldGen       total 42496K, used 2142K [0x00000000c0000000, 0x00000000c2980000, 0x00000000eab00000)
  object space 42496K, 5% used [0x00000000c0000000,0x00000000c02179b8,0x00000000c2980000)
 Metaspace       used 5405K, capacity 6640K, committed 6784K, reserved 1056768K
  class space    used 554K, capacity 616K, committed 640K, reserved 1048576K
}
Event: 0,832 GC heap before
{Heap before GC invocations=2 (full 0):
 PSYoungGen      total 18432K, used 18430K [0x00000000eab00000, 0x00000000ecf00000, 0x0000000100000000)
  eden space 15872K, 100% used [0x00000000eab00000,0x00000000eba80000,0x00000000eba80000)
  from space 2560K, 99% used [0x00000000eba80000,0x00000000ebcffbe8,0x00000000ebd00000)
  to   space 2560K, 0% used [0x00000000ecc80000,0x00000000ecc80000,0x00000000ecf00000)
 ParOldGen       total 42496K, used 2142K [0x00000000c0000000, 0x00000000c2980000, 0x00000000eab00000)
  object space 42496K, 5% used [0x00000000c0000000,0x00000000c02179b8,0x00000000c2980000)
 Metaspace       used 5471K, capacity 6704K, committed 6784K, reserved 1056768K
  class space    used 554K, capacity 616K, committed 640K, reserved 1048576K
Event: 0,847 GC heap after
Heap after GC invocations=2 (full 0):
 PSYoungGen      total 34304K, used 2558K [0x00000000eab00000, 0x00000000ecf00000, 0x0000000100000000)
  eden space 31744K, 0% used [0x00000000eab00000,0x00000000eab00000,0x00000000eca00000)
  from space 2560K, 99% used [0x00000000ecc80000,0x00000000eceffbc8,0x00000000ecf00000)
  to   space 2560K, 0% used [0x00000000eca00000,0x00000000eca00000,0x00000000ecc80000)
 ParOldGen       total 42496K, used 4463K [0x00000000c0000000, 0x00000000c2980000, 0x00000000eab00000)
  object space 42496K, 10% used [0x00000000c0000000,0x00000000c045be38,0x00000000c2980000)
 Metaspace       used 5471K, capacity 6704K, committed 6784K, reserved 1056768K
  class space    used 554K, capacity 616K, committed 640K, reserved 1048576K
}
Event: 1,245 GC heap before
{Heap before GC invocations=3 (full 0):
 PSYoungGen      total 34304K, used 34302K [0x00000000eab00000, 0x00000000ecf00000, 0x0000000100000000)
  eden space 31744K, 100% used [0x00000000eab00000,0x00000000eca00000,0x00000000eca00000)
  from space 2560K, 99% used [0x00000000ecc80000,0x00000000eceffbc8,0x00000000ecf00000)
  to   space 2560K, 0% used [0x00000000eca00000,0x00000000eca00000,0x00000000ecc80000)
 ParOldGen       total 42496K, used 4463K [0x00000000c0000000, 0x00000000c2980000, 0x00000000eab00000)
  object space 42496K, 10% used [0x00000000c0000000,0x00000000c045be38,0x00000000c2980000)
 Metaspace       used 5591K, capacity 6832K, committed 7040K, reserved 1056768K
  class space    used 554K, capacity 616K, committed 640K, reserved 1048576K
Event: 1,259 GC heap after
Heap after GC invocations=3 (full 0):
 PSYoungGen      total 34304K, used 2542K [0x00000000eab00000, 0x00000000eee00000, 0x0000000100000000)
  eden space 31744K, 0% used [0x00000000eab00000,0x00000000eab00000,0x00000000eca00000)
  from space 2560K, 99% used [0x00000000eca00000,0x00000000ecc7bbb8,0x00000000ecc80000)
  to   space 2560K, 0% used [0x00000000eeb80000,0x00000000eeb80000,0x00000000eee00000)
 ParOldGen       total 42496K, used 10570K [0x00000000c0000000, 0x00000000c2980000, 0x00000000eab00000)
  object space 42496K, 24% used [0x00000000c0000000,0x00000000c0a52860,0x00000000c2980000)
 Metaspace       used 5591K, capacity 6832K, committed 7040K, reserved 1056768K
  class space    used 554K, capacity 616K, committed 640K, reserved 1048576K
}
Event: 1,532 GC heap before
{Heap before GC invocations=4 (full 0):
 PSYoungGen      total 34304K, used 34286K [0x00000000eab00000, 0x00000000eee00000, 0x0000000100000000)
  eden space 31744K, 100% used [0x00000000eab00000,0x00000000eca00000,0x00000000eca00000)
  from space 2560K, 99% used [0x00000000eca00000,0x00000000ecc7bbb8,0x00000000ecc80000)
  to   space 2560K, 0% used [0x00000000eeb80000,0x00000000eeb80000,0x00000000eee00000)
 ParOldGen       total 42496K, used 10570K [0x00000000c0000000, 0x00000000c2980000, 0x00000000eab00000)
  object space 42496K, 24% used [0x00000000c0000000,0x00000000c0a52860,0x00000000c2980000)
 Metaspace       used 5672K, capacity 6896K, committed 7040K, reserved 1056768K
  class space    used 555K, capacity 616K, committed 640K, reserved 1048576K
Event: 1,545 GC heap after
Heap after GC invocations=4 (full 0):
 PSYoungGen      total 66048K, used 2530K [0x00000000eab00000, 0x00000000eee00000, 0x0000000100000000)
  eden space 63488K, 0% used [0x00000000eab00000,0x00000000eab00000,0x00000000ee900000)
  from space 2560K, 98% used [0x00000000eeb80000,0x00000000eedf88b0,0x00000000eee00000)
  to   space 2560K, 0% used [0x00000000ee900000,0x00000000ee900000,0x00000000eeb80000)
 ParOldGen       total 42496K, used 16418K [0x00000000c0000000, 0x00000000c2980000, 0x00000000eab00000)
  object space 42496K, 38% used [0x00000000c0000000,0x00000000c1008b70,0x00000000c2980000)
 Metaspace       used 5672K, capacity 6896K, committed 7040K, reserved 1056768K
  class space    used 555K, capacity 616K, committed 640K, reserved 1048576K
}
Event: 2,292 GC heap before
{Heap before GC invocations=5 (full 0):
 PSYoungGen      total 66048K, used 66018K [0x00000000eab00000, 0x00000000eee00000, 0x0000000100000000)
  eden space 63488K, 100% used [0x00000000eab00000,0x00000000ee900000,0x00000000ee900000)
  from space 2560K, 98% used [0x00000000eeb80000,0x00000000eedf88b0,0x00000000eee00000)
  to   space 2560K, 0% used [0x00000000ee900000,0x00000000ee900000,0x00000000eeb80000)
 ParOldGen       total 42496K, used 16418K [0x00000000c0000000, 0x00000000c2980000, 0x00000000eab00000)
  object space 42496K, 38% used [0x00000000c0000000,0x00000000c1008b70,0x00000000c2980000)
 Metaspace       used 5800K, capacity 7024K, committed 7296K, reserved 1056768K
  class space    used 556K, capacity 616K, committed 640K, reserved 1048576K

Deoptimization events (10 events):
Event: 0,442 Thread 0x00007f4968143800 Uncommon trap: reason=unstable_if action=reinterpret pc=0x00007f49591d25bc method=java.util.HashMap.getNode(ILjava/lang/Object;)Ljava/util/HashMap$Node; @ 129
Event: 0,991 Thread 0x00007f4968131800 Uncommon trap: reason=null_check action=make_not_entrant pc=0x00007f49592a69a4 method=com.android.dx.ssa.SsaRenamer.getLocalForNewReg(I)Lcom/android/dx/rop/code/LocalItem; @ 19
Event: 1,004 Thread 0x00007f4968131800 Uncommon trap: reason=unstable_if action=reinterpret pc=0x00007f49592b00a4 method=com.android.dx.rop.code.RegisterSpec.equals(ILcom/android/dx/rop/type/TypeBearer;Lcom/android/dx/rop/code/LocalItem;)Z @ 42
Event: 1,005 Thread 0x00007f4968131800 Uncommon trap: reason=unstable_if action=reinterpret pc=0x00007f495920dc64 method=com.android.dx.ssa.SsaRenamer$BlockRenamer.addMapping(ILcom/android/dx/rop/code/RegisterSpec;)V @ 120
Event: 1,481 Thread 0x00007f496800a000 Uncommon trap: reason=unloaded action=reinterpret pc=0x00007f495937e144 method=com.android.dx.cf.cst.ConstantPoolParser.parse0(ILjava/util/BitSet;)Lcom/android/dx/rop/cst/Constant; @ 220
Event: 1,861 Thread 0x00007f4968131800 Uncommon trap: reason=bimorphic action=maybe_recompile pc=0x00007f49591d3034 method=java.util.HashMap.getNode(ILjava/lang/Object;)Ljava/util/HashMap$Node; @ 126
Event: 1,861 Thread 0x00007f4968131800 Uncommon trap: reason=bimorphic action=maybe_recompile pc=0x00007f49591d3034 method=java.util.HashMap.getNode(ILjava/lang/Object;)Ljava/util/HashMap$Node; @ 126
Event: 1,861 Thread 0x00007f4968131800 Uncommon trap: reason=bimorphic action=maybe_recompile pc=0x00007f49591d3034 method=java.util.HashMap.getNode(ILjava/lang/Object;)Ljava/util/HashMap$Node; @ 126
Event: 1,861 Thread 0x00007f4968131800 Uncommon trap: reason=bimorphic action=maybe_recompile pc=0x00007f49591d3034 method=java.util.HashMap.getNode(ILjava/lang/Object;)Ljava/util/HashMap$Node; @ 126
Event: 1,999 Thread 0x00007f4968131800 Uncommon trap: reason=unstable_if action=reinterpret pc=0x00007f49594eb358 method=com.android.dx.cf.code.ByteCatchList.listFor(I)Lcom/android/dx/cf/code/ByteCatchList; @ 19

Internal exceptions (3 events):
Event: 0,091 Thread 0x00007f496800a000 Exception <a 'java/lang/NoSuchMethodError': Method sun.misc.Unsafe.defineClass(Ljava/lang/String;[BII)Ljava/lang/Class; name or signature does not match> (0x00000000eab07c78) thrown at [/ssd/Android/AOSP-openjdk/external/jetbrains/jdk/hotspot/src/share/vm
Event: 0,091 Thread 0x00007f496800a000 Exception <a 'java/lang/NoSuchMethodError': Method sun.misc.Unsafe.prefetchRead(Ljava/lang/Object;J)V name or signature does not match> (0x00000000eab07f60) thrown at [/ssd/Android/AOSP-openjdk/external/jetbrains/jdk/hotspot/src/share/vm/prims/jni.cpp, li
Event: 0,991 Thread 0x00007f4968131800 Implicit null exception at 0x00007f49592a400c to 0x00007f49592a6975

Events (10 events):
Event: 2,218 loading class com/android/dx/util/ListIntSet$1 done
Event: 2,222 Executing VM operation: Deoptimize
Event: 2,225 Executing VM operation: Deoptimize done
Event: 2,226 Thread 0x00007f4968143800 DEOPT PACKING pc=0x00007f495956fa14 sp=0x00007f4917ffe150
Event: 2,226 Thread 0x00007f4968143800 DEOPT UNPACKING pc=0x00007f4959047373 sp=0x00007f4917ffe000 mode 0
Event: 2,255 Thread 0x00007f4968143800 DEOPT PACKING pc=0x00007f495935a405 sp=0x00007f4917ffe140
Event: 2,255 Thread 0x00007f4968143800 DEOPT UNPACKING pc=0x00007f4959047373 sp=0x00007f4917ffdf40 mode 0
Event: 2,283 Thread 0x00007f4968143800 DEOPT PACKING pc=0x00007f495935a405 sp=0x00007f4917ffdfd0
Event: 2,283 Thread 0x00007f4968143800 DEOPT UNPACKING pc=0x00007f4959047373 sp=0x00007f4917ffddd0 mode 0
Event: 2,288 Executing VM operation: ParallelGCFailedAllocation


Dynamic libraries:
00400000-00401000 r-xp 00000000 08:01 6698937                            /home/gaia/code/Android/android-studio/jre/bin/java
00600000-00601000 r--p 00000000 08:01 6698937                            /home/gaia/code/Android/android-studio/jre/bin/java
00601000-00602000 rw-p 00001000 08:01 6698937                            /home/gaia/code/Android/android-studio/jre/bin/java
01266000-01287000 rw-p 00000000 00:00 0                                  [heap]
c0000000-c2980000 rw-p 00000000 00:00 0 
c2980000-eab00000 ---p 00000000 00:00 0 
eab00000-eee00000 rw-p 00000000 00:00 0 
f4a00000-100000000 ---p 00000000 00:00 0 
100000000-1000a0000 rw-p 00000000 00:00 0 
1000a0000-140000000 ---p 00000000 00:00 0 
7f4908000000-7f49080b1000 rw-p 00000000 00:00 0 
7f49080b1000-7f490c000000 ---p 00000000 00:00 0 
7f490c000000-7f490c039000 rw-p 00000000 00:00 0 
7f490c039000-7f4910000000 ---p 00000000 00:00 0 
7f4910000000-7f491006e000 rw-p 00000000 00:00 0 
7f491006e000-7f4914000000 ---p 00000000 00:00 0 
7f4917cfd000-7f4917d00000 ---p 00000000 00:00 0 
7f4917d00000-7f4917dfe000 rw-p 00000000 00:00 0 
7f4917dfe000-7f4917e01000 ---p 00000000 00:00 0 
7f4917e01000-7f4917eff000 rw-p 00000000 00:00 0 
7f4917eff000-7f4917f02000 ---p 00000000 00:00 0 
7f4917f02000-7f4918000000 rw-p 00000000 00:00 0 
7f4918000000-7f4918090000 rw-p 00000000 00:00 0 
7f4918090000-7f491c000000 ---p 00000000 00:00 0 
7f491c000000-7f491c021000 rw-p 00000000 00:00 0 
7f491c021000-7f4920000000 ---p 00000000 00:00 0 
7f4920000000-7f4920021000 rw-p 00000000 00:00 0 
7f4920021000-7f4924000000 ---p 00000000 00:00 0 
7f4924000000-7f4924021000 rw-p 00000000 00:00 0 
7f4924021000-7f4928000000 ---p 00000000 00:00 0 
7f4928000000-7f4928a4e000 rw-p 00000000 00:00 0 
7f4928a4e000-7f492c000000 ---p 00000000 00:00 0 
7f492c000000-7f492c7be000 rw-p 00000000 00:00 0 
7f492c7be000-7f4930000000 ---p 00000000 00:00 0 
7f4930000000-7f4930021000 rw-p 00000000 00:00 0 
7f4930021000-7f4934000000 ---p 00000000 00:00 0 
7f4934000000-7f4934f11000 rw-p 00000000 00:00 0 
7f4934f11000-7f4938000000 ---p 00000000 00:00 0 
7f4938000000-7f4938021000 rw-p 00000000 00:00 0 
7f4938021000-7f493c000000 ---p 00000000 00:00 0 
7f493c000000-7f493c021000 rw-p 00000000 00:00 0 
7f493c021000-7f4940000000 ---p 00000000 00:00 0 
7f4940000000-7f4940021000 rw-p 00000000 00:00 0 
7f4940021000-7f4944000000 ---p 00000000 00:00 0 
7f4944000000-7f4944281000 rw-p 00000000 00:00 0 
7f4944281000-7f4948000000 ---p 00000000 00:00 0 
7f4948000000-7f4948021000 rw-p 00000000 00:00 0 
7f4948021000-7f494c000000 ---p 00000000 00:00 0 
7f494c000000-7f494c021000 rw-p 00000000 00:00 0 
7f494c021000-7f4950000000 ---p 00000000 00:00 0 
7f4950000000-7f4950021000 rw-p 00000000 00:00 0 
7f4950021000-7f4954000000 ---p 00000000 00:00 0 
7f495403a000-7f495405c000 r--p 00000000 08:01 3674227                    /usr/share/locale-langpack/it/LC_MESSAGES/libc.mo
7f495405c000-7f495405f000 ---p 00000000 00:00 0 
7f495405f000-7f495415d000 rw-p 00000000 00:00 0 
7f495415d000-7f4954160000 ---p 00000000 00:00 0 
7f4954160000-7f495425e000 rw-p 00000000 00:00 0 
7f495425e000-7f495425f000 ---p 00000000 00:00 0 
7f495425f000-7f495435f000 rw-p 00000000 00:00 0 
7f495435f000-7f4954362000 ---p 00000000 00:00 0 
7f4954362000-7f4954460000 rw-p 00000000 00:00 0 
7f4954460000-7f4954463000 ---p 00000000 00:00 0 
7f4954463000-7f4954561000 rw-p 00000000 00:00 0 
7f4954561000-7f4954564000 ---p 00000000 00:00 0 
7f4954564000-7f4954662000 rw-p 00000000 00:00 0 
7f4954662000-7f4954665000 ---p 00000000 00:00 0 
7f4954665000-7f4954763000 rw-p 00000000 00:00 0 
7f4954763000-7f4954766000 ---p 00000000 00:00 0 
7f4954766000-7f4954864000 rw-p 00000000 00:00 0 
7f4954864000-7f4954b41000 r--p 00000000 08:01 1835757                    /usr/lib/locale/locale-archive
7f4954b41000-7f4954b44000 ---p 00000000 00:00 0 
7f4954b44000-7f4954c42000 rw-p 00000000 00:00 0 
7f4954c42000-7f4954c45000 ---p 00000000 00:00 0 
7f4954c45000-7f4954d43000 rw-p 00000000 00:00 0 
7f4954d43000-7f4954d44000 ---p 00000000 00:00 0 
7f4954d44000-7f4955db6000 rw-p 00000000 00:00 0 
7f4955db6000-7f4955f85000 r--s 03c1b000 08:01 6698995                    /home/gaia/code/Android/android-studio/jre/jre/lib/rt.jar
7f4955f85000-7f495667b000 rw-p 00000000 00:00 0 
7f495667b000-7f49567fb000 ---p 00000000 00:00 0 
7f49567fb000-7f49589fb000 rw-p 00000000 00:00 0 
7f49589fb000-7f49589fc000 ---p 00000000 00:00 0 
7f49589fc000-7f4958afc000 rw-p 00000000 00:00 0 
7f4958afc000-7f4958afd000 ---p 00000000 00:00 0 
7f4958afd000-7f4958bfd000 rw-p 00000000 00:00 0 
7f4958bfd000-7f4958bfe000 ---p 00000000 00:00 0 
7f4958bfe000-7f4958cfe000 rw-p 00000000 00:00 0 
7f4958cfe000-7f4958cff000 ---p 00000000 00:00 0 
7f4958cff000-7f4958e14000 rw-p 00000000 00:00 0 
7f4958e14000-7f4958f54000 ---p 00000000 00:00 0 
7f4958f54000-7f4958f76000 rw-p 00000000 00:00 0 
7f4958f76000-7f4958fff000 ---p 00000000 00:00 0 
7f4958fff000-7f4959000000 rw-p 00000000 00:00 0 
7f4959000000-7f4959590000 rwxp 00000000 00:00 0 
7f4959590000-7f4968000000 ---p 00000000 00:00 0 
7f4968000000-7f496839d000 rw-p 00000000 00:00 0 
7f496839d000-7f496c000000 ---p 00000000 00:00 0 
7f496c012000-7f496c020000 r--s 000e0000 08:01 6558052                    /home/gaia/Android/Sdk/build-tools/25.0.0/lib/dx.jar
7f496c020000-7f496c077000 rw-p 00000000 00:00 0 
7f496c077000-7f496c1b8000 ---p 00000000 00:00 0 
7f496c1b8000-7f496c1cf000 rw-p 00000000 00:00 0 
7f496c1cf000-7f496c578000 ---p 00000000 00:00 0 
7f496c578000-7f496c592000 r-xp 00000000 08:01 6819923                    /home/gaia/code/Android/android-studio/jre/jre/lib/amd64/libzip.so
7f496c592000-7f496c792000 ---p 0001a000 08:01 6819923                    /home/gaia/code/Android/android-studio/jre/jre/lib/amd64/libzip.so
7f496c792000-7f496c793000 r--p 0001a000 08:01 6819923                    /home/gaia/code/Android/android-studio/jre/jre/lib/amd64/libzip.so
7f496c793000-7f496c794000 rw-p 0001b000 08:01 6819923                    /home/gaia/code/Android/android-studio/jre/jre/lib/amd64/libzip.so
7f496c794000-7f496c79f000 r-xp 00000000 08:01 1311084                    /lib/x86_64-linux-gnu/libnss_files-2.24.so
7f496c79f000-7f496c99e000 ---p 0000b000 08:01 1311084                    /lib/x86_64-linux-gnu/libnss_files-2.24.so
7f496c99e000-7f496c99f000 r--p 0000a000 08:01 1311084                    /lib/x86_64-linux-gnu/libnss_files-2.24.so
7f496c99f000-7f496c9a0000 rw-p 0000b000 08:01 1311084                    /lib/x86_64-linux-gnu/libnss_files-2.24.so
7f496c9a0000-7f496c9a6000 rw-p 00000000 00:00 0 
7f496c9a6000-7f496c9b1000 r-xp 00000000 08:01 1311086                    /lib/x86_64-linux-gnu/libnss_nis-2.24.so
7f496c9b1000-7f496cbb0000 ---p 0000b000 08:01 1311086                    /lib/x86_64-linux-gnu/libnss_nis-2.24.so
7f496cbb0000-7f496cbb1000 r--p 0000a000 08:01 1311086                    /lib/x86_64-linux-gnu/libnss_nis-2.24.so
7f496cbb1000-7f496cbb2000 rw-p 0000b000 08:01 1311086                    /lib/x86_64-linux-gnu/libnss_nis-2.24.so
7f496cbb2000-7f496cbc8000 r-xp 00000000 08:01 1311081                    /lib/x86_64-linux-gnu/libnsl-2.24.so
7f496cbc8000-7f496cdc7000 ---p 00016000 08:01 1311081                    /lib/x86_64-linux-gnu/libnsl-2.24.so
7f496cdc7000-7f496cdc8000 r--p 00015000 08:01 1311081                    /lib/x86_64-linux-gnu/libnsl-2.24.so
7f496cdc8000-7f496cdc9000 rw-p 00016000 08:01 1311081                    /lib/x86_64-linux-gnu/libnsl-2.24.so
7f496cdc9000-7f496cdcb000 rw-p 00000000 00:00 0 
7f496cdcb000-7f496cdd3000 r-xp 00000000 08:01 1311082                    /lib/x86_64-linux-gnu/libnss_compat-2.24.so
7f496cdd3000-7f496cfd2000 ---p 00008000 08:01 1311082                    /lib/x86_64-linux-gnu/libnss_compat-2.24.so
7f496cfd2000-7f496cfd3000 r--p 00007000 08:01 1311082                    /lib/x86_64-linux-gnu/libnss_compat-2.24.so
7f496cfd3000-7f496cfd4000 rw-p 00008000 08:01 1311082                    /lib/x86_64-linux-gnu/libnss_compat-2.24.so
7f496cfd4000-7f496d001000 r-xp 00000000 08:01 6819933                    /home/gaia/code/Android/android-studio/jre/jre/lib/amd64/libjava.so
7f496d001000-7f496d200000 ---p 0002d000 08:01 6819933                    /home/gaia/code/Android/android-studio/jre/jre/lib/amd64/libjava.so
7f496d200000-7f496d201000 r--p 0002c000 08:01 6819933                    /home/gaia/code/Android/android-studio/jre/jre/lib/amd64/libjava.so
7f496d201000-7f496d203000 rw-p 0002d000 08:01 6819933                    /home/gaia/code/Android/android-studio/jre/jre/lib/amd64/libjava.so
7f496d203000-7f496d213000 r-xp 00000000 08:01 6819949                    /home/gaia/code/Android/android-studio/jre/jre/lib/amd64/libverify.so
7f496d213000-7f496d412000 ---p 00010000 08:01 6819949                    /home/gaia/code/Android/android-studio/jre/jre/lib/amd64/libverify.so
7f496d412000-7f496d414000 r--p 0000f000 08:01 6819949                    /home/gaia/code/Android/android-studio/jre/jre/lib/amd64/libverify.so
7f496d414000-7f496d415000 rw-p 00011000 08:01 6819949                    /home/gaia/code/Android/android-studio/jre/jre/lib/amd64/libverify.so
7f496d415000-7f496d41c000 r-xp 00000000 08:01 1311091                    /lib/x86_64-linux-gnu/librt-2.24.so
7f496d41c000-7f496d61b000 ---p 00007000 08:01 1311091                    /lib/x86_64-linux-gnu/librt-2.24.so
7f496d61b000-7f496d61c000 r--p 00006000 08:01 1311091                    /lib/x86_64-linux-gnu/librt-2.24.so
7f496d61c000-7f496d61d000 rw-p 00007000 08:01 1311091                    /lib/x86_64-linux-gnu/librt-2.24.so
7f496d61d000-7f496d725000 r-xp 00000000 08:01 1311078                    /lib/x86_64-linux-gnu/libm-2.24.so
7f496d725000-7f496d924000 ---p 00108000 08:01 1311078                    /lib/x86_64-linux-gnu/libm-2.24.so
7f496d924000-7f496d925000 r--p 00107000 08:01 1311078                    /lib/x86_64-linux-gnu/libm-2.24.so
7f496d925000-7f496d926000 rw-p 00108000 08:01 1311078                    /lib/x86_64-linux-gnu/libm-2.24.so
7f496d926000-7f496e517000 r-xp 00000000 08:01 6819953                    /home/gaia/code/Android/android-studio/jre/jre/lib/amd64/server/libjvm.so
7f496e517000-7f496e717000 ---p 00bf1000 08:01 6819953                    /home/gaia/code/Android/android-studio/jre/jre/lib/amd64/server/libjvm.so
7f496e717000-7f496e7b6000 r--p 00bf1000 08:01 6819953                    /home/gaia/code/Android/android-studio/jre/jre/lib/amd64/server/libjvm.so
7f496e7b6000-7f496e7df000 rw-p 00c90000 08:01 6819953                    /home/gaia/code/Android/android-studio/jre/jre/lib/amd64/server/libjvm.so
7f496e7df000-7f496e823000 rw-p 00000000 00:00 0 
7f496e823000-7f496e83b000 r-xp 00000000 08:01 1311089                    /lib/x86_64-linux-gnu/libpthread-2.24.so
7f496e83b000-7f496ea3b000 ---p 00018000 08:01 1311089                    /lib/x86_64-linux-gnu/libpthread-2.24.so
7f496ea3b000-7f496ea3c000 r--p 00018000 08:01 1311089                    /lib/x86_64-linux-gnu/libpthread-2.24.so
7f496ea3c000-7f496ea3d000 rw-p 00019000 08:01 1311089                    /lib/x86_64-linux-gnu/libpthread-2.24.so
7f496ea3d000-7f496ea41000 rw-p 00000000 00:00 0 
7f496ea41000-7f496ea44000 r-xp 00000000 08:01 1311077                    /lib/x86_64-linux-gnu/libdl-2.24.so
7f496ea44000-7f496ec43000 ---p 00003000 08:01 1311077                    /lib/x86_64-linux-gnu/libdl-2.24.so
7f496ec43000-7f496ec44000 r--p 00002000 08:01 1311077                    /lib/x86_64-linux-gnu/libdl-2.24.so
7f496ec44000-7f496ec45000 rw-p 00003000 08:01 1311077                    /lib/x86_64-linux-gnu/libdl-2.24.so
7f496ec45000-7f496ee03000 r-xp 00000000 08:01 1311074                    /lib/x86_64-linux-gnu/libc-2.24.so
7f496ee03000-7f496f002000 ---p 001be000 08:01 1311074                    /lib/x86_64-linux-gnu/libc-2.24.so
7f496f002000-7f496f006000 r--p 001bd000 08:01 1311074                    /lib/x86_64-linux-gnu/libc-2.24.so
7f496f006000-7f496f008000 rw-p 001c1000 08:01 1311074                    /lib/x86_64-linux-gnu/libc-2.24.so
7f496f008000-7f496f00c000 rw-p 00000000 00:00 0 
7f496f00c000-7f496f022000 r-xp 00000000 08:01 6698911                    /home/gaia/code/Android/android-studio/jre/lib/amd64/jli/libjli.so
7f496f022000-7f496f221000 ---p 00016000 08:01 6698911                    /home/gaia/code/Android/android-studio/jre/lib/amd64/jli/libjli.so
7f496f221000-7f496f222000 r--p 00015000 08:01 6698911                    /home/gaia/code/Android/android-studio/jre/lib/amd64/jli/libjli.so
7f496f222000-7f496f223000 rw-p 00016000 08:01 6698911                    /home/gaia/code/Android/android-studio/jre/lib/amd64/jli/libjli.so
7f496f223000-7f496f249000 r-xp 00000000 08:01 1310819                    /lib/x86_64-linux-gnu/ld-2.24.so
7f496f24a000-7f496f251000 r--s 00000000 08:01 2104802                    /usr/lib/x86_64-linux-gnu/gconv/gconv-modules.cache
7f496f251000-7f496f322000 rw-p 00000000 00:00 0 
7f496f322000-7f496f325000 ---p 00000000 00:00 0 
7f496f325000-7f496f425000 rw-p 00000000 00:00 0 
7f496f427000-7f496f43b000 rw-p 00000000 00:00 0 
7f496f43b000-7f496f443000 rw-s 00000000 08:01 2233645                    /tmp/hsperfdata_gaia/15986
7f496f443000-7f496f444000 rw-p 00000000 00:00 0 
7f496f444000-7f496f445000 ---p 00000000 00:00 0 
7f496f445000-7f496f448000 rw-p 00000000 00:00 0 
7f496f448000-7f496f449000 r--p 00025000 08:01 1310819                    /lib/x86_64-linux-gnu/ld-2.24.so
7f496f449000-7f496f44a000 rw-p 00026000 08:01 1310819                    /lib/x86_64-linux-gnu/ld-2.24.so
7f496f44a000-7f496f44b000 rw-p 00000000 00:00 0 
7fff038b6000-7fff038d7000 rw-p 00000000 00:00 0                          [stack]
7fff0396e000-7fff03970000 r--p 00000000 00:00 0                          [vvar]
7fff03970000-7fff03972000 r-xp 00000000 00:00 0                          [vdso]
ffffffffff600000-ffffffffff601000 r-xp 00000000 00:00 0                  [vsyscall]

VM Arguments:
jvm_args: -Djava.awt.headless=true -Xmx1024M -Dfile.encoding=UTF-8 -Duser.country=IT -Duser.language=it -Duser.variant 
java_command: com.android.dx.command.Main --dex --force-jumbo --num-threads=4 --multi-dex --output /home/gaia/AndroidStudioProjects/8Chesifaoggi (copy)- pretest con errore locandina lista/app/build/intermediates/transforms/dex/debug/folders/1000/5/slice_2 /home/gaia/AndroidStudioProjects/8Chesifaoggi (copy)- pretest con errore locandina lista/app/build/intermediates/transforms/instantRunSlicer/debug/folders/1/5/slice_2
java_class_path (initial): /home/gaia/Android/Sdk/build-tools/25.0.0/lib/dx.jar
Launcher Type: SUN_STANDARD

Environment Variables:
PATH=/usr/local/sbin:/usr/local/bin:/usr/sbin:/usr/bin:/sbin:/bin:/usr/games:/usr/local/games:/snap/bin
LD_LIBRARY_PATH=.:
SHELL=/bin/bash
DISPLAY=:0

Signal Handlers:
SIGSEGV: [libjvm.so+0x9e5150], sa_mask[0]=11111111011111111101111111111110, sa_flags=SA_RESTART|SA_SIGINFO
SIGBUS: [libjvm.so+0x9e5150], sa_mask[0]=11111111011111111101111111111110, sa_flags=SA_RESTART|SA_SIGINFO
SIGFPE: [libjvm.so+0x848450], sa_mask[0]=11111111011111111101111111111110, sa_flags=SA_RESTART|SA_SIGINFO
SIGPIPE: [libjvm.so+0x848450], sa_mask[0]=11111111011111111101111111111110, sa_flags=SA_RESTART|SA_SIGINFO
SIGXFSZ: [libjvm.so+0x848450], sa_mask[0]=11111111011111111101111111111110, sa_flags=SA_RESTART|SA_SIGINFO
SIGILL: [libjvm.so+0x848450], sa_mask[0]=11111111011111111101111111111110, sa_flags=SA_RESTART|SA_SIGINFO
SIGUSR1: SIG_DFL, sa_mask[0]=00000000000000000000000000000000, sa_flags=none
SIGUSR2: [libjvm.so+0x848320], sa_mask[0]=00100000000000000000000000000000, sa_flags=SA_RESTART|SA_SIGINFO
SIGHUP: [libjvm.so+0x848510], sa_mask[0]=11111111011111111101111111111110, sa_flags=SA_RESTART|SA_SIGINFO
SIGINT: [libjvm.so+0x848510], sa_mask[0]=11111111011111111101111111111110, sa_flags=SA_RESTART|SA_SIGINFO
SIGTERM: [libjvm.so+0x848510], sa_mask[0]=11111111011111111101111111111110, sa_flags=SA_RESTART|SA_SIGINFO
SIGQUIT: [libjvm.so+0x848510], sa_mask[0]=11111111011111111101111111111110, sa_flags=SA_RESTART|SA_SIGINFO


---------------  S Y S T E M  ---------------

OS:DISTRIB_ID=Ubuntu
DISTRIB_RELEASE=17.04
DISTRIB_CODENAME=zesty
DISTRIB_DESCRIPTION="Ubuntu 17.04"

uname:Linux 4.10.0-33-generic #37-Ubuntu SMP Fri Aug 11 10:55:28 UTC 2017 x86_64
libc:glibc 2.24 NPTL 2.24 
rlimit: STACK 8192k, CORE 0k, NPROC 15016, NOFILE 4096, AS infinity
load average:0,72 0,86 0,89

/proc/meminfo:
MemTotal:        3945344 kB
MemFree:          105644 kB
MemAvailable:      36056 kB
Buffers:            1080 kB
Cached:           525936 kB
SwapCached:         7040 kB
Active:          2983816 kB
Inactive:         608116 kB
Active(anon):    2953452 kB
Inactive(anon):   582808 kB
Active(file):      30364 kB
Inactive(file):    25308 kB
Unevictable:          48 kB
Mlocked:              48 kB
SwapTotal:       2097148 kB
SwapFree:              0 kB
Dirty:              2256 kB
Writeback:             0 kB
AnonPages:       3058424 kB
Mapped:           187748 kB
Shmem:            471180 kB
Slab:              91420 kB
SReclaimable:      43680 kB
SUnreclaim:        47740 kB
KernelStack:       14432 kB
PageTables:        53504 kB
NFS_Unstable:          0 kB
Bounce:                0 kB
WritebackTmp:          0 kB
CommitLimit:     4069820 kB
Committed_AS:   11507240 kB
VmallocTotal:   34359738367 kB
VmallocUsed:           0 kB
VmallocChunk:          0 kB
HardwareCorrupted:     0 kB
AnonHugePages:   1187840 kB
ShmemHugePages:        0 kB
ShmemPmdMapped:        0 kB
CmaTotal:              0 kB
CmaFree:               0 kB
HugePages_Total:       0
HugePages_Free:        0
HugePages_Rsvd:        0
HugePages_Surp:        0
Hugepagesize:       2048 kB
DirectMap4k:      156956 kB
DirectMap2M:     3938304 kB
DirectMap1G:           0 kB


CPU:total 4 (2 cores per cpu, 2 threads per core) family 6 model 61 stepping 4, cmov, cx8, fxsr, mmx, sse, sse2, sse3, ssse3, sse4.1, sse4.2, popcnt, avx, avx2, aes, clmul, erms, 3dnowpref, lzcnt, ht, tsc, tscinvbit, bmi1, bmi2, adx

/proc/cpuinfo:
processor	: 0
vendor_id	: GenuineIntel
cpu family	: 6
model		: 61
model name	: Intel(R) Core(TM) i7-5500U CPU @ 2.40GHz
stepping	: 4
microcode	: 0x24
cpu MHz		: 2899.951
cache size	: 4096 KB
physical id	: 0
siblings	: 4
core id		: 0
cpu cores	: 2
apicid		: 0
initial apicid	: 0
fpu		: yes
fpu_exception	: yes
cpuid level	: 20
wp		: yes
flags		: fpu vme de pse tsc msr pae mce cx8 apic sep mtrr pge mca cmov pat pse36 clflush dts acpi mmx fxsr sse sse2 ss ht tm pbe syscall nx pdpe1gb rdtscp lm constant_tsc arch_perfmon pebs bts rep_good nopl xtopology nonstop_tsc aperfmperf pni pclmulqdq dtes64 monitor ds_cpl vmx est tm2 ssse3 sdbg fma cx16 xtpr pdcm pcid sse4_1 sse4_2 x2apic movbe popcnt tsc_deadline_timer aes xsave avx f16c rdrand lahf_lm abm 3dnowprefetch epb intel_pt tpr_shadow vnmi flexpriority ept vpid fsgsbase tsc_adjust bmi1 avx2 smep bmi2 erms invpcid rdseed adx smap xsaveopt dtherm ida arat pln pts
bugs		:
bogomips	: 4789.18
clflush size	: 64
cache_alignment	: 64
address sizes	: 39 bits physical, 48 bits virtual
power management:

processor	: 1
vendor_id	: GenuineIntel
cpu family	: 6
model		: 61
model name	: Intel(R) Core(TM) i7-5500U CPU @ 2.40GHz
stepping	: 4
microcode	: 0x24
cpu MHz		: 2782.470
cache size	: 4096 KB
physical id	: 0
siblings	: 4
core id		: 1
cpu cores	: 2
apicid		: 2
initial apicid	: 2
fpu		: yes
fpu_exception	: yes
cpuid level	: 20
wp		: yes
flags		: fpu vme de pse tsc msr pae mce cx8 apic sep mtrr pge mca cmov pat pse36 clflush dts acpi mmx fxsr sse sse2 ss ht tm pbe syscall nx pdpe1gb rdtscp lm constant_tsc arch_perfmon pebs bts rep_good nopl xtopology nonstop_tsc aperfmperf pni pclmulqdq dtes64 monitor ds_cpl vmx est tm2 ssse3 sdbg fma cx16 xtpr pdcm pcid sse4_1 sse4_2 x2apic movbe popcnt tsc_deadline_timer aes xsave avx f16c rdrand lahf_lm abm 3dnowprefetch epb intel_pt tpr_shadow vnmi flexpriority ept vpid fsgsbase tsc_adjust bmi1 avx2 smep bmi2 erms invpcid rdseed adx smap xsaveopt dtherm ida arat pln pts
bugs		:
bogomips	: 4789.18
clflush size	: 64
cache_alignment	: 64
address sizes	: 39 bits physical, 48 bits virtual
power management:

processor	: 2
vendor_id	: GenuineIntel
cpu family	: 6
model		: 61
model name	: Intel(R) Core(TM) i7-5500U CPU @ 2.40GHz
stepping	: 4
microcode	: 0x24
cpu MHz		: 2891.601
cache size	: 4096 KB
physical id	: 0
siblings	: 4
core id		: 0
cpu cores	: 2
apicid		: 1
initial apicid	: 1
fpu		: yes
fpu_exception	: yes
cpuid level	: 20
wp		: yes
flags		: fpu vme de pse tsc msr pae mce cx8 apic sep mtrr pge mca cmov pat pse36 clflush dts acpi mmx fxsr sse sse2 ss ht tm pbe syscall nx pdpe1gb rdtscp lm constant_tsc arch_perfmon pebs bts rep_good nopl xtopology nonstop_tsc aperfmperf pni pclmulqdq dtes64 monitor ds_cpl vmx est tm2 ssse3 sdbg fma cx16 xtpr pdcm pcid sse4_1 sse4_2 x2apic movbe popcnt tsc_deadline_timer aes xsave avx f16c rdrand lahf_lm abm 3dnowprefetch epb intel_pt tpr_shadow vnmi flexpriority ept vpid fsgsbase tsc_adjust bmi1 avx2 smep bmi2 erms invpcid rdseed adx smap xsaveopt dtherm ida arat pln pts
bugs		:
bogomips	: 4789.18
clflush size	: 64
cache_alignment	: 64
address sizes	: 39 bits physical, 48 bits virtual
power management:

processor	: 3
vendor_id	: GenuineIntel
cpu family	: 6
model		: 61
model name	: Intel(R) Core(TM) i7-5500U CPU @ 2.40GHz
stepping	: 4
microcode	: 0x24
cpu MHz		: 2879.589
cache size	: 4096 KB
physical id	: 0
siblings	: 4
core id		: 1
cpu cores	: 2
apicid		: 3
initial apicid	: 3
fpu		: yes
fpu_exception	: yes
cpuid level	: 20
wp		: yes
flags		: fpu vme de pse tsc msr pae mce cx8 apic sep mtrr pge mca cmov pat pse36 clflush dts acpi mmx fxsr sse sse2 ss ht tm pbe syscall nx pdpe1gb rdtscp lm constant_tsc arch_perfmon pebs bts rep_good nopl xtopology nonstop_tsc aperfmperf pni pclmulqdq dtes64 monitor ds_cpl vmx est tm2 ssse3 sdbg fma cx16 xtpr pdcm pcid sse4_1 sse4_2 x2apic movbe popcnt tsc_deadline_timer aes xsave avx f16c rdrand lahf_lm abm 3dnowprefetch epb intel_pt tpr_shadow vnmi flexpriority ept vpid fsgsbase tsc_adjust bmi1 avx2 smep bmi2 erms invpcid rdseed adx smap xsaveopt dtherm ida arat pln pts
bugs		:
bogomips	: 4789.18
clflush size	: 64
cache_alignment	: 64
address sizes	: 39 bits physical, 48 bits virtual
power management:



Memory: 4k page, physical 3945344k(105644k free), swap 2097148k(0k free)

vm_info: OpenJDK 64-Bit Server VM (25.112-b06) for linux-amd64 JRE (1.8.0_112-release-b06), built on Dec  6 2016 12:11:18 by "builder" with gcc 4.8.4

time: Fri Sep  1 23:09:45 2017
elapsed time: 2 seconds (0d 0h 0m 2s)

