#
# There is insufficient memory for the Java Runtime Environment to continue.
# Native memory allocation (mmap) failed to map 32505856 bytes for committing reserved memory.
# Possible reasons:
#   The system is out of physical RAM or swap space
#   In 32 bit mode, the process size limit was hit
# Possible solutions:
#   Reduce memory load on the system
#   Increase physical memory or swap space
#   Check if swap backing store is full
#   Use 64 bit Java on a 64 bit OS
#   Decrease Java heap size (-Xmx/-Xms)
#   Decrease number of Java threads
#   Decrease Java thread stack sizes (-Xss)
#   Set larger code cache with -XX:ReservedCodeCacheSize=
# This output file may be truncated or incomplete.
#
#  Out of Memory Error (os_linux.cpp:2627), pid=10223, tid=0x00007f781ccf4700
#
# JRE version: OpenJDK Runtime Environment (8.0_112-b06) (build 1.8.0_112-release-b06)
# Java VM: OpenJDK 64-Bit Server VM (25.112-b06 mixed mode linux-amd64 compressed oops)
# Failed to write core dump. Core dumps have been disabled. To enable core dumping, try "ulimit -c unlimited" before starting Java again
#

---------------  T H R E A D  ---------------

Current thread (0x00007f7834077800):  VMThread [stack: 0x00007f781cbf4000,0x00007f781ccf5000] [id=10234]

Stack: [0x00007f781cbf4000,0x00007f781ccf5000],  sp=0x00007f781ccf34c0,  free space=1021k
Native frames: (J=compiled Java code, j=interpreted, Vv=VM code, C=native code)
V  [libjvm.so+0x9e465d]  VMError::report_and_die()+0x15d
V  [libjvm.so+0x4b6ada]  report_vm_out_of_memory(char const*, int, unsigned long, VMErrorType, char const*)+0x8a
V  [libjvm.so+0x84c860]  os::pd_commit_memory(char*, unsigned long, unsigned long, bool)+0xf0
V  [libjvm.so+0x84737f]  os::commit_memory(char*, unsigned long, unsigned long, bool)+0x1f
V  [libjvm.so+0x8bd3db]  PSVirtualSpace::expand_by(unsigned long)+0x5b
V  [libjvm.so+0x8be050]  PSYoungGen::resize_generation(unsigned long, unsigned long)+0xb0
V  [libjvm.so+0x8be36b]  PSYoungGen::resize(unsigned long, unsigned long)+0x1b
V  [libjvm.so+0x8baa5c]  PSScavenge::invoke_no_policy()+0xdac
V  [libjvm.so+0x8bb238]  PSScavenge::invoke()+0x38
V  [libjvm.so+0x86fcf3]  ParallelScavengeHeap::failed_mem_allocate(unsigned long)+0x63
V  [libjvm.so+0x9e6124]  VM_ParallelGCFailedAllocation::doit()+0x84
V  [libjvm.so+0x9ea537]  VM_Operation::evaluate()+0x47
V  [libjvm.so+0x9e8ff8]  VMThread::evaluate_operation(VM_Operation*)+0x2c8
V  [libjvm.so+0x9e9479]  VMThread::loop()+0x219
V  [libjvm.so+0x9e98c2]  VMThread::run()+0x72
V  [libjvm.so+0x849c82]  java_start(Thread*)+0xf2

VM_Operation (0x00007f77e7cfad70): ParallelGCFailedAllocation, mode: safepoint, requested by thread 0x00007f7834145000


---------------  P R O C E S S  ---------------

Java Threads: ( => current thread )
  0x00007f7834145000 JavaThread "pool-2-thread-4" [_thread_blocked, id=10247, stack(0x00007f77e7bfc000,0x00007f77e7cfd000)]
  0x00007f7834144000 JavaThread "pool-2-thread-3" [_thread_blocked, id=10246, stack(0x00007f77e7cfd000,0x00007f77e7dfe000)]
  0x00007f7834141800 JavaThread "pool-2-thread-2" [_thread_blocked, id=10245, stack(0x00007f77e7dfe000,0x00007f77e7eff000)]
  0x00007f7834133800 JavaThread "pool-3-thread-1" [_thread_blocked, id=10244, stack(0x00007f77e7eff000,0x00007f77e8000000)]
  0x00007f7834132000 JavaThread "pool-2-thread-1" [_thread_blocked, id=10243, stack(0x00007f781c00e000,0x00007f781c10f000)]
  0x00007f78340c0000 JavaThread "Service Thread" daemon [_thread_blocked, id=10241, stack(0x00007f781c210000,0x00007f781c311000)]
  0x00007f78340bd000 JavaThread "C1 CompilerThread2" daemon [_thread_blocked, id=10240, stack(0x00007f781c311000,0x00007f781c412000)]
  0x00007f78340bb000 JavaThread "C2 CompilerThread1" daemon [_thread_blocked, id=10239, stack(0x00007f781c412000,0x00007f781c513000)]
  0x00007f78340b8800 JavaThread "C2 CompilerThread0" daemon [_thread_blocked, id=10238, stack(0x00007f781c513000,0x00007f781c614000)]
  0x00007f78340b7000 JavaThread "Signal Dispatcher" daemon [_thread_blocked, id=10237, stack(0x00007f781c614000,0x00007f781c715000)]
  0x00007f7834084000 JavaThread "Finalizer" daemon [_thread_blocked, id=10236, stack(0x00007f781c9f2000,0x00007f781caf3000)]
  0x00007f783407f800 JavaThread "Reference Handler" daemon [_thread_blocked, id=10235, stack(0x00007f781caf3000,0x00007f781cbf4000)]
  0x00007f783400a000 JavaThread "main" [_thread_blocked, id=10228, stack(0x00007f783b25c000,0x00007f783b35d000)]

Other Threads:
=>0x00007f7834077800 VMThread [stack: 0x00007f781cbf4000,0x00007f781ccf5000] [id=10234]
  0x00007f78340c2800 WatcherThread [stack: 0x00007f781c10f000,0x00007f781c210000] [id=10242]

VM state:at safepoint (normal execution)

VM Mutex/Monitor currently owned by a thread:  ([mutex/lock_event])
[0x00007f7834006790] Threads_lock - owner thread: 0x00007f7834077800
[0x00007f7834006c90] Heap_lock - owner thread: 0x00007f7834145000

Heap:
 PSYoungGen      total 34304K, used 2531K [0x00000000eab00000, 0x00000000ecf00000, 0x0000000100000000)
  eden space 31744K, 0% used [0x00000000eab00000,0x00000000eab00000,0x00000000eca00000)
  from space 2560K, 98% used [0x00000000eca00000,0x00000000ecc78d78,0x00000000ecc80000)
  to   space 2560K, 0% used [0x00000000ecc80000,0x00000000ecc80000,0x00000000ecf00000)
 ParOldGen       total 42496K, used 11608K [0x00000000c0000000, 0x00000000c2980000, 0x00000000eab00000)
  object space 42496K, 27% used [0x00000000c0000000,0x00000000c0b56260,0x00000000c2980000)
 Metaspace       used 5568K, capacity 6832K, committed 7040K, reserved 1056768K
  class space    used 555K, capacity 616K, committed 640K, reserved 1048576K

Card table byte_map: [0x00007f7824dff000,0x00007f7825000000] byte_map_base: 0x00007f78247ff000

Marking Bits: (ParMarkBitMap*) 0x00007f783a72e340
 Begin Bits: [0x00007f781e000000, 0x00007f781f000000)
 End Bits:   [0x00007f781f000000, 0x00007f7820000000)

Polling page: 0x00007f783b37e000

CodeCache: size=245760Kb used=3570Kb max_used=3584Kb free=242189Kb
 bounds [0x00007f7825000000, 0x00007f7825390000, 0x00007f7834000000]
 total_blobs=1139 nmethods=879 adapters=175
 compilation: enabled

Compilation events (10 events):
Event: 1,417 Thread 0x00007f78340bd000 nmethod 1002% 0x00007f7825364190 code [0x00007f78253643c0, 0x00007f7825365348]
Event: 1,418 Thread 0x00007f78340bd000 1001   !   3       com.android.dx.cf.code.Ropper::processBlock (1101 bytes)
Event: 1,477 Thread 0x00007f78340bb000 nmethod 940 0x00007f7825363e50 code [0x00007f7825363fa0, 0x00007f7825364078]
Event: 1,482 Thread 0x00007f78340bd000 nmethod 1001 0x00007f782536e910 code [0x00007f782536f4c0, 0x00007f78253790b8]
Event: 1,482 Thread 0x00007f78340b8800 nmethod 857 0x00007f7825381f50 code [0x00007f7825382280, 0x00007f7825384678]
Event: 1,490 Thread 0x00007f78340b8800  973       4       com.android.dx.ssa.NormalSsaInsn::hasSideEffect (76 bytes)
Event: 1,490 Thread 0x00007f78340bd000 1025       3       com.android.dx.ssa.SsaRenamer$BlockRenamer::addMapping (143 bytes)
Event: 1,490 Thread 0x00007f78340bb000  669       4       com.android.dx.util.Bits::clear (21 bytes)
Event: 1,595 Thread 0x00007f78340bd000 nmethod 1025 0x00007f782536d1d0 code [0x00007f782536d3e0, 0x00007f782536e2a8]
Event: 1,617 Thread 0x00007f78340bd000 1009       3       com.android.dx.rop.code.RegisterSpecSet::size (49 bytes)

GC Heap History (5 events):
Event: 0,741 GC heap before
{Heap before GC invocations=1 (full 0):
 PSYoungGen      total 18432K, used 15872K [0x00000000eab00000, 0x00000000ebf80000, 0x0000000100000000)
  eden space 15872K, 100% used [0x00000000eab00000,0x00000000eba80000,0x00000000eba80000)
  from space 2560K, 0% used [0x00000000ebd00000,0x00000000ebd00000,0x00000000ebf80000)
  to   space 2560K, 0% used [0x00000000eba80000,0x00000000eba80000,0x00000000ebd00000)
 ParOldGen       total 42496K, used 0K [0x00000000c0000000, 0x00000000c2980000, 0x00000000eab00000)
  object space 42496K, 0% used [0x00000000c0000000,0x00000000c0000000,0x00000000c2980000)
 Metaspace       used 5421K, capacity 6704K, committed 6784K, reserved 1056768K
  class space    used 554K, capacity 616K, committed 640K, reserved 1048576K
Event: 0,771 GC heap after
Heap after GC invocations=1 (full 0):
 PSYoungGen      total 18432K, used 2542K [0x00000000eab00000, 0x00000000ecf00000, 0x0000000100000000)
  eden space 15872K, 0% used [0x00000000eab00000,0x00000000eab00000,0x00000000eba80000)
  from space 2560K, 99% used [0x00000000eba80000,0x00000000ebcfbbd8,0x00000000ebd00000)
  to   space 2560K, 0% used [0x00000000ecc80000,0x00000000ecc80000,0x00000000ecf00000)
 ParOldGen       total 42496K, used 1482K [0x00000000c0000000, 0x00000000c2980000, 0x00000000eab00000)
  object space 42496K, 3% used [0x00000000c0000000,0x00000000c0172bc0,0x00000000c2980000)
 Metaspace       used 5421K, capacity 6704K, committed 6784K, reserved 1056768K
  class space    used 554K, capacity 616K, committed 640K, reserved 1048576K
}
Event: 1,039 GC heap before
{Heap before GC invocations=2 (full 0):
 PSYoungGen      total 18432K, used 18414K [0x00000000eab00000, 0x00000000ecf00000, 0x0000000100000000)
  eden space 15872K, 100% used [0x00000000eab00000,0x00000000eba80000,0x00000000eba80000)
  from space 2560K, 99% used [0x00000000eba80000,0x00000000ebcfbbd8,0x00000000ebd00000)
  to   space 2560K, 0% used [0x00000000ecc80000,0x00000000ecc80000,0x00000000ecf00000)
 ParOldGen       total 42496K, used 1482K [0x00000000c0000000, 0x00000000c2980000, 0x00000000eab00000)
  object space 42496K, 3% used [0x00000000c0000000,0x00000000c0172bc0,0x00000000c2980000)
 Metaspace       used 5484K, capacity 6704K, committed 6784K, reserved 1056768K
  class space    used 554K, capacity 616K, committed 640K, reserved 1048576K
Event: 1,067 GC heap after
Heap after GC invocations=2 (full 0):
 PSYoungGen      total 34304K, used 2531K [0x00000000eab00000, 0x00000000ecf00000, 0x0000000100000000)
  eden space 31744K, 0% used [0x00000000eab00000,0x00000000eab00000,0x00000000eca00000)
  from space 2560K, 98% used [0x00000000ecc80000,0x00000000ecef8d78,0x00000000ecf00000)
  to   space 2560K, 0% used [0x00000000eca00000,0x00000000eca00000,0x00000000ecc80000)
 ParOldGen       total 42496K, used 4721K [0x00000000c0000000, 0x00000000c2980000, 0x00000000eab00000)
  object space 42496K, 11% used [0x00000000c0000000,0x00000000c049c5e8,0x00000000c2980000)
 Metaspace       used 5484K, capacity 6704K, committed 6784K, reserved 1056768K
  class space    used 554K, capacity 616K, committed 640K, reserved 1048576K
}
Event: 1,628 GC heap before
{Heap before GC invocations=3 (full 0):
 PSYoungGen      total 34304K, used 34275K [0x00000000eab00000, 0x00000000ecf00000, 0x0000000100000000)
  eden space 31744K, 100% used [0x00000000eab00000,0x00000000eca00000,0x00000000eca00000)
  from space 2560K, 98% used [0x00000000ecc80000,0x00000000ecef8d78,0x00000000ecf00000)
  to   space 2560K, 0% used [0x00000000eca00000,0x00000000eca00000,0x00000000ecc80000)
 ParOldGen       total 42496K, used 4721K [0x00000000c0000000, 0x00000000c2980000, 0x00000000eab00000)
  object space 42496K, 11% used [0x00000000c0000000,0x00000000c049c5e8,0x00000000c2980000)
 Metaspace       used 5568K, capacity 6832K, committed 7040K, reserved 1056768K
  class space    used 555K, capacity 616K, committed 640K, reserved 1048576K

Deoptimization events (10 events):
Event: 0,283 Thread 0x00007f783400a000 Uncommon trap: reason=unstable_if action=reinterpret pc=0x00007f782513d804 method=java.lang.String.indexOf(II)I @ 49
Event: 0,508 Thread 0x00007f7834145000 Uncommon trap: reason=unstable_if action=reinterpret pc=0x00007f78251b2aac method=java.util.HashMap.getNode(ILjava/lang/Object;)Ljava/util/HashMap$Node; @ 129
Event: 0,598 Thread 0x00007f7834145000 Uncommon trap: reason=unstable_if action=reinterpret pc=0x00007f78251fc1f8 method=java.util.BitSet.ensureCapacity(I)V @ 6
Event: 0,610 Thread 0x00007f7834132000 Uncommon trap: reason=predicate action=maybe_recompile pc=0x00007f782523b0ec method=java.util.ArrayList.remove(Ljava/lang/Object;)Z @ 49
Event: 0,708 Thread 0x00007f7834132000 Uncommon trap: reason=unstable_if action=reinterpret pc=0x00007f7825251870 method=com.android.dx.rop.code.RegisterSpec.equals(ILcom/android/dx/rop/type/TypeBearer;Lcom/android/dx/rop/code/LocalItem;)Z @ 24
Event: 0,835 Thread 0x00007f7834145000 Uncommon trap: reason=unstable_if action=reinterpret pc=0x00007f782523a16c method=com.android.dx.rop.code.RegisterSpec.equals(ILcom/android/dx/rop/type/TypeBearer;Lcom/android/dx/rop/code/LocalItem;)Z @ 24
Event: 0,950 Thread 0x00007f783400a000 Uncommon trap: reason=unloaded action=reinterpret pc=0x00007f78251e2e28 method=com.android.dx.cf.cst.ConstantPoolParser.parse0(ILjava/util/BitSet;)Lcom/android/dx/rop/cst/Constant; @ 220
Event: 0,957 Thread 0x00007f7834145000 Uncommon trap: reason=unloaded action=reinterpret pc=0x00007f78252d56fc method=com.android.dx.ssa.SsaRenamer$BlockRenamer.visitMoveInsn(Lcom/android/dx/ssa/NormalSsaInsn;)V @ 208
Event: 1,105 Thread 0x00007f7834145000 Uncommon trap: reason=unloaded action=reinterpret pc=0x00007f78252ee2f8 method=com.android.dx.ssa.SsaRenamer$BlockRenamer.visitMoveInsn(Lcom/android/dx/ssa/NormalSsaInsn;)V @ 208
Event: 1,283 Thread 0x00007f7834145000 Uncommon trap: reason=unstable_if action=reinterpret pc=0x00007f7825238c74 method=com.android.dx.ssa.SsaRenamer$BlockRenamer.addMapping(ILcom/android/dx/rop/code/RegisterSpec;)V @ 120

Internal exceptions (2 events):
Event: 0,070 Thread 0x00007f783400a000 Exception <a 'java/lang/NoSuchMethodError': Method sun.misc.Unsafe.defineClass(Ljava/lang/String;[BII)Ljava/lang/Class; name or signature does not match> (0x00000000eab07c78) thrown at [/ssd/Android/AOSP-openjdk/external/jetbrains/jdk/hotspot/src/share/vm
Event: 0,070 Thread 0x00007f783400a000 Exception <a 'java/lang/NoSuchMethodError': Method sun.misc.Unsafe.prefetchRead(Ljava/lang/Object;J)V name or signature does not match> (0x00000000eab07f60) thrown at [/ssd/Android/AOSP-openjdk/external/jetbrains/jdk/hotspot/src/share/vm/prims/jni.cpp, li

Events (10 events):
Event: 1,290 Thread 0x00007f7834144000 DEOPT UNPACKING pc=0x00007f7825047373 sp=0x00007f77e7dfbe38 mode 0
Event: 1,350 loading class java/util/ArrayList$1
Event: 1,361 loading class java/util/ArrayList$1 done
Event: 1,492 Thread 0x00007f7834145000 DEOPT PACKING pc=0x00007f782534dd87 sp=0x00007f77e7cfaf10
Event: 1,495 Thread 0x00007f7834145000 DEOPT UNPACKING pc=0x00007f7825047373 sp=0x00007f77e7cfac78 mode 0
Event: 1,520 Thread 0x00007f783400a000 DEOPT PACKING pc=0x00007f782534dd87 sp=0x00007f783b35a200
Event: 1,527 Thread 0x00007f783400a000 DEOPT UNPACKING pc=0x00007f7825047373 sp=0x00007f783b359f68 mode 0
Event: 1,531 Thread 0x00007f783400a000 DEOPT PACKING pc=0x00007f782534dd87 sp=0x00007f783b35a200
Event: 1,531 Thread 0x00007f783400a000 DEOPT UNPACKING pc=0x00007f7825047373 sp=0x00007f783b359f68 mode 0
Event: 1,613 Executing VM operation: ParallelGCFailedAllocation


Dynamic libraries:
00400000-00401000 r-xp 00000000 08:01 6698937                            /home/gaia/code/Android/android-studio/jre/bin/java
00600000-00601000 r--p 00000000 08:01 6698937                            /home/gaia/code/Android/android-studio/jre/bin/java
00601000-00602000 rw-p 00001000 08:01 6698937                            /home/gaia/code/Android/android-studio/jre/bin/java
02025000-02046000 rw-p 00000000 00:00 0                                  [heap]
c0000000-c2980000 rw-p 00000000 00:00 0 
c2980000-eab00000 ---p 00000000 00:00 0 
eab00000-ecf00000 rw-p 00000000 00:00 0 
eee00000-100000000 ---p 00000000 00:00 0 
100000000-1000a0000 rw-p 00000000 00:00 0 
1000a0000-140000000 ---p 00000000 00:00 0 
7f77d0000000-7f77d0021000 rw-p 00000000 00:00 0 
7f77d0021000-7f77d4000000 ---p 00000000 00:00 0 
7f77d8000000-7f77d8052000 rw-p 00000000 00:00 0 
7f77d8052000-7f77dc000000 ---p 00000000 00:00 0 
7f77dc000000-7f77dc03d000 rw-p 00000000 00:00 0 
7f77dc03d000-7f77e0000000 ---p 00000000 00:00 0 
7f77e0000000-7f77e0021000 rw-p 00000000 00:00 0 
7f77e0021000-7f77e4000000 ---p 00000000 00:00 0 
7f77e7bfc000-7f77e7bff000 ---p 00000000 00:00 0 
7f77e7bff000-7f77e7cfd000 rw-p 00000000 00:00 0 
7f77e7cfd000-7f77e7d00000 ---p 00000000 00:00 0 
7f77e7d00000-7f77e7dfe000 rw-p 00000000 00:00 0 
7f77e7dfe000-7f77e7e01000 ---p 00000000 00:00 0 
7f77e7e01000-7f77e7eff000 rw-p 00000000 00:00 0 
7f77e7eff000-7f77e7f02000 ---p 00000000 00:00 0 
7f77e7f02000-7f77e8000000 rw-p 00000000 00:00 0 
7f77e8000000-7f77e8021000 rw-p 00000000 00:00 0 
7f77e8021000-7f77ec000000 ---p 00000000 00:00 0 
7f77ec000000-7f77ec048000 rw-p 00000000 00:00 0 
7f77ec048000-7f77f0000000 ---p 00000000 00:00 0 
7f77f0000000-7f77f04c8000 rw-p 00000000 00:00 0 
7f77f04c8000-7f77f4000000 ---p 00000000 00:00 0 
7f77f4000000-7f77f4021000 rw-p 00000000 00:00 0 
7f77f4021000-7f77f8000000 ---p 00000000 00:00 0 
7f77f8000000-7f77f84d9000 rw-p 00000000 00:00 0 
7f77f84d9000-7f77fc000000 ---p 00000000 00:00 0 
7f77fc000000-7f77fc3b9000 rw-p 00000000 00:00 0 
7f77fc3b9000-7f7800000000 ---p 00000000 00:00 0 
7f7800000000-7f7800021000 rw-p 00000000 00:00 0 
7f7800021000-7f7804000000 ---p 00000000 00:00 0 
7f7804000000-7f7804021000 rw-p 00000000 00:00 0 
7f7804021000-7f7808000000 ---p 00000000 00:00 0 
7f7808000000-7f7808281000 rw-p 00000000 00:00 0 
7f7808281000-7f780c000000 ---p 00000000 00:00 0 
7f780c000000-7f780c021000 rw-p 00000000 00:00 0 
7f780c021000-7f7810000000 ---p 00000000 00:00 0 
7f7810000000-7f7810021000 rw-p 00000000 00:00 0 
7f7810021000-7f7814000000 ---p 00000000 00:00 0 
7f7814000000-7f7814021000 rw-p 00000000 00:00 0 
7f7814021000-7f7818000000 ---p 00000000 00:00 0 
7f7818000000-7f7818021000 rw-p 00000000 00:00 0 
7f7818021000-7f781c000000 ---p 00000000 00:00 0 
7f781c00e000-7f781c011000 ---p 00000000 00:00 0 
7f781c011000-7f781c10f000 rw-p 00000000 00:00 0 
7f781c10f000-7f781c110000 ---p 00000000 00:00 0 
7f781c110000-7f781c210000 rw-p 00000000 00:00 0 
7f781c210000-7f781c213000 ---p 00000000 00:00 0 
7f781c213000-7f781c311000 rw-p 00000000 00:00 0 
7f781c311000-7f781c314000 ---p 00000000 00:00 0 
7f781c314000-7f781c412000 rw-p 00000000 00:00 0 
7f781c412000-7f781c415000 ---p 00000000 00:00 0 
7f781c415000-7f781c513000 rw-p 00000000 00:00 0 
7f781c513000-7f781c516000 ---p 00000000 00:00 0 
7f781c516000-7f781c614000 rw-p 00000000 00:00 0 
7f781c614000-7f781c617000 ---p 00000000 00:00 0 
7f781c617000-7f781c715000 rw-p 00000000 00:00 0 
7f781c715000-7f781c9f2000 r--p 00000000 08:01 1835757                    /usr/lib/locale/locale-archive
7f781c9f2000-7f781c9f5000 ---p 00000000 00:00 0 
7f781c9f5000-7f781caf3000 rw-p 00000000 00:00 0 
7f781caf3000-7f781caf6000 ---p 00000000 00:00 0 
7f781caf6000-7f781cbf4000 rw-p 00000000 00:00 0 
7f781cbf4000-7f781cbf5000 ---p 00000000 00:00 0 
7f781cbf5000-7f781de40000 rw-p 00000000 00:00 0 
7f781de40000-7f781e000000 ---p 00000000 00:00 0 
7f781e000000-7f7820000000 rw-p 00000000 00:00 0 
7f7820000000-7f7820021000 rw-p 00000000 00:00 0 
7f7820021000-7f7824000000 ---p 00000000 00:00 0 
7f782406e000-7f7824090000 r--p 00000000 08:01 3674227                    /usr/share/locale-langpack/it/LC_MESSAGES/libc.mo
7f7824090000-7f78244d6000 rw-p 00000000 00:00 0 
7f78244d6000-7f78246a5000 r--s 03c1b000 08:01 6698995                    /home/gaia/code/Android/android-studio/jre/jre/lib/rt.jar
7f78246a5000-7f78248a5000 rw-p 00000000 00:00 0 
7f78248a5000-7f78248a6000 ---p 00000000 00:00 0 
7f78248a6000-7f78249a6000 rw-p 00000000 00:00 0 
7f78249a6000-7f78249a7000 ---p 00000000 00:00 0 
7f78249a7000-7f7824aa7000 rw-p 00000000 00:00 0 
7f7824aa7000-7f7824aa8000 ---p 00000000 00:00 0 
7f7824aa8000-7f7824ba8000 rw-p 00000000 00:00 0 
7f7824ba8000-7f7824ba9000 ---p 00000000 00:00 0 
7f7824ba9000-7f7824cbe000 rw-p 00000000 00:00 0 
7f7824cbe000-7f7824dff000 ---p 00000000 00:00 0 
7f7824dff000-7f7824e14000 rw-p 00000000 00:00 0 
7f7824e14000-7f7824f54000 ---p 00000000 00:00 0 
7f7824f54000-7f7824f67000 rw-p 00000000 00:00 0 
7f7824f67000-7f7824fff000 ---p 00000000 00:00 0 
7f7824fff000-7f7825000000 rw-p 00000000 00:00 0 
7f7825000000-7f7825390000 rwxp 00000000 00:00 0 
7f7825390000-7f7834000000 ---p 00000000 00:00 0 
7f7834000000-7f783439d000 rw-p 00000000 00:00 0 
7f783439d000-7f7838000000 ---p 00000000 00:00 0 
7f783800b000-7f7838019000 r--s 000e0000 08:01 6558052                    /home/gaia/Android/Sdk/build-tools/25.0.0/lib/dx.jar
7f7838019000-7f7838101000 rw-p 00000000 00:00 0 
7f7838101000-7f78384b2000 ---p 00000000 00:00 0 
7f78384b2000-7f78384cc000 r-xp 00000000 08:01 6819923                    /home/gaia/code/Android/android-studio/jre/jre/lib/amd64/libzip.so
7f78384cc000-7f78386cc000 ---p 0001a000 08:01 6819923                    /home/gaia/code/Android/android-studio/jre/jre/lib/amd64/libzip.so
7f78386cc000-7f78386cd000 r--p 0001a000 08:01 6819923                    /home/gaia/code/Android/android-studio/jre/jre/lib/amd64/libzip.so
7f78386cd000-7f78386ce000 rw-p 0001b000 08:01 6819923                    /home/gaia/code/Android/android-studio/jre/jre/lib/amd64/libzip.so
7f78386ce000-7f78386d9000 r-xp 00000000 08:01 1311084                    /lib/x86_64-linux-gnu/libnss_files-2.24.so
7f78386d9000-7f78388d8000 ---p 0000b000 08:01 1311084                    /lib/x86_64-linux-gnu/libnss_files-2.24.so
7f78388d8000-7f78388d9000 r--p 0000a000 08:01 1311084                    /lib/x86_64-linux-gnu/libnss_files-2.24.so
7f78388d9000-7f78388da000 rw-p 0000b000 08:01 1311084                    /lib/x86_64-linux-gnu/libnss_files-2.24.so
7f78388da000-7f78388e0000 rw-p 00000000 00:00 0 
7f78388e0000-7f78388eb000 r-xp 00000000 08:01 1311086                    /lib/x86_64-linux-gnu/libnss_nis-2.24.so
7f78388eb000-7f7838aea000 ---p 0000b000 08:01 1311086                    /lib/x86_64-linux-gnu/libnss_nis-2.24.so
7f7838aea000-7f7838aeb000 r--p 0000a000 08:01 1311086                    /lib/x86_64-linux-gnu/libnss_nis-2.24.so
7f7838aeb000-7f7838aec000 rw-p 0000b000 08:01 1311086                    /lib/x86_64-linux-gnu/libnss_nis-2.24.so
7f7838aec000-7f7838b02000 r-xp 00000000 08:01 1311081                    /lib/x86_64-linux-gnu/libnsl-2.24.so
7f7838b02000-7f7838d01000 ---p 00016000 08:01 1311081                    /lib/x86_64-linux-gnu/libnsl-2.24.so
7f7838d01000-7f7838d02000 r--p 00015000 08:01 1311081                    /lib/x86_64-linux-gnu/libnsl-2.24.so
7f7838d02000-7f7838d03000 rw-p 00016000 08:01 1311081                    /lib/x86_64-linux-gnu/libnsl-2.24.so
7f7838d03000-7f7838d05000 rw-p 00000000 00:00 0 
7f7838d05000-7f7838d0d000 r-xp 00000000 08:01 1311082                    /lib/x86_64-linux-gnu/libnss_compat-2.24.so
7f7838d0d000-7f7838f0c000 ---p 00008000 08:01 1311082                    /lib/x86_64-linux-gnu/libnss_compat-2.24.so
7f7838f0c000-7f7838f0d000 r--p 00007000 08:01 1311082                    /lib/x86_64-linux-gnu/libnss_compat-2.24.so
7f7838f0d000-7f7838f0e000 rw-p 00008000 08:01 1311082                    /lib/x86_64-linux-gnu/libnss_compat-2.24.so
7f7838f0e000-7f7838f3b000 r-xp 00000000 08:01 6819933                    /home/gaia/code/Android/android-studio/jre/jre/lib/amd64/libjava.so
7f7838f3b000-7f783913a000 ---p 0002d000 08:01 6819933                    /home/gaia/code/Android/android-studio/jre/jre/lib/amd64/libjava.so
7f783913a000-7f783913b000 r--p 0002c000 08:01 6819933                    /home/gaia/code/Android/android-studio/jre/jre/lib/amd64/libjava.so
7f783913b000-7f783913d000 rw-p 0002d000 08:01 6819933                    /home/gaia/code/Android/android-studio/jre/jre/lib/amd64/libjava.so
7f783913d000-7f783914d000 r-xp 00000000 08:01 6819949                    /home/gaia/code/Android/android-studio/jre/jre/lib/amd64/libverify.so
7f783914d000-7f783934c000 ---p 00010000 08:01 6819949                    /home/gaia/code/Android/android-studio/jre/jre/lib/amd64/libverify.so
7f783934c000-7f783934e000 r--p 0000f000 08:01 6819949                    /home/gaia/code/Android/android-studio/jre/jre/lib/amd64/libverify.so
7f783934e000-7f783934f000 rw-p 00011000 08:01 6819949                    /home/gaia/code/Android/android-studio/jre/jre/lib/amd64/libverify.so
7f783934f000-7f7839356000 r-xp 00000000 08:01 1311091                    /lib/x86_64-linux-gnu/librt-2.24.so
7f7839356000-7f7839555000 ---p 00007000 08:01 1311091                    /lib/x86_64-linux-gnu/librt-2.24.so
7f7839555000-7f7839556000 r--p 00006000 08:01 1311091                    /lib/x86_64-linux-gnu/librt-2.24.so
7f7839556000-7f7839557000 rw-p 00007000 08:01 1311091                    /lib/x86_64-linux-gnu/librt-2.24.so
7f7839557000-7f783965f000 r-xp 00000000 08:01 1311078                    /lib/x86_64-linux-gnu/libm-2.24.so
7f783965f000-7f783985e000 ---p 00108000 08:01 1311078                    /lib/x86_64-linux-gnu/libm-2.24.so
7f783985e000-7f783985f000 r--p 00107000 08:01 1311078                    /lib/x86_64-linux-gnu/libm-2.24.so
7f783985f000-7f7839860000 rw-p 00108000 08:01 1311078                    /lib/x86_64-linux-gnu/libm-2.24.so
7f7839860000-7f783a451000 r-xp 00000000 08:01 6819953                    /home/gaia/code/Android/android-studio/jre/jre/lib/amd64/server/libjvm.so
7f783a451000-7f783a651000 ---p 00bf1000 08:01 6819953                    /home/gaia/code/Android/android-studio/jre/jre/lib/amd64/server/libjvm.so
7f783a651000-7f783a6f0000 r--p 00bf1000 08:01 6819953                    /home/gaia/code/Android/android-studio/jre/jre/lib/amd64/server/libjvm.so
7f783a6f0000-7f783a719000 rw-p 00c90000 08:01 6819953                    /home/gaia/code/Android/android-studio/jre/jre/lib/amd64/server/libjvm.so
7f783a719000-7f783a75d000 rw-p 00000000 00:00 0 
7f783a75d000-7f783a775000 r-xp 00000000 08:01 1311089                    /lib/x86_64-linux-gnu/libpthread-2.24.so
7f783a775000-7f783a975000 ---p 00018000 08:01 1311089                    /lib/x86_64-linux-gnu/libpthread-2.24.so
7f783a975000-7f783a976000 r--p 00018000 08:01 1311089                    /lib/x86_64-linux-gnu/libpthread-2.24.so
7f783a976000-7f783a977000 rw-p 00019000 08:01 1311089                    /lib/x86_64-linux-gnu/libpthread-2.24.so
7f783a977000-7f783a97b000 rw-p 00000000 00:00 0 
7f783a97b000-7f783a97e000 r-xp 00000000 08:01 1311077                    /lib/x86_64-linux-gnu/libdl-2.24.so
7f783a97e000-7f783ab7d000 ---p 00003000 08:01 1311077                    /lib/x86_64-linux-gnu/libdl-2.24.so
7f783ab7d000-7f783ab7e000 r--p 00002000 08:01 1311077                    /lib/x86_64-linux-gnu/libdl-2.24.so
7f783ab7e000-7f783ab7f000 rw-p 00003000 08:01 1311077                    /lib/x86_64-linux-gnu/libdl-2.24.so
7f783ab7f000-7f783ad3d000 r-xp 00000000 08:01 1311074                    /lib/x86_64-linux-gnu/libc-2.24.so
7f783ad3d000-7f783af3c000 ---p 001be000 08:01 1311074                    /lib/x86_64-linux-gnu/libc-2.24.so
7f783af3c000-7f783af40000 r--p 001bd000 08:01 1311074                    /lib/x86_64-linux-gnu/libc-2.24.so
7f783af40000-7f783af42000 rw-p 001c1000 08:01 1311074                    /lib/x86_64-linux-gnu/libc-2.24.so
7f783af42000-7f783af46000 rw-p 00000000 00:00 0 
7f783af46000-7f783af5c000 r-xp 00000000 08:01 6698911                    /home/gaia/code/Android/android-studio/jre/lib/amd64/jli/libjli.so
7f783af5c000-7f783b15b000 ---p 00016000 08:01 6698911                    /home/gaia/code/Android/android-studio/jre/lib/amd64/jli/libjli.so
7f783b15b000-7f783b15c000 r--p 00015000 08:01 6698911                    /home/gaia/code/Android/android-studio/jre/lib/amd64/jli/libjli.so
7f783b15c000-7f783b15d000 rw-p 00016000 08:01 6698911                    /home/gaia/code/Android/android-studio/jre/lib/amd64/jli/libjli.so
7f783b15d000-7f783b183000 r-xp 00000000 08:01 1310819                    /lib/x86_64-linux-gnu/ld-2.24.so
7f783b184000-7f783b18b000 r--s 00000000 08:01 2104802                    /usr/lib/x86_64-linux-gnu/gconv/gconv-modules.cache
7f783b18b000-7f783b25c000 rw-p 00000000 00:00 0 
7f783b25c000-7f783b25f000 ---p 00000000 00:00 0 
7f783b25f000-7f783b35f000 rw-p 00000000 00:00 0 
7f783b361000-7f783b375000 rw-p 00000000 00:00 0 
7f783b375000-7f783b37d000 rw-s 00000000 08:01 2232863                    /tmp/hsperfdata_gaia/10223
7f783b37d000-7f783b37e000 rw-p 00000000 00:00 0 
7f783b37e000-7f783b37f000 ---p 00000000 00:00 0 
7f783b37f000-7f783b382000 rw-p 00000000 00:00 0 
7f783b382000-7f783b383000 r--p 00025000 08:01 1310819                    /lib/x86_64-linux-gnu/ld-2.24.so
7f783b383000-7f783b384000 rw-p 00026000 08:01 1310819                    /lib/x86_64-linux-gnu/ld-2.24.so
7f783b384000-7f783b385000 rw-p 00000000 00:00 0 
7ffc0aead000-7ffc0aece000 rw-p 00000000 00:00 0                          [stack]
7ffc0af26000-7ffc0af28000 r--p 00000000 00:00 0                          [vvar]
7ffc0af28000-7ffc0af2a000 r-xp 00000000 00:00 0                          [vdso]
ffffffffff600000-ffffffffff601000 r-xp 00000000 00:00 0                  [vsyscall]

VM Arguments:
jvm_args: -Djava.awt.headless=true -Xmx1024M -Dfile.encoding=UTF-8 -Duser.country=IT -Duser.language=it -Duser.variant 
java_command: com.android.dx.command.Main --dex --force-jumbo --num-threads=4 --multi-dex --output /home/gaia/AndroidStudioProjects/8Chesifaoggi (copy)- pretest con errore locandina lista/app/build/intermediates/transforms/dex/debug/folders/1000/5/slice_2 /home/gaia/AndroidStudioProjects/8Chesifaoggi (copy)- pretest con errore locandina lista/app/build/intermediates/transforms/instantRunSlicer/debug/folders/1/5/slice_2
java_class_path (initial): /home/gaia/Android/Sdk/build-tools/25.0.0/lib/dx.jar
Launcher Type: SUN_STANDARD

Environment Variables:
PATH=/usr/local/sbin:/usr/local/bin:/usr/sbin:/usr/bin:/sbin:/bin:/usr/games:/usr/local/games:/snap/bin
LD_LIBRARY_PATH=.:
SHELL=/bin/bash
DISPLAY=:0

Signal Handlers:
SIGSEGV: [libjvm.so+0x9e5150], sa_mask[0]=11111111011111111101111111111110, sa_flags=SA_RESTART|SA_SIGINFO
SIGBUS: [libjvm.so+0x9e5150], sa_mask[0]=11111111011111111101111111111110, sa_flags=SA_RESTART|SA_SIGINFO
SIGFPE: [libjvm.so+0x848450], sa_mask[0]=11111111011111111101111111111110, sa_flags=SA_RESTART|SA_SIGINFO
SIGPIPE: [libjvm.so+0x848450], sa_mask[0]=11111111011111111101111111111110, sa_flags=SA_RESTART|SA_SIGINFO
SIGXFSZ: [libjvm.so+0x848450], sa_mask[0]=11111111011111111101111111111110, sa_flags=SA_RESTART|SA_SIGINFO
SIGILL: [libjvm.so+0x848450], sa_mask[0]=11111111011111111101111111111110, sa_flags=SA_RESTART|SA_SIGINFO
SIGUSR1: SIG_DFL, sa_mask[0]=00000000000000000000000000000000, sa_flags=none
SIGUSR2: [libjvm.so+0x848320], sa_mask[0]=00100000000000000000000000000000, sa_flags=SA_RESTART|SA_SIGINFO
SIGHUP: [libjvm.so+0x848510], sa_mask[0]=11111111011111111101111111111110, sa_flags=SA_RESTART|SA_SIGINFO
SIGINT: [libjvm.so+0x848510], sa_mask[0]=11111111011111111101111111111110, sa_flags=SA_RESTART|SA_SIGINFO
SIGTERM: [libjvm.so+0x848510], sa_mask[0]=11111111011111111101111111111110, sa_flags=SA_RESTART|SA_SIGINFO
SIGQUIT: [libjvm.so+0x848510], sa_mask[0]=11111111011111111101111111111110, sa_flags=SA_RESTART|SA_SIGINFO


---------------  S Y S T E M  ---------------

OS:DISTRIB_ID=Ubuntu
DISTRIB_RELEASE=17.04
DISTRIB_CODENAME=zesty
DISTRIB_DESCRIPTION="Ubuntu 17.04"

uname:Linux 4.10.0-33-generic #37-Ubuntu SMP Fri Aug 11 10:55:28 UTC 2017 x86_64
libc:glibc 2.24 NPTL 2.24 
rlimit: STACK 8192k, CORE 0k, NPROC 15016, NOFILE 4096, AS infinity
load average:2,70 1,47 1,32

/proc/meminfo:
MemTotal:        3945344 kB
MemFree:          744848 kB
MemAvailable:     666612 kB
Buffers:             676 kB
Cached:           538644 kB
SwapCached:        33748 kB
Active:          2400184 kB
Inactive:         580988 kB
Active(anon):    2392940 kB
Inactive(anon):   546940 kB
Active(file):       7244 kB
Inactive(file):    34048 kB
Unevictable:          48 kB
Mlocked:              48 kB
SwapTotal:       2097148 kB
SwapFree:         956424 kB
Dirty:                16 kB
Writeback:         33020 kB
AnonPages:       2409048 kB
Mapped:            91532 kB
Shmem:            497660 kB
Slab:              88124 kB
SReclaimable:      40760 kB
SUnreclaim:        47364 kB
KernelStack:       12112 kB
PageTables:        45104 kB
NFS_Unstable:          0 kB
Bounce:                0 kB
WritebackTmp:          0 kB
CommitLimit:     4069820 kB
Committed_AS:    8793904 kB
VmallocTotal:   34359738367 kB
VmallocUsed:           0 kB
VmallocChunk:          0 kB
HardwareCorrupted:     0 kB
AnonHugePages:    245760 kB
ShmemHugePages:        0 kB
ShmemPmdMapped:        0 kB
CmaTotal:              0 kB
CmaFree:               0 kB
HugePages_Total:       0
HugePages_Free:        0
HugePages_Rsvd:        0
HugePages_Surp:        0
Hugepagesize:       2048 kB
DirectMap4k:      152860 kB
DirectMap2M:     3942400 kB
DirectMap1G:           0 kB


CPU:total 4 (2 cores per cpu, 2 threads per core) family 6 model 61 stepping 4, cmov, cx8, fxsr, mmx, sse, sse2, sse3, ssse3, sse4.1, sse4.2, popcnt, avx, avx2, aes, clmul, erms, 3dnowpref, lzcnt, ht, tsc, tscinvbit, bmi1, bmi2, adx

/proc/cpuinfo:
processor	: 0
vendor_id	: GenuineIntel
cpu family	: 6
model		: 61
model name	: Intel(R) Core(TM) i7-5500U CPU @ 2.40GHz
stepping	: 4
microcode	: 0x24
cpu MHz		: 2587.792
cache size	: 4096 KB
physical id	: 0
siblings	: 4
core id		: 0
cpu cores	: 2
apicid		: 0
initial apicid	: 0
fpu		: yes
fpu_exception	: yes
cpuid level	: 20
wp		: yes
flags		: fpu vme de pse tsc msr pae mce cx8 apic sep mtrr pge mca cmov pat pse36 clflush dts acpi mmx fxsr sse sse2 ss ht tm pbe syscall nx pdpe1gb rdtscp lm constant_tsc arch_perfmon pebs bts rep_good nopl xtopology nonstop_tsc aperfmperf pni pclmulqdq dtes64 monitor ds_cpl vmx est tm2 ssse3 sdbg fma cx16 xtpr pdcm pcid sse4_1 sse4_2 x2apic movbe popcnt tsc_deadline_timer aes xsave avx f16c rdrand lahf_lm abm 3dnowprefetch epb intel_pt tpr_shadow vnmi flexpriority ept vpid fsgsbase tsc_adjust bmi1 avx2 smep bmi2 erms invpcid rdseed adx smap xsaveopt dtherm ida arat pln pts
bugs		:
bogomips	: 4788.83
clflush size	: 64
cache_alignment	: 64
address sizes	: 39 bits physical, 48 bits virtual
power management:

processor	: 1
vendor_id	: GenuineIntel
cpu family	: 6
model		: 61
model name	: Intel(R) Core(TM) i7-5500U CPU @ 2.40GHz
stepping	: 4
microcode	: 0x24
cpu MHz		: 2492.138
cache size	: 4096 KB
physical id	: 0
siblings	: 4
core id		: 1
cpu cores	: 2
apicid		: 2
initial apicid	: 2
fpu		: yes
fpu_exception	: yes
cpuid level	: 20
wp		: yes
flags		: fpu vme de pse tsc msr pae mce cx8 apic sep mtrr pge mca cmov pat pse36 clflush dts acpi mmx fxsr sse sse2 ss ht tm pbe syscall nx pdpe1gb rdtscp lm constant_tsc arch_perfmon pebs bts rep_good nopl xtopology nonstop_tsc aperfmperf pni pclmulqdq dtes64 monitor ds_cpl vmx est tm2 ssse3 sdbg fma cx16 xtpr pdcm pcid sse4_1 sse4_2 x2apic movbe popcnt tsc_deadline_timer aes xsave avx f16c rdrand lahf_lm abm 3dnowprefetch epb intel_pt tpr_shadow vnmi flexpriority ept vpid fsgsbase tsc_adjust bmi1 avx2 smep bmi2 erms invpcid rdseed adx smap xsaveopt dtherm ida arat pln pts
bugs		:
bogomips	: 4788.83
clflush size	: 64
cache_alignment	: 64
address sizes	: 39 bits physical, 48 bits virtual
power management:

processor	: 2
vendor_id	: GenuineIntel
cpu family	: 6
model		: 61
model name	: Intel(R) Core(TM) i7-5500U CPU @ 2.40GHz
stepping	: 4
microcode	: 0x24
cpu MHz		: 2458.886
cache size	: 4096 KB
physical id	: 0
siblings	: 4
core id		: 0
cpu cores	: 2
apicid		: 1
initial apicid	: 1
fpu		: yes
fpu_exception	: yes
cpuid level	: 20
wp		: yes
flags		: fpu vme de pse tsc msr pae mce cx8 apic sep mtrr pge mca cmov pat pse36 clflush dts acpi mmx fxsr sse sse2 ss ht tm pbe syscall nx pdpe1gb rdtscp lm constant_tsc arch_perfmon pebs bts rep_good nopl xtopology nonstop_tsc aperfmperf pni pclmulqdq dtes64 monitor ds_cpl vmx est tm2 ssse3 sdbg fma cx16 xtpr pdcm pcid sse4_1 sse4_2 x2apic movbe popcnt tsc_deadline_timer aes xsave avx f16c rdrand lahf_lm abm 3dnowprefetch epb intel_pt tpr_shadow vnmi flexpriority ept vpid fsgsbase tsc_adjust bmi1 avx2 smep bmi2 erms invpcid rdseed adx smap xsaveopt dtherm ida arat pln pts
bugs		:
bogomips	: 4788.83
clflush size	: 64
cache_alignment	: 64
address sizes	: 39 bits physical, 48 bits virtual
power management:

processor	: 3
vendor_id	: GenuineIntel
cpu family	: 6
model		: 61
model name	: Intel(R) Core(TM) i7-5500U CPU @ 2.40GHz
stepping	: 4
microcode	: 0x24
cpu MHz		: 2454.931
cache size	: 4096 KB
physical id	: 0
siblings	: 4
core id		: 1
cpu cores	: 2
apicid		: 3
initial apicid	: 3
fpu		: yes
fpu_exception	: yes
cpuid level	: 20
wp		: yes
flags		: fpu vme de pse tsc msr pae mce cx8 apic sep mtrr pge mca cmov pat pse36 clflush dts acpi mmx fxsr sse sse2 ss ht tm pbe syscall nx pdpe1gb rdtscp lm constant_tsc arch_perfmon pebs bts rep_good nopl xtopology nonstop_tsc aperfmperf pni pclmulqdq dtes64 monitor ds_cpl vmx est tm2 ssse3 sdbg fma cx16 xtpr pdcm pcid sse4_1 sse4_2 x2apic movbe popcnt tsc_deadline_timer aes xsave avx f16c rdrand lahf_lm abm 3dnowprefetch epb intel_pt tpr_shadow vnmi flexpriority ept vpid fsgsbase tsc_adjust bmi1 avx2 smep bmi2 erms invpcid rdseed adx smap xsaveopt dtherm ida arat pln pts
bugs		:
bogomips	: 4788.83
clflush size	: 64
cache_alignment	: 64
address sizes	: 39 bits physical, 48 bits virtual
power management:



Memory: 4k page, physical 3945344k(744848k free), swap 2097148k(956432k free)

vm_info: OpenJDK 64-Bit Server VM (25.112-b06) for linux-amd64 JRE (1.8.0_112-release-b06), built on Dec  6 2016 12:11:18 by "builder" with gcc 4.8.4

time: Wed Sep  6 10:11:04 2017
elapsed time: 5 seconds (0d 0h 0m 5s)

