#
# There is insufficient memory for the Java Runtime Environment to continue.
# Native memory allocation (mmap) failed to map 100663296 bytes for committing reserved memory.
# Possible reasons:
#   The system is out of physical RAM or swap space
#   In 32 bit mode, the process size limit was hit
# Possible solutions:
#   Reduce memory load on the system
#   Increase physical memory or swap space
#   Check if swap backing store is full
#   Use 64 bit Java on a 64 bit OS
#   Decrease Java heap size (-Xmx/-Xms)
#   Decrease number of Java threads
#   Decrease Java thread stack sizes (-Xss)
#   Set larger code cache with -XX:ReservedCodeCacheSize=
# This output file may be truncated or incomplete.
#
#  Out of Memory Error (os_linux.cpp:2627), pid=19897, tid=0x00007f2c6c9d0700
#
# JRE version: OpenJDK Runtime Environment (8.0_112-b06) (build 1.8.0_112-release-b06)
# Java VM: OpenJDK 64-Bit Server VM (25.112-b06 mixed mode linux-amd64 compressed oops)
# Failed to write core dump. Core dumps have been disabled. To enable core dumping, try "ulimit -c unlimited" before starting Java again
#

---------------  T H R E A D  ---------------

Current thread (0x00007f2c84077800):  VMThread [stack: 0x00007f2c6c8d0000,0x00007f2c6c9d1000] [id=19908]

Stack: [0x00007f2c6c8d0000,0x00007f2c6c9d1000],  sp=0x00007f2c6c9cf4c0,  free space=1021k
Native frames: (J=compiled Java code, j=interpreted, Vv=VM code, C=native code)
V  [libjvm.so+0x9e465d]  VMError::report_and_die()+0x15d
V  [libjvm.so+0x4b6ada]  report_vm_out_of_memory(char const*, int, unsigned long, VMErrorType, char const*)+0x8a
V  [libjvm.so+0x84c860]  os::pd_commit_memory(char*, unsigned long, unsigned long, bool)+0xf0
V  [libjvm.so+0x84737f]  os::commit_memory(char*, unsigned long, unsigned long, bool)+0x1f
V  [libjvm.so+0x8bd3db]  PSVirtualSpace::expand_by(unsigned long)+0x5b
V  [libjvm.so+0x8be050]  PSYoungGen::resize_generation(unsigned long, unsigned long)+0xb0
V  [libjvm.so+0x8be36b]  PSYoungGen::resize(unsigned long, unsigned long)+0x1b
V  [libjvm.so+0x8baa5c]  PSScavenge::invoke_no_policy()+0xdac
V  [libjvm.so+0x8bb238]  PSScavenge::invoke()+0x38
V  [libjvm.so+0x86fcf3]  ParallelScavengeHeap::failed_mem_allocate(unsigned long)+0x63
V  [libjvm.so+0x9e6124]  VM_ParallelGCFailedAllocation::doit()+0x84
V  [libjvm.so+0x9ea537]  VM_Operation::evaluate()+0x47
V  [libjvm.so+0x9e8ff8]  VMThread::evaluate_operation(VM_Operation*)+0x2c8
V  [libjvm.so+0x9e9479]  VMThread::loop()+0x219
V  [libjvm.so+0x9e98c2]  VMThread::run()+0x72
V  [libjvm.so+0x849c82]  java_start(Thread*)+0xf2

VM_Operation (0x00007f2c678f7080): ParallelGCFailedAllocation, mode: safepoint, requested by thread 0x00007f2c84125800


---------------  P R O C E S S  ---------------

Java Threads: ( => current thread )
  0x00007f2c84125800 JavaThread "pool-2-thread-4" [_thread_blocked, id=19956, stack(0x00007f2c677f8000,0x00007f2c678f9000)]
  0x00007f2c84135000 JavaThread "pool-2-thread-3" [_thread_blocked, id=19955, stack(0x00007f2c678f9000,0x00007f2c679fa000)]
  0x00007f2c84131800 JavaThread "pool-2-thread-2" [_thread_blocked, id=19954, stack(0x00007f2c679fa000,0x00007f2c67afb000)]
  0x00007f2c84123000 JavaThread "pool-3-thread-1" [_thread_blocked, id=19943, stack(0x00007f2c67afb000,0x00007f2c67bfc000)]
  0x00007f2c84121800 JavaThread "pool-2-thread-1" [_thread_blocked, id=19942, stack(0x00007f2c67bfc000,0x00007f2c67cfd000)]
  0x00007f2c840c0000 JavaThread "Service Thread" daemon [_thread_blocked, id=19933, stack(0x00007f2c67dfe000,0x00007f2c67eff000)]
  0x00007f2c840bd000 JavaThread "C1 CompilerThread2" daemon [_thread_blocked, id=19928, stack(0x00007f2c67eff000,0x00007f2c68000000)]
  0x00007f2c840bb000 JavaThread "C2 CompilerThread1" daemon [_thread_blocked, id=19926, stack(0x00007f2c6c0ee000,0x00007f2c6c1ef000)]
  0x00007f2c840b8800 JavaThread "C2 CompilerThread0" daemon [_thread_blocked, id=19924, stack(0x00007f2c6c1ef000,0x00007f2c6c2f0000)]
  0x00007f2c840b7000 JavaThread "Signal Dispatcher" daemon [_thread_blocked, id=19922, stack(0x00007f2c6c2f0000,0x00007f2c6c3f1000)]
  0x00007f2c84084000 JavaThread "Finalizer" daemon [_thread_blocked, id=19916, stack(0x00007f2c6c6ce000,0x00007f2c6c7cf000)]
  0x00007f2c8407f800 JavaThread "Reference Handler" daemon [_thread_blocked, id=19912, stack(0x00007f2c6c7cf000,0x00007f2c6c8d0000)]
  0x00007f2c8400a000 JavaThread "main" [_thread_blocked, id=19901, stack(0x00007f2c8aec2000,0x00007f2c8afc3000)]

Other Threads:
=>0x00007f2c84077800 VMThread [stack: 0x00007f2c6c8d0000,0x00007f2c6c9d1000] [id=19908]
  0x00007f2c840c2800 WatcherThread [stack: 0x00007f2c67cfd000,0x00007f2c67dfe000] [id=19938]

VM state:at safepoint (normal execution)

VM Mutex/Monitor currently owned by a thread:  ([mutex/lock_event])
[0x00007f2c84006790] Threads_lock - owner thread: 0x00007f2c84077800
[0x00007f2c84006c90] Heap_lock - owner thread: 0x00007f2c84125800

Heap:
 PSYoungGen      total 66048K, used 2533K [0x00000000eab00000, 0x00000000eee00000, 0x0000000100000000)
  eden space 63488K, 0% used [0x00000000eab00000,0x00000000eab00000,0x00000000ee900000)
  from space 2560K, 98% used [0x00000000ee900000,0x00000000eeb79468,0x00000000eeb80000)
  to   space 2560K, 0% used [0x00000000eeb80000,0x00000000eeb80000,0x00000000eee00000)
 ParOldGen       total 42496K, used 36099K [0x00000000c0000000, 0x00000000c2980000, 0x00000000eab00000)
  object space 42496K, 84% used [0x00000000c0000000,0x00000000c2340e98,0x00000000c2980000)
 Metaspace       used 5755K, capacity 6960K, committed 7040K, reserved 1056768K
  class space    used 556K, capacity 616K, committed 640K, reserved 1048576K

Card table byte_map: [0x00007f2c74a3f000,0x00007f2c74c40000] byte_map_base: 0x00007f2c7443f000

Marking Bits: (ParMarkBitMap*) 0x00007f2c8a394340
 Begin Bits: [0x00007f2c6e000000, 0x00007f2c6f000000)
 End Bits:   [0x00007f2c6f000000, 0x00007f2c70000000)

Polling page: 0x00007f2c8afe4000

CodeCache: size=245760Kb used=5628Kb max_used=5628Kb free=240131Kb
 bounds [0x00007f2c75000000, 0x00007f2c75590000, 0x00007f2c84000000]
 total_blobs=1597 nmethods=1335 adapters=175
 compilation: enabled

Compilation events (10 events):
Event: 3,954 Thread 0x00007f2c840bd000 nmethod 1464 0x00007f2c755776d0 code [0x00007f2c75577860, 0x00007f2c75577bd8]
Event: 3,954 Thread 0x00007f2c840bd000 1457   !   2       com.android.dx.cf.direct.AttributeListParser::parse (323 bytes)
Event: 3,963 Thread 0x00007f2c840bd000 nmethod 1457 0x00007f2c75577e10 code [0x00007f2c755781e0, 0x00007f2c755795e8]
Event: 3,963 Thread 0x00007f2c840bd000 1472 %     3       com.android.dx.ssa.BasicRegisterMapper::addMapping @ 22 (68 bytes)
Event: 3,964 Thread 0x00007f2c840bd000 nmethod 1472% 0x00007f2c7557b350 code [0x00007f2c7557b4e0, 0x00007f2c7557bad8]
Event: 3,964 Thread 0x00007f2c840bd000 1467 %     3       com.android.dx.ssa.back.InterferenceGraph::<init> @ 18 (42 bytes)
Event: 3,972 Thread 0x00007f2c840bd000 nmethod 1467% 0x00007f2c7557bcd0 code [0x00007f2c7557bf20, 0x00007f2c7557ccd8]
Event: 3,973 Thread 0x00007f2c840bd000 1471 %     3       com.android.dx.ssa.back.LivenessAnalyzer::constructInterferenceGraph @ 16 (47 bytes)
Event: 3,973 Thread 0x00007f2c840bd000 nmethod 1471% 0x00007f2c7557d4d0 code [0x00007f2c7557d680, 0x00007f2c7557db58]
Event: 3,973 Thread 0x00007f2c840bd000 1466 %     3       com.android.dx.ssa.ConstCollector::getConstsSortedByCountUse @ 27 (386 bytes)

GC Heap History (9 events):
Event: 1,081 GC heap before
{Heap before GC invocations=1 (full 0):
 PSYoungGen      total 18432K, used 15872K [0x00000000eab00000, 0x00000000ebf80000, 0x0000000100000000)
  eden space 15872K, 100% used [0x00000000eab00000,0x00000000eba80000,0x00000000eba80000)
  from space 2560K, 0% used [0x00000000ebd00000,0x00000000ebd00000,0x00000000ebf80000)
  to   space 2560K, 0% used [0x00000000eba80000,0x00000000eba80000,0x00000000ebd00000)
 ParOldGen       total 42496K, used 0K [0x00000000c0000000, 0x00000000c2980000, 0x00000000eab00000)
  object space 42496K, 0% used [0x00000000c0000000,0x00000000c0000000,0x00000000c2980000)
 Metaspace       used 5419K, capacity 6704K, committed 6784K, reserved 1056768K
  class space    used 554K, capacity 616K, committed 640K, reserved 1048576K
Event: 1,105 GC heap after
Heap after GC invocations=1 (full 0):
 PSYoungGen      total 18432K, used 2537K [0x00000000eab00000, 0x00000000ecf00000, 0x0000000100000000)
  eden space 15872K, 0% used [0x00000000eab00000,0x00000000eab00000,0x00000000eba80000)
  from space 2560K, 99% used [0x00000000eba80000,0x00000000ebcfa760,0x00000000ebd00000)
  to   space 2560K, 0% used [0x00000000ecc80000,0x00000000ecc80000,0x00000000ecf00000)
 ParOldGen       total 42496K, used 1871K [0x00000000c0000000, 0x00000000c2980000, 0x00000000eab00000)
  object space 42496K, 4% used [0x00000000c0000000,0x00000000c01d3d90,0x00000000c2980000)
 Metaspace       used 5419K, capacity 6704K, committed 6784K, reserved 1056768K
  class space    used 554K, capacity 616K, committed 640K, reserved 1048576K
}
Event: 1,451 GC heap before
{Heap before GC invocations=2 (full 0):
 PSYoungGen      total 18432K, used 18409K [0x00000000eab00000, 0x00000000ecf00000, 0x0000000100000000)
  eden space 15872K, 100% used [0x00000000eab00000,0x00000000eba80000,0x00000000eba80000)
  from space 2560K, 99% used [0x00000000eba80000,0x00000000ebcfa760,0x00000000ebd00000)
  to   space 2560K, 0% used [0x00000000ecc80000,0x00000000ecc80000,0x00000000ecf00000)
 ParOldGen       total 42496K, used 1871K [0x00000000c0000000, 0x00000000c2980000, 0x00000000eab00000)
  object space 42496K, 4% used [0x00000000c0000000,0x00000000c01d3d90,0x00000000c2980000)
 Metaspace       used 5522K, capacity 6768K, committed 7040K, reserved 1056768K
  class space    used 555K, capacity 616K, committed 640K, reserved 1048576K
Event: 1,462 GC heap after
Heap after GC invocations=2 (full 0):
 PSYoungGen      total 34304K, used 2536K [0x00000000eab00000, 0x00000000ecf00000, 0x0000000100000000)
  eden space 31744K, 0% used [0x00000000eab00000,0x00000000eab00000,0x00000000eca00000)
  from space 2560K, 99% used [0x00000000ecc80000,0x00000000ecefa250,0x00000000ecf00000)
  to   space 2560K, 0% used [0x00000000eca00000,0x00000000eca00000,0x00000000ecc80000)
 ParOldGen       total 42496K, used 4504K [0x00000000c0000000, 0x00000000c2980000, 0x00000000eab00000)
  object space 42496K, 10% used [0x00000000c0000000,0x00000000c0466078,0x00000000c2980000)
 Metaspace       used 5522K, capacity 6768K, committed 7040K, reserved 1056768K
  class space    used 555K, capacity 616K, committed 640K, reserved 1048576K
}
Event: 1,870 GC heap before
{Heap before GC invocations=3 (full 0):
 PSYoungGen      total 34304K, used 34280K [0x00000000eab00000, 0x00000000ecf00000, 0x0000000100000000)
  eden space 31744K, 100% used [0x00000000eab00000,0x00000000eca00000,0x00000000eca00000)
  from space 2560K, 99% used [0x00000000ecc80000,0x00000000ecefa250,0x00000000ecf00000)
  to   space 2560K, 0% used [0x00000000eca00000,0x00000000eca00000,0x00000000ecc80000)
 ParOldGen       total 42496K, used 4504K [0x00000000c0000000, 0x00000000c2980000, 0x00000000eab00000)
  object space 42496K, 10% used [0x00000000c0000000,0x00000000c0466078,0x00000000c2980000)
 Metaspace       used 5630K, capacity 6896K, committed 7040K, reserved 1056768K
  class space    used 555K, capacity 616K, committed 640K, reserved 1048576K
Event: 1,886 GC heap after
Heap after GC invocations=3 (full 0):
 PSYoungGen      total 34304K, used 2529K [0x00000000eab00000, 0x00000000eee00000, 0x0000000100000000)
  eden space 31744K, 0% used [0x00000000eab00000,0x00000000eab00000,0x00000000eca00000)
  from space 2560K, 98% used [0x00000000eca00000,0x00000000ecc78588,0x00000000ecc80000)
  to   space 2560K, 0% used [0x00000000eeb80000,0x00000000eeb80000,0x00000000eee00000)
 ParOldGen       total 42496K, used 9873K [0x00000000c0000000, 0x00000000c2980000, 0x00000000eab00000)
  object space 42496K, 23% used [0x00000000c0000000,0x00000000c09a4798,0x00000000c2980000)
 Metaspace       used 5630K, capacity 6896K, committed 7040K, reserved 1056768K
  class space    used 555K, capacity 616K, committed 640K, reserved 1048576K
}
Event: 3,260 GC heap before
{Heap before GC invocations=4 (full 0):
 PSYoungGen      total 34304K, used 34273K [0x00000000eab00000, 0x00000000eee00000, 0x0000000100000000)
  eden space 31744K, 100% used [0x00000000eab00000,0x00000000eca00000,0x00000000eca00000)
  from space 2560K, 98% used [0x00000000eca00000,0x00000000ecc78588,0x00000000ecc80000)
  to   space 2560K, 0% used [0x00000000eeb80000,0x00000000eeb80000,0x00000000eee00000)
 ParOldGen       total 42496K, used 9873K [0x00000000c0000000, 0x00000000c2980000, 0x00000000eab00000)
  object space 42496K, 23% used [0x00000000c0000000,0x00000000c09a4798,0x00000000c2980000)
 Metaspace       used 5718K, capacity 6960K, committed 7040K, reserved 1056768K
  class space    used 556K, capacity 616K, committed 640K, reserved 1048576K
Event: 3,332 GC heap after
Heap after GC invocations=4 (full 0):
 PSYoungGen      total 66048K, used 2539K [0x00000000eab00000, 0x00000000eee00000, 0x0000000100000000)
  eden space 63488K, 0% used [0x00000000eab00000,0x00000000eab00000,0x00000000ee900000)
  from space 2560K, 99% used [0x00000000eeb80000,0x00000000eedfae48,0x00000000eee00000)
  to   space 2560K, 0% used [0x00000000ee900000,0x00000000ee900000,0x00000000eeb80000)
 ParOldGen       total 42496K, used 20038K [0x00000000c0000000, 0x00000000c2980000, 0x00000000eab00000)
  object space 42496K, 47% used [0x00000000c0000000,0x00000000c1391800,0x00000000c2980000)
 Metaspace       used 5718K, capacity 6960K, committed 7040K, reserved 1056768K
  class space    used 556K, capacity 616K, committed 640K, reserved 1048576K
}
Event: 3,993 GC heap before
{Heap before GC invocations=5 (full 0):
 PSYoungGen      total 66048K, used 66027K [0x00000000eab00000, 0x00000000eee00000, 0x0000000100000000)
  eden space 63488K, 100% used [0x00000000eab00000,0x00000000ee900000,0x00000000ee900000)
  from space 2560K, 99% used [0x00000000eeb80000,0x00000000eedfae48,0x00000000eee00000)
  to   space 2560K, 0% used [0x00000000ee900000,0x00000000ee900000,0x00000000eeb80000)
 ParOldGen       total 42496K, used 20038K [0x00000000c0000000, 0x00000000c2980000, 0x00000000eab00000)
  object space 42496K, 47% used [0x00000000c0000000,0x00000000c1391800,0x00000000c2980000)
 Metaspace       used 5755K, capacity 6960K, committed 7040K, reserved 1056768K
  class space    used 556K, capacity 616K, committed 640K, reserved 1048576K

Deoptimization events (7 events):
Event: 0,417 Thread 0x00007f2c8400a000 Uncommon trap: reason=unstable_if action=reinterpret pc=0x00007f2c7513c8c4 method=java.lang.String.indexOf(II)I @ 49
Event: 0,520 Thread 0x00007f2c8400a000 Uncommon trap: reason=unstable_if action=reinterpret pc=0x00007f2c7517b068 method=java.lang.String.<init>([CII)V @ 18
Event: 0,827 Thread 0x00007f2c84125800 Uncommon trap: reason=unstable_if action=reinterpret pc=0x00007f2c751ac7a8 method=java.util.HashMap.getNode(ILjava/lang/Object;)Ljava/util/HashMap$Node; @ 129
Event: 1,314 Thread 0x00007f2c84125800 Uncommon trap: reason=unloaded action=reinterpret pc=0x00007f2c7528b400 method=com.android.dx.ssa.SsaRenamer$BlockRenamer.visitMoveInsn(Lcom/android/dx/ssa/NormalSsaInsn;)V @ 208
Event: 1,329 Thread 0x00007f2c8400a000 Uncommon trap: reason=unloaded action=reinterpret pc=0x00007f2c751ff3b4 method=com.android.dx.cf.cst.ConstantPoolParser.parse0(ILjava/util/BitSet;)Lcom/android/dx/rop/cst/Constant; @ 220
Event: 1,500 Thread 0x00007f2c8400a000 Uncommon trap: reason=null_check action=make_not_entrant pc=0x00007f2c752cec34 method=com.android.dx.ssa.SsaRenamer.getLocalForNewReg(I)Lcom/android/dx/rop/code/LocalItem; @ 19
Event: 1,668 Thread 0x00007f2c84121800 Uncommon trap: reason=unstable_if action=reinterpret pc=0x00007f2c751f73f4 method=com.android.dx.ssa.SsaRenamer$BlockRenamer.addMapping(ILcom/android/dx/rop/code/RegisterSpec;)V @ 120

Internal exceptions (3 events):
Event: 0,080 Thread 0x00007f2c8400a000 Exception <a 'java/lang/NoSuchMethodError': Method sun.misc.Unsafe.defineClass(Ljava/lang/String;[BII)Ljava/lang/Class; name or signature does not match> (0x00000000eab07c78) thrown at [/ssd/Android/AOSP-openjdk/external/jetbrains/jdk/hotspot/src/share/vm
Event: 0,080 Thread 0x00007f2c8400a000 Exception <a 'java/lang/NoSuchMethodError': Method sun.misc.Unsafe.prefetchRead(Ljava/lang/Object;J)V name or signature does not match> (0x00000000eab07f60) thrown at [/ssd/Android/AOSP-openjdk/external/jetbrains/jdk/hotspot/src/share/vm/prims/jni.cpp, li
Event: 1,500 Thread 0x00007f2c8400a000 Implicit null exception at 0x00007f2c752cc0ad to 0x00007f2c752cec01

Events (10 events):
Event: 3,916 Thread 0x00007f2c84135000 DEOPT UNPACKING pc=0x00007f2c75047373 sp=0x00007f2c679f7f60 mode 0
Event: 3,943 Thread 0x00007f2c84131800 DEOPT PACKING pc=0x00007f2c7523a079 sp=0x00007f2c67af91c0
Event: 3,943 Thread 0x00007f2c84131800 DEOPT UNPACKING pc=0x00007f2c75047373 sp=0x00007f2c67af8f10 mode 0
Event: 3,944 Thread 0x00007f2c84125800 DEOPT PACKING pc=0x00007f2c75373795 sp=0x00007f2c678f7040
Event: 3,944 Thread 0x00007f2c84125800 DEOPT UNPACKING pc=0x00007f2c75047373 sp=0x00007f2c678f6e40 mode 0
Event: 3,957 Thread 0x00007f2c84121800 DEOPT PACKING pc=0x00007f2c75373795 sp=0x00007f2c67cfb040
Event: 3,957 Thread 0x00007f2c84121800 DEOPT UNPACKING pc=0x00007f2c75047373 sp=0x00007f2c67cfae40 mode 0
Event: 3,984 Thread 0x00007f2c84125800 DEOPT PACKING pc=0x00007f2c75373795 sp=0x00007f2c678f7040
Event: 3,984 Thread 0x00007f2c84125800 DEOPT UNPACKING pc=0x00007f2c75047373 sp=0x00007f2c678f6e40 mode 0
Event: 3,987 Executing VM operation: ParallelGCFailedAllocation


Dynamic libraries:
00400000-00401000 r-xp 00000000 08:01 6698937                            /home/gaia/code/Android/android-studio/jre/bin/java
00600000-00601000 r--p 00000000 08:01 6698937                            /home/gaia/code/Android/android-studio/jre/bin/java
00601000-00602000 rw-p 00001000 08:01 6698937                            /home/gaia/code/Android/android-studio/jre/bin/java
00abb000-00adc000 rw-p 00000000 00:00 0                                  [heap]
c0000000-c2980000 rw-p 00000000 00:00 0 
c2980000-eab00000 ---p 00000000 00:00 0 
eab00000-eee00000 rw-p 00000000 00:00 0 
f4e00000-100000000 ---p 00000000 00:00 0 
100000000-1000a0000 rw-p 00000000 00:00 0 
1000a0000-140000000 ---p 00000000 00:00 0 
7f2c20000000-7f2c20021000 rw-p 00000000 00:00 0 
7f2c20021000-7f2c24000000 ---p 00000000 00:00 0 
7f2c28000000-7f2c28057000 rw-p 00000000 00:00 0 
7f2c28057000-7f2c2c000000 ---p 00000000 00:00 0 
7f2c2c000000-7f2c2c025000 rw-p 00000000 00:00 0 
7f2c2c025000-7f2c30000000 ---p 00000000 00:00 0 
7f2c30000000-7f2c30046000 rw-p 00000000 00:00 0 
7f2c30046000-7f2c34000000 ---p 00000000 00:00 0 
7f2c34000000-7f2c34021000 rw-p 00000000 00:00 0 
7f2c34021000-7f2c38000000 ---p 00000000 00:00 0 
7f2c38000000-7f2c38021000 rw-p 00000000 00:00 0 
7f2c38021000-7f2c3c000000 ---p 00000000 00:00 0 
7f2c3c000000-7f2c3c021000 rw-p 00000000 00:00 0 
7f2c3c021000-7f2c40000000 ---p 00000000 00:00 0 
7f2c40000000-7f2c40c9f000 rw-p 00000000 00:00 0 
7f2c40c9f000-7f2c44000000 ---p 00000000 00:00 0 
7f2c44000000-7f2c44aa5000 rw-p 00000000 00:00 0 
7f2c44aa5000-7f2c48000000 ---p 00000000 00:00 0 
7f2c48000000-7f2c48021000 rw-p 00000000 00:00 0 
7f2c48021000-7f2c4c000000 ---p 00000000 00:00 0 
7f2c4c000000-7f2c4c840000 rw-p 00000000 00:00 0 
7f2c4c840000-7f2c50000000 ---p 00000000 00:00 0 
7f2c50000000-7f2c50021000 rw-p 00000000 00:00 0 
7f2c50021000-7f2c54000000 ---p 00000000 00:00 0 
7f2c54000000-7f2c54021000 rw-p 00000000 00:00 0 
7f2c54021000-7f2c58000000 ---p 00000000 00:00 0 
7f2c58000000-7f2c58021000 rw-p 00000000 00:00 0 
7f2c58021000-7f2c5c000000 ---p 00000000 00:00 0 
7f2c5c000000-7f2c5c281000 rw-p 00000000 00:00 0 
7f2c5c281000-7f2c60000000 ---p 00000000 00:00 0 
7f2c60000000-7f2c60021000 rw-p 00000000 00:00 0 
7f2c60021000-7f2c64000000 ---p 00000000 00:00 0 
7f2c677f8000-7f2c677fb000 ---p 00000000 00:00 0 
7f2c677fb000-7f2c678f9000 rw-p 00000000 00:00 0 
7f2c678f9000-7f2c678fc000 ---p 00000000 00:00 0 
7f2c678fc000-7f2c679fa000 rw-p 00000000 00:00 0 
7f2c679fa000-7f2c679fd000 ---p 00000000 00:00 0 
7f2c679fd000-7f2c67afb000 rw-p 00000000 00:00 0 
7f2c67afb000-7f2c67afe000 ---p 00000000 00:00 0 
7f2c67afe000-7f2c67bfc000 rw-p 00000000 00:00 0 
7f2c67bfc000-7f2c67bff000 ---p 00000000 00:00 0 
7f2c67bff000-7f2c67cfd000 rw-p 00000000 00:00 0 
7f2c67cfd000-7f2c67cfe000 ---p 00000000 00:00 0 
7f2c67cfe000-7f2c67dfe000 rw-p 00000000 00:00 0 
7f2c67dfe000-7f2c67e01000 ---p 00000000 00:00 0 
7f2c67e01000-7f2c67eff000 rw-p 00000000 00:00 0 
7f2c67eff000-7f2c67f02000 ---p 00000000 00:00 0 
7f2c67f02000-7f2c68000000 rw-p 00000000 00:00 0 
7f2c68000000-7f2c68021000 rw-p 00000000 00:00 0 
7f2c68021000-7f2c6c000000 ---p 00000000 00:00 0 
7f2c6c0cc000-7f2c6c0ee000 r--p 00000000 08:01 3674227                    /usr/share/locale-langpack/it/LC_MESSAGES/libc.mo
7f2c6c0ee000-7f2c6c0f1000 ---p 00000000 00:00 0 
7f2c6c0f1000-7f2c6c1ef000 rw-p 00000000 00:00 0 
7f2c6c1ef000-7f2c6c1f2000 ---p 00000000 00:00 0 
7f2c6c1f2000-7f2c6c2f0000 rw-p 00000000 00:00 0 
7f2c6c2f0000-7f2c6c2f3000 ---p 00000000 00:00 0 
7f2c6c2f3000-7f2c6c3f1000 rw-p 00000000 00:00 0 
7f2c6c3f1000-7f2c6c6ce000 r--p 00000000 08:01 1835757                    /usr/lib/locale/locale-archive
7f2c6c6ce000-7f2c6c6d1000 ---p 00000000 00:00 0 
7f2c6c6d1000-7f2c6c7cf000 rw-p 00000000 00:00 0 
7f2c6c7cf000-7f2c6c7d2000 ---p 00000000 00:00 0 
7f2c6c7d2000-7f2c6c8d0000 rw-p 00000000 00:00 0 
7f2c6c8d0000-7f2c6c8d1000 ---p 00000000 00:00 0 
7f2c6c8d1000-7f2c6de40000 rw-p 00000000 00:00 0 
7f2c6de40000-7f2c6e000000 ---p 00000000 00:00 0 
7f2c6e000000-7f2c70000000 rw-p 00000000 00:00 0 
7f2c70000000-7f2c70021000 rw-p 00000000 00:00 0 
7f2c70021000-7f2c74000000 ---p 00000000 00:00 0 
7f2c7401c000-7f2c741a1000 rw-p 00000000 00:00 0 
7f2c741a1000-7f2c74370000 r--s 03c1b000 08:01 6698995                    /home/gaia/code/Android/android-studio/jre/jre/lib/rt.jar
7f2c74370000-7f2c745e6000 rw-p 00000000 00:00 0 
7f2c745e6000-7f2c745e7000 ---p 00000000 00:00 0 
7f2c745e7000-7f2c746e7000 rw-p 00000000 00:00 0 
7f2c746e7000-7f2c746e8000 ---p 00000000 00:00 0 
7f2c746e8000-7f2c747e8000 rw-p 00000000 00:00 0 
7f2c747e8000-7f2c747e9000 ---p 00000000 00:00 0 
7f2c747e9000-7f2c748fe000 rw-p 00000000 00:00 0 
7f2c748fe000-7f2c74a3f000 ---p 00000000 00:00 0 
7f2c74a3f000-7f2c74a54000 rw-p 00000000 00:00 0 
7f2c74a54000-7f2c74b94000 ---p 00000000 00:00 0 
7f2c74b94000-7f2c74bb6000 rw-p 00000000 00:00 0 
7f2c74bb6000-7f2c74c3f000 ---p 00000000 00:00 0 
7f2c74c3f000-7f2c74c57000 rw-p 00000000 00:00 0 
7f2c74c57000-7f2c75000000 ---p 00000000 00:00 0 
7f2c75000000-7f2c75590000 rwxp 00000000 00:00 0 
7f2c75590000-7f2c84000000 ---p 00000000 00:00 0 
7f2c84000000-7f2c84387000 rw-p 00000000 00:00 0 
7f2c84387000-7f2c88000000 ---p 00000000 00:00 0 
7f2c88009000-7f2c88017000 r--s 000e0000 08:01 6558052                    /home/gaia/Android/Sdk/build-tools/25.0.0/lib/dx.jar
7f2c88017000-7f2c88018000 ---p 00000000 00:00 0 
7f2c88018000-7f2c88118000 rw-p 00000000 00:00 0 
7f2c88118000-7f2c88132000 r-xp 00000000 08:01 6819923                    /home/gaia/code/Android/android-studio/jre/jre/lib/amd64/libzip.so
7f2c88132000-7f2c88332000 ---p 0001a000 08:01 6819923                    /home/gaia/code/Android/android-studio/jre/jre/lib/amd64/libzip.so
7f2c88332000-7f2c88333000 r--p 0001a000 08:01 6819923                    /home/gaia/code/Android/android-studio/jre/jre/lib/amd64/libzip.so
7f2c88333000-7f2c88334000 rw-p 0001b000 08:01 6819923                    /home/gaia/code/Android/android-studio/jre/jre/lib/amd64/libzip.so
7f2c88334000-7f2c8833f000 r-xp 00000000 08:01 1311084                    /lib/x86_64-linux-gnu/libnss_files-2.24.so
7f2c8833f000-7f2c8853e000 ---p 0000b000 08:01 1311084                    /lib/x86_64-linux-gnu/libnss_files-2.24.so
7f2c8853e000-7f2c8853f000 r--p 0000a000 08:01 1311084                    /lib/x86_64-linux-gnu/libnss_files-2.24.so
7f2c8853f000-7f2c88540000 rw-p 0000b000 08:01 1311084                    /lib/x86_64-linux-gnu/libnss_files-2.24.so
7f2c88540000-7f2c88546000 rw-p 00000000 00:00 0 
7f2c88546000-7f2c88551000 r-xp 00000000 08:01 1311086                    /lib/x86_64-linux-gnu/libnss_nis-2.24.so
7f2c88551000-7f2c88750000 ---p 0000b000 08:01 1311086                    /lib/x86_64-linux-gnu/libnss_nis-2.24.so
7f2c88750000-7f2c88751000 r--p 0000a000 08:01 1311086                    /lib/x86_64-linux-gnu/libnss_nis-2.24.so
7f2c88751000-7f2c88752000 rw-p 0000b000 08:01 1311086                    /lib/x86_64-linux-gnu/libnss_nis-2.24.so
7f2c88752000-7f2c88768000 r-xp 00000000 08:01 1311081                    /lib/x86_64-linux-gnu/libnsl-2.24.so
7f2c88768000-7f2c88967000 ---p 00016000 08:01 1311081                    /lib/x86_64-linux-gnu/libnsl-2.24.so
7f2c88967000-7f2c88968000 r--p 00015000 08:01 1311081                    /lib/x86_64-linux-gnu/libnsl-2.24.so
7f2c88968000-7f2c88969000 rw-p 00016000 08:01 1311081                    /lib/x86_64-linux-gnu/libnsl-2.24.so
7f2c88969000-7f2c8896b000 rw-p 00000000 00:00 0 
7f2c8896b000-7f2c88973000 r-xp 00000000 08:01 1311082                    /lib/x86_64-linux-gnu/libnss_compat-2.24.so
7f2c88973000-7f2c88b72000 ---p 00008000 08:01 1311082                    /lib/x86_64-linux-gnu/libnss_compat-2.24.so
7f2c88b72000-7f2c88b73000 r--p 00007000 08:01 1311082                    /lib/x86_64-linux-gnu/libnss_compat-2.24.so
7f2c88b73000-7f2c88b74000 rw-p 00008000 08:01 1311082                    /lib/x86_64-linux-gnu/libnss_compat-2.24.so
7f2c88b74000-7f2c88ba1000 r-xp 00000000 08:01 6819933                    /home/gaia/code/Android/android-studio/jre/jre/lib/amd64/libjava.so
7f2c88ba1000-7f2c88da0000 ---p 0002d000 08:01 6819933                    /home/gaia/code/Android/android-studio/jre/jre/lib/amd64/libjava.so
7f2c88da0000-7f2c88da1000 r--p 0002c000 08:01 6819933                    /home/gaia/code/Android/android-studio/jre/jre/lib/amd64/libjava.so
7f2c88da1000-7f2c88da3000 rw-p 0002d000 08:01 6819933                    /home/gaia/code/Android/android-studio/jre/jre/lib/amd64/libjava.so
7f2c88da3000-7f2c88db3000 r-xp 00000000 08:01 6819949                    /home/gaia/code/Android/android-studio/jre/jre/lib/amd64/libverify.so
7f2c88db3000-7f2c88fb2000 ---p 00010000 08:01 6819949                    /home/gaia/code/Android/android-studio/jre/jre/lib/amd64/libverify.so
7f2c88fb2000-7f2c88fb4000 r--p 0000f000 08:01 6819949                    /home/gaia/code/Android/android-studio/jre/jre/lib/amd64/libverify.so
7f2c88fb4000-7f2c88fb5000 rw-p 00011000 08:01 6819949                    /home/gaia/code/Android/android-studio/jre/jre/lib/amd64/libverify.so
7f2c88fb5000-7f2c88fbc000 r-xp 00000000 08:01 1311091                    /lib/x86_64-linux-gnu/librt-2.24.so
7f2c88fbc000-7f2c891bb000 ---p 00007000 08:01 1311091                    /lib/x86_64-linux-gnu/librt-2.24.so
7f2c891bb000-7f2c891bc000 r--p 00006000 08:01 1311091                    /lib/x86_64-linux-gnu/librt-2.24.so
7f2c891bc000-7f2c891bd000 rw-p 00007000 08:01 1311091                    /lib/x86_64-linux-gnu/librt-2.24.so
7f2c891bd000-7f2c892c5000 r-xp 00000000 08:01 1311078                    /lib/x86_64-linux-gnu/libm-2.24.so
7f2c892c5000-7f2c894c4000 ---p 00108000 08:01 1311078                    /lib/x86_64-linux-gnu/libm-2.24.so
7f2c894c4000-7f2c894c5000 r--p 00107000 08:01 1311078                    /lib/x86_64-linux-gnu/libm-2.24.so
7f2c894c5000-7f2c894c6000 rw-p 00108000 08:01 1311078                    /lib/x86_64-linux-gnu/libm-2.24.so
7f2c894c6000-7f2c8a0b7000 r-xp 00000000 08:01 6819953                    /home/gaia/code/Android/android-studio/jre/jre/lib/amd64/server/libjvm.so
7f2c8a0b7000-7f2c8a2b7000 ---p 00bf1000 08:01 6819953                    /home/gaia/code/Android/android-studio/jre/jre/lib/amd64/server/libjvm.so
7f2c8a2b7000-7f2c8a356000 r--p 00bf1000 08:01 6819953                    /home/gaia/code/Android/android-studio/jre/jre/lib/amd64/server/libjvm.so
7f2c8a356000-7f2c8a37f000 rw-p 00c90000 08:01 6819953                    /home/gaia/code/Android/android-studio/jre/jre/lib/amd64/server/libjvm.so
7f2c8a37f000-7f2c8a3c3000 rw-p 00000000 00:00 0 
7f2c8a3c3000-7f2c8a3db000 r-xp 00000000 08:01 1311089                    /lib/x86_64-linux-gnu/libpthread-2.24.so
7f2c8a3db000-7f2c8a5db000 ---p 00018000 08:01 1311089                    /lib/x86_64-linux-gnu/libpthread-2.24.so
7f2c8a5db000-7f2c8a5dc000 r--p 00018000 08:01 1311089                    /lib/x86_64-linux-gnu/libpthread-2.24.so
7f2c8a5dc000-7f2c8a5dd000 rw-p 00019000 08:01 1311089                    /lib/x86_64-linux-gnu/libpthread-2.24.so
7f2c8a5dd000-7f2c8a5e1000 rw-p 00000000 00:00 0 
7f2c8a5e1000-7f2c8a5e4000 r-xp 00000000 08:01 1311077                    /lib/x86_64-linux-gnu/libdl-2.24.so
7f2c8a5e4000-7f2c8a7e3000 ---p 00003000 08:01 1311077                    /lib/x86_64-linux-gnu/libdl-2.24.so
7f2c8a7e3000-7f2c8a7e4000 r--p 00002000 08:01 1311077                    /lib/x86_64-linux-gnu/libdl-2.24.so
7f2c8a7e4000-7f2c8a7e5000 rw-p 00003000 08:01 1311077                    /lib/x86_64-linux-gnu/libdl-2.24.so
7f2c8a7e5000-7f2c8a9a3000 r-xp 00000000 08:01 1311074                    /lib/x86_64-linux-gnu/libc-2.24.so
7f2c8a9a3000-7f2c8aba2000 ---p 001be000 08:01 1311074                    /lib/x86_64-linux-gnu/libc-2.24.so
7f2c8aba2000-7f2c8aba6000 r--p 001bd000 08:01 1311074                    /lib/x86_64-linux-gnu/libc-2.24.so
7f2c8aba6000-7f2c8aba8000 rw-p 001c1000 08:01 1311074                    /lib/x86_64-linux-gnu/libc-2.24.so
7f2c8aba8000-7f2c8abac000 rw-p 00000000 00:00 0 
7f2c8abac000-7f2c8abc2000 r-xp 00000000 08:01 6698911                    /home/gaia/code/Android/android-studio/jre/lib/amd64/jli/libjli.so
7f2c8abc2000-7f2c8adc1000 ---p 00016000 08:01 6698911                    /home/gaia/code/Android/android-studio/jre/lib/amd64/jli/libjli.so
7f2c8adc1000-7f2c8adc2000 r--p 00015000 08:01 6698911                    /home/gaia/code/Android/android-studio/jre/lib/amd64/jli/libjli.so
7f2c8adc2000-7f2c8adc3000 rw-p 00016000 08:01 6698911                    /home/gaia/code/Android/android-studio/jre/lib/amd64/jli/libjli.so
7f2c8adc3000-7f2c8ade9000 r-xp 00000000 08:01 1310819                    /lib/x86_64-linux-gnu/ld-2.24.so
7f2c8adea000-7f2c8adf1000 r--s 00000000 08:01 2104802                    /usr/lib/x86_64-linux-gnu/gconv/gconv-modules.cache
7f2c8adf1000-7f2c8aec2000 rw-p 00000000 00:00 0 
7f2c8aec2000-7f2c8aec5000 ---p 00000000 00:00 0 
7f2c8aec5000-7f2c8afc5000 rw-p 00000000 00:00 0 
7f2c8afc7000-7f2c8afdb000 rw-p 00000000 00:00 0 
7f2c8afdb000-7f2c8afe3000 rw-s 00000000 08:01 2233663                    /tmp/hsperfdata_gaia/19897
7f2c8afe3000-7f2c8afe4000 rw-p 00000000 00:00 0 
7f2c8afe4000-7f2c8afe5000 ---p 00000000 00:00 0 
7f2c8afe5000-7f2c8afe8000 rw-p 00000000 00:00 0 
7f2c8afe8000-7f2c8afe9000 r--p 00025000 08:01 1310819                    /lib/x86_64-linux-gnu/ld-2.24.so
7f2c8afe9000-7f2c8afea000 rw-p 00026000 08:01 1310819                    /lib/x86_64-linux-gnu/ld-2.24.so
7f2c8afea000-7f2c8afeb000 rw-p 00000000 00:00 0 
7fff39a65000-7fff39a86000 rw-p 00000000 00:00 0                          [stack]
7fff39b1b000-7fff39b1d000 r--p 00000000 00:00 0                          [vvar]
7fff39b1d000-7fff39b1f000 r-xp 00000000 00:00 0                          [vdso]
ffffffffff600000-ffffffffff601000 r-xp 00000000 00:00 0                  [vsyscall]

VM Arguments:
jvm_args: -Djava.awt.headless=true -Xmx1024M -Dfile.encoding=UTF-8 -Duser.country=IT -Duser.language=it -Duser.variant 
java_command: com.android.dx.command.Main --dex --force-jumbo --num-threads=4 --multi-dex --output /home/gaia/AndroidStudioProjects/8Chesifaoggi (copy)- pretest con errore locandina lista/app/build/intermediates/transforms/dex/debug/folders/1000/5/slice_2 /home/gaia/AndroidStudioProjects/8Chesifaoggi (copy)- pretest con errore locandina lista/app/build/intermediates/transforms/instantRunSlicer/debug/folders/1/5/slice_2
java_class_path (initial): /home/gaia/Android/Sdk/build-tools/25.0.0/lib/dx.jar
Launcher Type: SUN_STANDARD

Environment Variables:
PATH=/usr/local/sbin:/usr/local/bin:/usr/sbin:/usr/bin:/sbin:/bin:/usr/games:/usr/local/games:/snap/bin
LD_LIBRARY_PATH=.:
SHELL=/bin/bash
DISPLAY=:0

Signal Handlers:
SIGSEGV: [libjvm.so+0x9e5150], sa_mask[0]=11111111011111111101111111111110, sa_flags=SA_RESTART|SA_SIGINFO
SIGBUS: [libjvm.so+0x9e5150], sa_mask[0]=11111111011111111101111111111110, sa_flags=SA_RESTART|SA_SIGINFO
SIGFPE: [libjvm.so+0x848450], sa_mask[0]=11111111011111111101111111111110, sa_flags=SA_RESTART|SA_SIGINFO
SIGPIPE: [libjvm.so+0x848450], sa_mask[0]=11111111011111111101111111111110, sa_flags=SA_RESTART|SA_SIGINFO
SIGXFSZ: [libjvm.so+0x848450], sa_mask[0]=11111111011111111101111111111110, sa_flags=SA_RESTART|SA_SIGINFO
SIGILL: [libjvm.so+0x848450], sa_mask[0]=11111111011111111101111111111110, sa_flags=SA_RESTART|SA_SIGINFO
SIGUSR1: SIG_DFL, sa_mask[0]=00000000000000000000000000000000, sa_flags=none
SIGUSR2: [libjvm.so+0x848320], sa_mask[0]=00100000000000000000000000000000, sa_flags=SA_RESTART|SA_SIGINFO
SIGHUP: [libjvm.so+0x848510], sa_mask[0]=11111111011111111101111111111110, sa_flags=SA_RESTART|SA_SIGINFO
SIGINT: [libjvm.so+0x848510], sa_mask[0]=11111111011111111101111111111110, sa_flags=SA_RESTART|SA_SIGINFO
SIGTERM: [libjvm.so+0x848510], sa_mask[0]=11111111011111111101111111111110, sa_flags=SA_RESTART|SA_SIGINFO
SIGQUIT: [libjvm.so+0x848510], sa_mask[0]=11111111011111111101111111111110, sa_flags=SA_RESTART|SA_SIGINFO


---------------  S Y S T E M  ---------------

OS:DISTRIB_ID=Ubuntu
DISTRIB_RELEASE=17.04
DISTRIB_CODENAME=zesty
DISTRIB_DESCRIPTION="Ubuntu 17.04"

uname:Linux 4.10.0-33-generic #37-Ubuntu SMP Fri Aug 11 10:55:28 UTC 2017 x86_64
libc:glibc 2.24 NPTL 2.24 
rlimit: STACK 8192k, CORE 0k, NPROC 15016, NOFILE 4096, AS infinity
load average:2,18 1,48 1,43

/proc/meminfo:
MemTotal:        3945344 kB
MemFree:           85428 kB
MemAvailable:          0 kB
Buffers:             468 kB
Cached:           472368 kB
SwapCached:         1456 kB
Active:          3001276 kB
Inactive:         608876 kB
Active(anon):    2992772 kB
Inactive(anon):   600148 kB
Active(file):       8504 kB
Inactive(file):     8728 kB
Unevictable:          48 kB
Mlocked:              48 kB
SwapTotal:       2097148 kB
SwapFree:              0 kB
Dirty:                56 kB
Writeback:           196 kB
AnonPages:       3135976 kB
Mapped:           116868 kB
Shmem:            455612 kB
Slab:              90288 kB
SReclaimable:      41288 kB
SUnreclaim:        49000 kB
KernelStack:       15504 kB
PageTables:        54988 kB
NFS_Unstable:          0 kB
Bounce:                0 kB
WritebackTmp:          0 kB
CommitLimit:     4069820 kB
Committed_AS:   12009792 kB
VmallocTotal:   34359738367 kB
VmallocUsed:           0 kB
VmallocChunk:          0 kB
HardwareCorrupted:     0 kB
AnonHugePages:    827392 kB
ShmemHugePages:        0 kB
ShmemPmdMapped:        0 kB
CmaTotal:              0 kB
CmaFree:               0 kB
HugePages_Total:       0
HugePages_Free:        0
HugePages_Rsvd:        0
HugePages_Surp:        0
Hugepagesize:       2048 kB
DirectMap4k:      156956 kB
DirectMap2M:     3938304 kB
DirectMap1G:           0 kB


CPU:total 4 (2 cores per cpu, 2 threads per core) family 6 model 61 stepping 4, cmov, cx8, fxsr, mmx, sse, sse2, sse3, ssse3, sse4.1, sse4.2, popcnt, avx, avx2, aes, clmul, erms, 3dnowpref, lzcnt, ht, tsc, tscinvbit, bmi1, bmi2, adx

/proc/cpuinfo:
processor	: 0
vendor_id	: GenuineIntel
cpu family	: 6
model		: 61
model name	: Intel(R) Core(TM) i7-5500U CPU @ 2.40GHz
stepping	: 4
microcode	: 0x24
cpu MHz		: 2477.783
cache size	: 4096 KB
physical id	: 0
siblings	: 4
core id		: 0
cpu cores	: 2
apicid		: 0
initial apicid	: 0
fpu		: yes
fpu_exception	: yes
cpuid level	: 20
wp		: yes
flags		: fpu vme de pse tsc msr pae mce cx8 apic sep mtrr pge mca cmov pat pse36 clflush dts acpi mmx fxsr sse sse2 ss ht tm pbe syscall nx pdpe1gb rdtscp lm constant_tsc arch_perfmon pebs bts rep_good nopl xtopology nonstop_tsc aperfmperf pni pclmulqdq dtes64 monitor ds_cpl vmx est tm2 ssse3 sdbg fma cx16 xtpr pdcm pcid sse4_1 sse4_2 x2apic movbe popcnt tsc_deadline_timer aes xsave avx f16c rdrand lahf_lm abm 3dnowprefetch epb intel_pt tpr_shadow vnmi flexpriority ept vpid fsgsbase tsc_adjust bmi1 avx2 smep bmi2 erms invpcid rdseed adx smap xsaveopt dtherm ida arat pln pts
bugs		:
bogomips	: 4789.18
clflush size	: 64
cache_alignment	: 64
address sizes	: 39 bits physical, 48 bits virtual
power management:

processor	: 1
vendor_id	: GenuineIntel
cpu family	: 6
model		: 61
model name	: Intel(R) Core(TM) i7-5500U CPU @ 2.40GHz
stepping	: 4
microcode	: 0x24
cpu MHz		: 2443.359
cache size	: 4096 KB
physical id	: 0
siblings	: 4
core id		: 1
cpu cores	: 2
apicid		: 2
initial apicid	: 2
fpu		: yes
fpu_exception	: yes
cpuid level	: 20
wp		: yes
flags		: fpu vme de pse tsc msr pae mce cx8 apic sep mtrr pge mca cmov pat pse36 clflush dts acpi mmx fxsr sse sse2 ss ht tm pbe syscall nx pdpe1gb rdtscp lm constant_tsc arch_perfmon pebs bts rep_good nopl xtopology nonstop_tsc aperfmperf pni pclmulqdq dtes64 monitor ds_cpl vmx est tm2 ssse3 sdbg fma cx16 xtpr pdcm pcid sse4_1 sse4_2 x2apic movbe popcnt tsc_deadline_timer aes xsave avx f16c rdrand lahf_lm abm 3dnowprefetch epb intel_pt tpr_shadow vnmi flexpriority ept vpid fsgsbase tsc_adjust bmi1 avx2 smep bmi2 erms invpcid rdseed adx smap xsaveopt dtherm ida arat pln pts
bugs		:
bogomips	: 4789.18
clflush size	: 64
cache_alignment	: 64
address sizes	: 39 bits physical, 48 bits virtual
power management:

processor	: 2
vendor_id	: GenuineIntel
cpu family	: 6
model		: 61
model name	: Intel(R) Core(TM) i7-5500U CPU @ 2.40GHz
stepping	: 4
microcode	: 0x24
cpu MHz		: 2571.093
cache size	: 4096 KB
physical id	: 0
siblings	: 4
core id		: 0
cpu cores	: 2
apicid		: 1
initial apicid	: 1
fpu		: yes
fpu_exception	: yes
cpuid level	: 20
wp		: yes
flags		: fpu vme de pse tsc msr pae mce cx8 apic sep mtrr pge mca cmov pat pse36 clflush dts acpi mmx fxsr sse sse2 ss ht tm pbe syscall nx pdpe1gb rdtscp lm constant_tsc arch_perfmon pebs bts rep_good nopl xtopology nonstop_tsc aperfmperf pni pclmulqdq dtes64 monitor ds_cpl vmx est tm2 ssse3 sdbg fma cx16 xtpr pdcm pcid sse4_1 sse4_2 x2apic movbe popcnt tsc_deadline_timer aes xsave avx f16c rdrand lahf_lm abm 3dnowprefetch epb intel_pt tpr_shadow vnmi flexpriority ept vpid fsgsbase tsc_adjust bmi1 avx2 smep bmi2 erms invpcid rdseed adx smap xsaveopt dtherm ida arat pln pts
bugs		:
bogomips	: 4789.18
clflush size	: 64
cache_alignment	: 64
address sizes	: 39 bits physical, 48 bits virtual
power management:

processor	: 3
vendor_id	: GenuineIntel
cpu family	: 6
model		: 61
model name	: Intel(R) Core(TM) i7-5500U CPU @ 2.40GHz
stepping	: 4
microcode	: 0x24
cpu MHz		: 2462.109
cache size	: 4096 KB
physical id	: 0
siblings	: 4
core id		: 1
cpu cores	: 2
apicid		: 3
initial apicid	: 3
fpu		: yes
fpu_exception	: yes
cpuid level	: 20
wp		: yes
flags		: fpu vme de pse tsc msr pae mce cx8 apic sep mtrr pge mca cmov pat pse36 clflush dts acpi mmx fxsr sse sse2 ss ht tm pbe syscall nx pdpe1gb rdtscp lm constant_tsc arch_perfmon pebs bts rep_good nopl xtopology nonstop_tsc aperfmperf pni pclmulqdq dtes64 monitor ds_cpl vmx est tm2 ssse3 sdbg fma cx16 xtpr pdcm pcid sse4_1 sse4_2 x2apic movbe popcnt tsc_deadline_timer aes xsave avx f16c rdrand lahf_lm abm 3dnowprefetch epb intel_pt tpr_shadow vnmi flexpriority ept vpid fsgsbase tsc_adjust bmi1 avx2 smep bmi2 erms invpcid rdseed adx smap xsaveopt dtherm ida arat pln pts
bugs		:
bogomips	: 4789.18
clflush size	: 64
cache_alignment	: 64
address sizes	: 39 bits physical, 48 bits virtual
power management:



Memory: 4k page, physical 3945344k(85496k free), swap 2097148k(0k free)

vm_info: OpenJDK 64-Bit Server VM (25.112-b06) for linux-amd64 JRE (1.8.0_112-release-b06), built on Dec  6 2016 12:11:18 by "builder" with gcc 4.8.4

time: Fri Sep  1 23:37:57 2017
elapsed time: 4 seconds (0d 0h 0m 4s)

