#
# There is insufficient memory for the Java Runtime Environment to continue.
# Native memory allocation (mmap) failed to map 91226112 bytes for committing reserved memory.
# Possible reasons:
#   The system is out of physical RAM or swap space
#   In 32 bit mode, the process size limit was hit
# Possible solutions:
#   Reduce memory load on the system
#   Increase physical memory or swap space
#   Check if swap backing store is full
#   Use 64 bit Java on a 64 bit OS
#   Decrease Java heap size (-Xmx/-Xms)
#   Decrease number of Java threads
#   Decrease Java thread stack sizes (-Xss)
#   Set larger code cache with -XX:ReservedCodeCacheSize=
# This output file may be truncated or incomplete.
#
#  Out of Memory Error (os_linux.cpp:2627), pid=13888, tid=0x00007f58ed2f2700
#
# JRE version: OpenJDK Runtime Environment (8.0_112-b06) (build 1.8.0_112-release-b06)
# Java VM: OpenJDK 64-Bit Server VM (25.112-b06 mixed mode linux-amd64 compressed oops)
# Failed to write core dump. Core dumps have been disabled. To enable core dumping, try "ulimit -c unlimited" before starting Java again
#

---------------  T H R E A D  ---------------

Current thread (0x00007f5904077800):  VMThread [stack: 0x00007f58ed1f2000,0x00007f58ed2f3000] [id=13899]

Stack: [0x00007f58ed1f2000,0x00007f58ed2f3000],  sp=0x00007f58ed2f14c0,  free space=1021k
Native frames: (J=compiled Java code, j=interpreted, Vv=VM code, C=native code)
V  [libjvm.so+0x9e465d]  VMError::report_and_die()+0x15d
V  [libjvm.so+0x4b6ada]  report_vm_out_of_memory(char const*, int, unsigned long, VMErrorType, char const*)+0x8a
V  [libjvm.so+0x84c860]  os::pd_commit_memory(char*, unsigned long, unsigned long, bool)+0xf0
V  [libjvm.so+0x84737f]  os::commit_memory(char*, unsigned long, unsigned long, bool)+0x1f
V  [libjvm.so+0x8bd3db]  PSVirtualSpace::expand_by(unsigned long)+0x5b
V  [libjvm.so+0x8be050]  PSYoungGen::resize_generation(unsigned long, unsigned long)+0xb0
V  [libjvm.so+0x8be36b]  PSYoungGen::resize(unsigned long, unsigned long)+0x1b
V  [libjvm.so+0x8baa5c]  PSScavenge::invoke_no_policy()+0xdac
V  [libjvm.so+0x8bb238]  PSScavenge::invoke()+0x38
V  [libjvm.so+0x86fcf3]  ParallelScavengeHeap::failed_mem_allocate(unsigned long)+0x63
V  [libjvm.so+0x9e6124]  VM_ParallelGCFailedAllocation::doit()+0x84
V  [libjvm.so+0x9ea537]  VM_Operation::evaluate()+0x47
V  [libjvm.so+0x9e8ff8]  VMThread::evaluate_operation(VM_Operation*)+0x2c8
V  [libjvm.so+0x9e9479]  VMThread::loop()+0x219
V  [libjvm.so+0x9e98c2]  VMThread::run()+0x72
V  [libjvm.so+0x849c82]  java_start(Thread*)+0xf2

VM_Operation (0x00007f58ec508f80): ParallelGCFailedAllocation, mode: safepoint, requested by thread 0x00007f5904182000


---------------  P R O C E S S  ---------------

Java Threads: ( => current thread )
  0x00007f5904187000 JavaThread "pool-2-thread-4" [_thread_blocked, id=13912, stack(0x00007f58ec208000,0x00007f58ec309000)]
  0x00007f5904186000 JavaThread "pool-2-thread-3" [_thread_blocked, id=13911, stack(0x00007f58ec309000,0x00007f58ec40a000)]
  0x00007f5904182000 JavaThread "pool-2-thread-2" [_thread_blocked, id=13910, stack(0x00007f58ec40a000,0x00007f58ec50b000)]
  0x00007f590415b800 JavaThread "pool-3-thread-1" [_thread_blocked, id=13909, stack(0x00007f58ec50b000,0x00007f58ec60c000)]
  0x00007f5904153000 JavaThread "pool-2-thread-1" [_thread_blocked, id=13908, stack(0x00007f58ec60c000,0x00007f58ec70d000)]
  0x00007f59040c0000 JavaThread "Service Thread" daemon [_thread_blocked, id=13906, stack(0x00007f58ec80e000,0x00007f58ec90f000)]
  0x00007f59040bd000 JavaThread "C1 CompilerThread2" daemon [_thread_blocked, id=13905, stack(0x00007f58ec90f000,0x00007f58eca10000)]
  0x00007f59040bb000 JavaThread "C2 CompilerThread1" daemon [_thread_blocked, id=13904, stack(0x00007f58eca10000,0x00007f58ecb11000)]
  0x00007f59040b8800 JavaThread "C2 CompilerThread0" daemon [_thread_blocked, id=13903, stack(0x00007f58ecb11000,0x00007f58ecc12000)]
  0x00007f59040b7000 JavaThread "Signal Dispatcher" daemon [_thread_blocked, id=13902, stack(0x00007f58ecc12000,0x00007f58ecd13000)]
  0x00007f5904084000 JavaThread "Finalizer" daemon [_thread_blocked, id=13901, stack(0x00007f58ecff0000,0x00007f58ed0f1000)]
  0x00007f590407f800 JavaThread "Reference Handler" daemon [_thread_blocked, id=13900, stack(0x00007f58ed0f1000,0x00007f58ed1f2000)]
  0x00007f590400a000 JavaThread "main" [_thread_blocked, id=13894, stack(0x00007f590b832000,0x00007f590b933000)]

Other Threads:
=>0x00007f5904077800 VMThread [stack: 0x00007f58ed1f2000,0x00007f58ed2f3000] [id=13899]
  0x00007f59040c2800 WatcherThread [stack: 0x00007f58ec70d000,0x00007f58ec80e000] [id=13907]

VM state:at safepoint (normal execution)

VM Mutex/Monitor currently owned by a thread:  ([mutex/lock_event])
[0x00007f5904006790] Threads_lock - owner thread: 0x00007f5904077800
[0x00007f5904006c90] Heap_lock - owner thread: 0x00007f5904182000

Heap:
 PSYoungGen      total 66048K, used 2555K [0x00000000eab00000, 0x00000000eee00000, 0x0000000100000000)
  eden space 63488K, 0% used [0x00000000eab00000,0x00000000eab00000,0x00000000ee900000)
  from space 2560K, 99% used [0x00000000ee900000,0x00000000eeb7ed40,0x00000000eeb80000)
  to   space 2560K, 0% used [0x00000000eeb80000,0x00000000eeb80000,0x00000000eee00000)
 ParOldGen       total 42496K, used 28755K [0x00000000c0000000, 0x00000000c2980000, 0x00000000eab00000)
  object space 42496K, 67% used [0x00000000c0000000,0x00000000c1c14cd8,0x00000000c2980000)
 Metaspace       used 5841K, capacity 7024K, committed 7296K, reserved 1056768K
  class space    used 554K, capacity 616K, committed 640K, reserved 1048576K

Card table byte_map: [0x00007f59084c7000,0x00007f59086c8000] byte_map_base: 0x00007f5907ec7000

Marking Bits: (ParMarkBitMap*) 0x00007f590ad04340
 Begin Bits: [0x00007f58ee000000, 0x00007f58ef000000)
 End Bits:   [0x00007f58ef000000, 0x00007f58f0000000)

Polling page: 0x00007f590b954000

CodeCache: size=245760Kb used=5882Kb max_used=5909Kb free=239877Kb
 bounds [0x00007f58f5000000, 0x00007f58f55d0000, 0x00007f5904000000]
 total_blobs=1768 nmethods=1508 adapters=175
 compilation: enabled

Compilation events (10 events):
Event: 2,517 Thread 0x00007f59040bb000 nmethod 1116 0x00007f58f55ace10 code [0x00007f58f55acf60, 0x00007f58f55ad0b8]
Event: 2,517 Thread 0x00007f59040bb000 1563       4       com.android.dx.rop.code.RegisterSpec::make (7 bytes)
Event: 2,518 Thread 0x00007f59040bb000 nmethod 1563 0x00007f58f55acbd0 code [0x00007f58f55acd20, 0x00007f58f55acd88]
Event: 2,518 Thread 0x00007f59040bb000 1244       4       com.android.dx.ssa.SsaMethod$2::visitNonMoveInsn (6 bytes)
Event: 2,518 Thread 0x00007f59040bb000 nmethod 1244 0x00007f58f55aa2d0 code [0x00007f58f55aa420, 0x00007f58f55aa4a8]
Event: 2,518 Thread 0x00007f59040bb000 1197       4       com.android.dx.rop.code.LocalItem::equals (29 bytes)
Event: 2,531 Thread 0x00007f59040bb000 nmethod 1197 0x00007f58f55ab410 code [0x00007f58f55ab580, 0x00007f58f55ab958]
Event: 2,531 Thread 0x00007f59040bb000 1330       4       com.android.dx.cf.code.BasicBlocker::addWorkIfNecessary (32 bytes)
Event: 2,535 Thread 0x00007f59040bb000 nmethod 1330 0x00007f58f55aaf90 code [0x00007f58f55ab0e0, 0x00007f58f55ab238]
Event: 2,535 Thread 0x00007f59040bb000 1284       4       com.android.dx.ssa.SCCP::simulateStmt (481 bytes)

GC Heap History (9 events):
Event: 0,456 GC heap before
{Heap before GC invocations=1 (full 0):
 PSYoungGen      total 18432K, used 15872K [0x00000000eab00000, 0x00000000ebf80000, 0x0000000100000000)
  eden space 15872K, 100% used [0x00000000eab00000,0x00000000eba80000,0x00000000eba80000)
  from space 2560K, 0% used [0x00000000ebd00000,0x00000000ebd00000,0x00000000ebf80000)
  to   space 2560K, 0% used [0x00000000eba80000,0x00000000eba80000,0x00000000ebd00000)
 ParOldGen       total 42496K, used 0K [0x00000000c0000000, 0x00000000c2980000, 0x00000000eab00000)
  object space 42496K, 0% used [0x00000000c0000000,0x00000000c0000000,0x00000000c2980000)
 Metaspace       used 5384K, capacity 6640K, committed 6784K, reserved 1056768K
  class space    used 553K, capacity 616K, committed 640K, reserved 1048576K
Event: 0,462 GC heap after
Heap after GC invocations=1 (full 0):
 PSYoungGen      total 18432K, used 2537K [0x00000000eab00000, 0x00000000ecf00000, 0x0000000100000000)
  eden space 15872K, 0% used [0x00000000eab00000,0x00000000eab00000,0x00000000eba80000)
  from space 2560K, 99% used [0x00000000eba80000,0x00000000ebcfa740,0x00000000ebd00000)
  to   space 2560K, 0% used [0x00000000ecc80000,0x00000000ecc80000,0x00000000ecf00000)
 ParOldGen       total 42496K, used 1980K [0x00000000c0000000, 0x00000000c2980000, 0x00000000eab00000)
  object space 42496K, 4% used [0x00000000c0000000,0x00000000c01ef308,0x00000000c2980000)
 Metaspace       used 5384K, capacity 6640K, committed 6784K, reserved 1056768K
  class space    used 553K, capacity 616K, committed 640K, reserved 1048576K
}
Event: 0,660 GC heap before
{Heap before GC invocations=2 (full 0):
 PSYoungGen      total 18432K, used 18409K [0x00000000eab00000, 0x00000000ecf00000, 0x0000000100000000)
  eden space 15872K, 100% used [0x00000000eab00000,0x00000000eba80000,0x00000000eba80000)
  from space 2560K, 99% used [0x00000000eba80000,0x00000000ebcfa740,0x00000000ebd00000)
  to   space 2560K, 0% used [0x00000000ecc80000,0x00000000ecc80000,0x00000000ecf00000)
 ParOldGen       total 42496K, used 1980K [0x00000000c0000000, 0x00000000c2980000, 0x00000000eab00000)
  object space 42496K, 4% used [0x00000000c0000000,0x00000000c01ef308,0x00000000c2980000)
 Metaspace       used 5473K, capacity 6704K, committed 6784K, reserved 1056768K
  class space    used 554K, capacity 616K, committed 640K, reserved 1048576K
Event: 0,670 GC heap after
Heap after GC invocations=2 (full 0):
 PSYoungGen      total 34304K, used 2544K [0x00000000eab00000, 0x00000000ecf00000, 0x0000000100000000)
  eden space 31744K, 0% used [0x00000000eab00000,0x00000000eab00000,0x00000000eca00000)
  from space 2560K, 99% used [0x00000000ecc80000,0x00000000ecefc1c0,0x00000000ecf00000)
  to   space 2560K, 0% used [0x00000000eca00000,0x00000000eca00000,0x00000000ecc80000)
 ParOldGen       total 42496K, used 4412K [0x00000000c0000000, 0x00000000c2980000, 0x00000000eab00000)
  object space 42496K, 10% used [0x00000000c0000000,0x00000000c044f210,0x00000000c2980000)
 Metaspace       used 5473K, capacity 6704K, committed 6784K, reserved 1056768K
  class space    used 554K, capacity 616K, committed 640K, reserved 1048576K
}
Event: 1,020 GC heap before
{Heap before GC invocations=3 (full 0):
 PSYoungGen      total 34304K, used 34288K [0x00000000eab00000, 0x00000000ecf00000, 0x0000000100000000)
  eden space 31744K, 100% used [0x00000000eab00000,0x00000000eca00000,0x00000000eca00000)
  from space 2560K, 99% used [0x00000000ecc80000,0x00000000ecefc1c0,0x00000000ecf00000)
  to   space 2560K, 0% used [0x00000000eca00000,0x00000000eca00000,0x00000000ecc80000)
 ParOldGen       total 42496K, used 4412K [0x00000000c0000000, 0x00000000c2980000, 0x00000000eab00000)
  object space 42496K, 10% used [0x00000000c0000000,0x00000000c044f210,0x00000000c2980000)
 Metaspace       used 5605K, capacity 6832K, committed 7040K, reserved 1056768K
  class space    used 554K, capacity 616K, committed 640K, reserved 1048576K
Event: 1,032 GC heap after
Heap after GC invocations=3 (full 0):
 PSYoungGen      total 34304K, used 2529K [0x00000000eab00000, 0x00000000eee00000, 0x0000000100000000)
  eden space 31744K, 0% used [0x00000000eab00000,0x00000000eab00000,0x00000000eca00000)
  from space 2560K, 98% used [0x00000000eca00000,0x00000000ecc784d0,0x00000000ecc80000)
  to   space 2560K, 0% used [0x00000000eeb80000,0x00000000eeb80000,0x00000000eee00000)
 ParOldGen       total 42496K, used 10533K [0x00000000c0000000, 0x00000000c2980000, 0x00000000eab00000)
  object space 42496K, 24% used [0x00000000c0000000,0x00000000c0a496b8,0x00000000c2980000)
 Metaspace       used 5605K, capacity 6832K, committed 7040K, reserved 1056768K
  class space    used 554K, capacity 616K, committed 640K, reserved 1048576K
}
Event: 1,238 GC heap before
{Heap before GC invocations=4 (full 0):
 PSYoungGen      total 34304K, used 34234K [0x00000000eab00000, 0x00000000eee00000, 0x0000000100000000)
  eden space 31744K, 99% used [0x00000000eab00000,0x00000000ec9f6628,0x00000000eca00000)
  from space 2560K, 98% used [0x00000000eca00000,0x00000000ecc784d0,0x00000000ecc80000)
  to   space 2560K, 0% used [0x00000000eeb80000,0x00000000eeb80000,0x00000000eee00000)
 ParOldGen       total 42496K, used 10533K [0x00000000c0000000, 0x00000000c2980000, 0x00000000eab00000)
  object space 42496K, 24% used [0x00000000c0000000,0x00000000c0a496b8,0x00000000c2980000)
 Metaspace       used 5672K, capacity 6896K, committed 7040K, reserved 1056768K
  class space    used 554K, capacity 616K, committed 640K, reserved 1048576K
Event: 1,252 GC heap after
Heap after GC invocations=4 (full 0):
 PSYoungGen      total 66048K, used 2545K [0x00000000eab00000, 0x00000000eee00000, 0x0000000100000000)
  eden space 63488K, 0% used [0x00000000eab00000,0x00000000eab00000,0x00000000ee900000)
  from space 2560K, 99% used [0x00000000eeb80000,0x00000000eedfc690,0x00000000eee00000)
  to   space 2560K, 0% used [0x00000000ee900000,0x00000000ee900000,0x00000000eeb80000)
 ParOldGen       total 42496K, used 15159K [0x00000000c0000000, 0x00000000c2980000, 0x00000000eab00000)
  object space 42496K, 35% used [0x00000000c0000000,0x00000000c0ecdf20,0x00000000c2980000)
 Metaspace       used 5672K, capacity 6896K, committed 7040K, reserved 1056768K
  class space    used 554K, capacity 616K, committed 640K, reserved 1048576K
}
Event: 2,713 GC heap before
{Heap before GC invocations=5 (full 0):
 PSYoungGen      total 66048K, used 66033K [0x00000000eab00000, 0x00000000eee00000, 0x0000000100000000)
  eden space 63488K, 100% used [0x00000000eab00000,0x00000000ee900000,0x00000000ee900000)
  from space 2560K, 99% used [0x00000000eeb80000,0x00000000eedfc690,0x00000000eee00000)
  to   space 2560K, 0% used [0x00000000ee900000,0x00000000ee900000,0x00000000eeb80000)
 ParOldGen       total 42496K, used 15159K [0x00000000c0000000, 0x00000000c2980000, 0x00000000eab00000)
  object space 42496K, 35% used [0x00000000c0000000,0x00000000c0ecdf20,0x00000000c2980000)
 Metaspace       used 5841K, capacity 7024K, committed 7296K, reserved 1056768K
  class space    used 554K, capacity 616K, committed 640K, reserved 1048576K

Deoptimization events (10 events):
Event: 0,843 Thread 0x00007f5904187000 Uncommon trap: reason=bimorphic action=maybe_recompile pc=0x00007f58f5320e70 method=com.android.dx.ssa.NormalSsaInsn.accept(Lcom/android/dx/ssa/SsaInsn$Visitor;)V @ 9
Event: 0,844 Thread 0x00007f5904187000 Uncommon trap: reason=bimorphic action=maybe_recompile pc=0x00007f58f5320e70 method=com.android.dx.ssa.NormalSsaInsn.accept(Lcom/android/dx/ssa/SsaInsn$Visitor;)V @ 9
Event: 0,844 Thread 0x00007f5904187000 Uncommon trap: reason=bimorphic action=maybe_recompile pc=0x00007f58f5320e70 method=com.android.dx.ssa.NormalSsaInsn.accept(Lcom/android/dx/ssa/SsaInsn$Visitor;)V @ 9
Event: 0,844 Thread 0x00007f5904187000 Uncommon trap: reason=bimorphic action=maybe_recompile pc=0x00007f58f5320e70 method=com.android.dx.ssa.NormalSsaInsn.accept(Lcom/android/dx/ssa/SsaInsn$Visitor;)V @ 9
Event: 0,861 Thread 0x00007f5904187000 Uncommon trap: reason=unstable_if action=reinterpret pc=0x00007f58f5213a34 method=com.android.dx.ssa.SsaRenamer$BlockRenamer.addMapping(ILcom/android/dx/rop/code/RegisterSpec;)V @ 120
Event: 1,219 Thread 0x00007f590400a000 Uncommon trap: reason=unstable_if action=reinterpret pc=0x00007f58f53c503c method=com.android.dx.dex.code.OutputFinisher.hasLocalInfo(Lcom/android/dx/dex/code/DalvInsn;)Z @ 24
Event: 1,875 Thread 0x00007f5904186000 Uncommon trap: reason=bimorphic action=maybe_recompile pc=0x00007f58f51f20b8 method=java.util.HashMap.getNode(ILjava/lang/Object;)Ljava/util/HashMap$Node; @ 126
Event: 1,875 Thread 0x00007f5904186000 Uncommon trap: reason=bimorphic action=maybe_recompile pc=0x00007f58f51f20b8 method=java.util.HashMap.getNode(ILjava/lang/Object;)Ljava/util/HashMap$Node; @ 126
Event: 1,884 Thread 0x00007f5904186000 Uncommon trap: reason=bimorphic action=maybe_recompile pc=0x00007f58f51f20b8 method=java.util.HashMap.getNode(ILjava/lang/Object;)Ljava/util/HashMap$Node; @ 126
Event: 1,884 Thread 0x00007f5904186000 Uncommon trap: reason=bimorphic action=maybe_recompile pc=0x00007f58f51f20b8 method=java.util.HashMap.getNode(ILjava/lang/Object;)Ljava/util/HashMap$Node; @ 126

Internal exceptions (3 events):
Event: 0,054 Thread 0x00007f590400a000 Exception <a 'java/lang/NoSuchMethodError': Method sun.misc.Unsafe.defineClass(Ljava/lang/String;[BII)Ljava/lang/Class; name or signature does not match> (0x00000000eab07c78) thrown at [/ssd/Android/AOSP-openjdk/external/jetbrains/jdk/hotspot/src/share/vm
Event: 0,054 Thread 0x00007f590400a000 Exception <a 'java/lang/NoSuchMethodError': Method sun.misc.Unsafe.prefetchRead(Ljava/lang/Object;J)V name or signature does not match> (0x00000000eab07f60) thrown at [/ssd/Android/AOSP-openjdk/external/jetbrains/jdk/hotspot/src/share/vm/prims/jni.cpp, li
Event: 0,843 Thread 0x00007f5904187000 Implicit null exception at 0x00007f58f530bf76 to 0x00007f58f530eea5

Events (10 events):
Event: 1,884 Thread 0x00007f5904186000 Uncommon trap: trap_request=0xffffffc6 fr.pc=0x00007f58f51f20b8
Event: 1,884 Thread 0x00007f5904186000 DEOPT PACKING pc=0x00007f58f51f20b8 sp=0x00007f58ec4080c0
Event: 1,884 Thread 0x00007f5904186000 DEOPT UNPACKING pc=0x00007f58f5004f69 sp=0x00007f58ec407ff8 mode 2
Event: 1,910 Thread 0x00007f5904186000 DEOPT PACKING pc=0x00007f58f549292b sp=0x00007f58ec408260
Event: 1,910 Thread 0x00007f5904186000 DEOPT UNPACKING pc=0x00007f58f5047373 sp=0x00007f58ec408048 mode 0
Event: 1,914 Thread 0x00007f5904186000 DEOPT PACKING pc=0x00007f58f54e5a5c sp=0x00007f58ec408200
Event: 1,914 Thread 0x00007f5904186000 DEOPT UNPACKING pc=0x00007f58f5047373 sp=0x00007f58ec407f48 mode 0
Event: 2,027 Thread 0x00007f5904186000 DEOPT PACKING pc=0x00007f58f54cac42 sp=0x00007f58ec4082d0
Event: 2,027 Thread 0x00007f5904186000 DEOPT UNPACKING pc=0x00007f58f5047373 sp=0x00007f58ec408080 mode 0
Event: 2,706 Executing VM operation: ParallelGCFailedAllocation


Dynamic libraries:
00400000-00401000 r-xp 00000000 08:01 6698937                            /home/gaia/code/Android/android-studio/jre/bin/java
00600000-00601000 r--p 00000000 08:01 6698937                            /home/gaia/code/Android/android-studio/jre/bin/java
00601000-00602000 rw-p 00001000 08:01 6698937                            /home/gaia/code/Android/android-studio/jre/bin/java
0139c000-013bd000 rw-p 00000000 00:00 0                                  [heap]
c0000000-c2980000 rw-p 00000000 00:00 0 
c2980000-eab00000 ---p 00000000 00:00 0 
eab00000-eee00000 rw-p 00000000 00:00 0 
f4500000-100000000 ---p 00000000 00:00 0 
100000000-1000a0000 rw-p 00000000 00:00 0 
1000a0000-140000000 ---p 00000000 00:00 0 
7f58a0000000-7f58a0021000 rw-p 00000000 00:00 0 
7f58a0021000-7f58a4000000 ---p 00000000 00:00 0 
7f58a8000000-7f58a8045000 rw-p 00000000 00:00 0 
7f58a8045000-7f58ac000000 ---p 00000000 00:00 0 
7f58ac000000-7f58ac077000 rw-p 00000000 00:00 0 
7f58ac077000-7f58b0000000 ---p 00000000 00:00 0 
7f58b0000000-7f58b0021000 rw-p 00000000 00:00 0 
7f58b0021000-7f58b4000000 ---p 00000000 00:00 0 
7f58b4000000-7f58b4021000 rw-p 00000000 00:00 0 
7f58b4021000-7f58b8000000 ---p 00000000 00:00 0 
7f58b8000000-7f58b8021000 rw-p 00000000 00:00 0 
7f58b8021000-7f58bc000000 ---p 00000000 00:00 0 
7f58bc000000-7f58bc021000 rw-p 00000000 00:00 0 
7f58bc021000-7f58c0000000 ---p 00000000 00:00 0 
7f58c0000000-7f58c109f000 rw-p 00000000 00:00 0 
7f58c109f000-7f58c4000000 ---p 00000000 00:00 0 
7f58c4000000-7f58c4ab3000 rw-p 00000000 00:00 0 
7f58c4ab3000-7f58c8000000 ---p 00000000 00:00 0 
7f58c8000000-7f58c8021000 rw-p 00000000 00:00 0 
7f58c8021000-7f58cc000000 ---p 00000000 00:00 0 
7f58cc000000-7f58cd0f4000 rw-p 00000000 00:00 0 
7f58cd0f4000-7f58d0000000 ---p 00000000 00:00 0 
7f58d0000000-7f58d0021000 rw-p 00000000 00:00 0 
7f58d0021000-7f58d4000000 ---p 00000000 00:00 0 
7f58d4000000-7f58d4021000 rw-p 00000000 00:00 0 
7f58d4021000-7f58d8000000 ---p 00000000 00:00 0 
7f58d8000000-7f58d8021000 rw-p 00000000 00:00 0 
7f58d8021000-7f58dc000000 ---p 00000000 00:00 0 
7f58dc000000-7f58dc281000 rw-p 00000000 00:00 0 
7f58dc281000-7f58e0000000 ---p 00000000 00:00 0 
7f58e0000000-7f58e0021000 rw-p 00000000 00:00 0 
7f58e0021000-7f58e4000000 ---p 00000000 00:00 0 
7f58e8000000-7f58e8021000 rw-p 00000000 00:00 0 
7f58e8021000-7f58ec000000 ---p 00000000 00:00 0 
7f58ec208000-7f58ec20b000 ---p 00000000 00:00 0 
7f58ec20b000-7f58ec309000 rw-p 00000000 00:00 0 
7f58ec309000-7f58ec30c000 ---p 00000000 00:00 0 
7f58ec30c000-7f58ec40a000 rw-p 00000000 00:00 0 
7f58ec40a000-7f58ec40d000 ---p 00000000 00:00 0 
7f58ec40d000-7f58ec50b000 rw-p 00000000 00:00 0 
7f58ec50b000-7f58ec50e000 ---p 00000000 00:00 0 
7f58ec50e000-7f58ec60c000 rw-p 00000000 00:00 0 
7f58ec60c000-7f58ec60f000 ---p 00000000 00:00 0 
7f58ec60f000-7f58ec70d000 rw-p 00000000 00:00 0 
7f58ec70d000-7f58ec70e000 ---p 00000000 00:00 0 
7f58ec70e000-7f58ec80e000 rw-p 00000000 00:00 0 
7f58ec80e000-7f58ec811000 ---p 00000000 00:00 0 
7f58ec811000-7f58ec90f000 rw-p 00000000 00:00 0 
7f58ec90f000-7f58ec912000 ---p 00000000 00:00 0 
7f58ec912000-7f58eca10000 rw-p 00000000 00:00 0 
7f58eca10000-7f58eca13000 ---p 00000000 00:00 0 
7f58eca13000-7f58ecb11000 rw-p 00000000 00:00 0 
7f58ecb11000-7f58ecb14000 ---p 00000000 00:00 0 
7f58ecb14000-7f58ecc12000 rw-p 00000000 00:00 0 
7f58ecc12000-7f58ecc15000 ---p 00000000 00:00 0 
7f58ecc15000-7f58ecd13000 rw-p 00000000 00:00 0 
7f58ecd13000-7f58ecff0000 r--p 00000000 08:01 1835757                    /usr/lib/locale/locale-archive
7f58ecff0000-7f58ecff3000 ---p 00000000 00:00 0 
7f58ecff3000-7f58ed0f1000 rw-p 00000000 00:00 0 
7f58ed0f1000-7f58ed0f4000 ---p 00000000 00:00 0 
7f58ed0f4000-7f58ed1f2000 rw-p 00000000 00:00 0 
7f58ed1f2000-7f58ed1f3000 ---p 00000000 00:00 0 
7f58ed1f3000-7f58f0000000 rw-p 00000000 00:00 0 
7f58f0000000-7f58f0021000 rw-p 00000000 00:00 0 
7f58f0021000-7f58f4000000 ---p 00000000 00:00 0 
7f58f4046000-7f58f4068000 r--p 00000000 08:01 3674227                    /usr/share/locale-langpack/it/LC_MESSAGES/libc.mo
7f58f4068000-7f58f4076000 r--s 000e0000 08:01 6558052                    /home/gaia/Android/Sdk/build-tools/25.0.0/lib/dx.jar
7f58f4076000-7f58f42ba000 rw-p 00000000 00:00 0 
7f58f42ba000-7f58f4489000 r--s 03c1b000 08:01 6698995                    /home/gaia/code/Android/android-studio/jre/jre/lib/rt.jar
7f58f4489000-7f58f4b7f000 rw-p 00000000 00:00 0 
7f58f4b7f000-7f58f4cff000 ---p 00000000 00:00 0 
7f58f4cff000-7f58f4eff000 rw-p 00000000 00:00 0 
7f58f4eff000-7f58f4f00000 ---p 00000000 00:00 0 
7f58f4f00000-7f58f5000000 rw-p 00000000 00:00 0 
7f58f5000000-7f58f55d0000 rwxp 00000000 00:00 0 
7f58f55d0000-7f5904000000 ---p 00000000 00:00 0 
7f5904000000-7f5904390000 rw-p 00000000 00:00 0 
7f5904390000-7f5908000000 ---p 00000000 00:00 0 
7f590800b000-7f590806e000 rw-p 00000000 00:00 0 
7f590806e000-7f590806f000 ---p 00000000 00:00 0 
7f590806f000-7f590816f000 rw-p 00000000 00:00 0 
7f590816f000-7f5908170000 ---p 00000000 00:00 0 
7f5908170000-7f5908270000 rw-p 00000000 00:00 0 
7f5908270000-7f5908271000 ---p 00000000 00:00 0 
7f5908271000-7f5908386000 rw-p 00000000 00:00 0 
7f5908386000-7f59084c7000 ---p 00000000 00:00 0 
7f59084c7000-7f59084dc000 rw-p 00000000 00:00 0 
7f59084dc000-7f590861c000 ---p 00000000 00:00 0 
7f590861c000-7f590863e000 rw-p 00000000 00:00 0 
7f590863e000-7f59086c7000 ---p 00000000 00:00 0 
7f59086c7000-7f59086e0000 rw-p 00000000 00:00 0 
7f59086e0000-7f5908a88000 ---p 00000000 00:00 0 
7f5908a88000-7f5908aa2000 r-xp 00000000 08:01 6819923                    /home/gaia/code/Android/android-studio/jre/jre/lib/amd64/libzip.so
7f5908aa2000-7f5908ca2000 ---p 0001a000 08:01 6819923                    /home/gaia/code/Android/android-studio/jre/jre/lib/amd64/libzip.so
7f5908ca2000-7f5908ca3000 r--p 0001a000 08:01 6819923                    /home/gaia/code/Android/android-studio/jre/jre/lib/amd64/libzip.so
7f5908ca3000-7f5908ca4000 rw-p 0001b000 08:01 6819923                    /home/gaia/code/Android/android-studio/jre/jre/lib/amd64/libzip.so
7f5908ca4000-7f5908caf000 r-xp 00000000 08:01 1311084                    /lib/x86_64-linux-gnu/libnss_files-2.24.so
7f5908caf000-7f5908eae000 ---p 0000b000 08:01 1311084                    /lib/x86_64-linux-gnu/libnss_files-2.24.so
7f5908eae000-7f5908eaf000 r--p 0000a000 08:01 1311084                    /lib/x86_64-linux-gnu/libnss_files-2.24.so
7f5908eaf000-7f5908eb0000 rw-p 0000b000 08:01 1311084                    /lib/x86_64-linux-gnu/libnss_files-2.24.so
7f5908eb0000-7f5908eb6000 rw-p 00000000 00:00 0 
7f5908eb6000-7f5908ec1000 r-xp 00000000 08:01 1311086                    /lib/x86_64-linux-gnu/libnss_nis-2.24.so
7f5908ec1000-7f59090c0000 ---p 0000b000 08:01 1311086                    /lib/x86_64-linux-gnu/libnss_nis-2.24.so
7f59090c0000-7f59090c1000 r--p 0000a000 08:01 1311086                    /lib/x86_64-linux-gnu/libnss_nis-2.24.so
7f59090c1000-7f59090c2000 rw-p 0000b000 08:01 1311086                    /lib/x86_64-linux-gnu/libnss_nis-2.24.so
7f59090c2000-7f59090d8000 r-xp 00000000 08:01 1311081                    /lib/x86_64-linux-gnu/libnsl-2.24.so
7f59090d8000-7f59092d7000 ---p 00016000 08:01 1311081                    /lib/x86_64-linux-gnu/libnsl-2.24.so
7f59092d7000-7f59092d8000 r--p 00015000 08:01 1311081                    /lib/x86_64-linux-gnu/libnsl-2.24.so
7f59092d8000-7f59092d9000 rw-p 00016000 08:01 1311081                    /lib/x86_64-linux-gnu/libnsl-2.24.so
7f59092d9000-7f59092db000 rw-p 00000000 00:00 0 
7f59092db000-7f59092e3000 r-xp 00000000 08:01 1311082                    /lib/x86_64-linux-gnu/libnss_compat-2.24.so
7f59092e3000-7f59094e2000 ---p 00008000 08:01 1311082                    /lib/x86_64-linux-gnu/libnss_compat-2.24.so
7f59094e2000-7f59094e3000 r--p 00007000 08:01 1311082                    /lib/x86_64-linux-gnu/libnss_compat-2.24.so
7f59094e3000-7f59094e4000 rw-p 00008000 08:01 1311082                    /lib/x86_64-linux-gnu/libnss_compat-2.24.so
7f59094e4000-7f5909511000 r-xp 00000000 08:01 6819933                    /home/gaia/code/Android/android-studio/jre/jre/lib/amd64/libjava.so
7f5909511000-7f5909710000 ---p 0002d000 08:01 6819933                    /home/gaia/code/Android/android-studio/jre/jre/lib/amd64/libjava.so
7f5909710000-7f5909711000 r--p 0002c000 08:01 6819933                    /home/gaia/code/Android/android-studio/jre/jre/lib/amd64/libjava.so
7f5909711000-7f5909713000 rw-p 0002d000 08:01 6819933                    /home/gaia/code/Android/android-studio/jre/jre/lib/amd64/libjava.so
7f5909713000-7f5909723000 r-xp 00000000 08:01 6819949                    /home/gaia/code/Android/android-studio/jre/jre/lib/amd64/libverify.so
7f5909723000-7f5909922000 ---p 00010000 08:01 6819949                    /home/gaia/code/Android/android-studio/jre/jre/lib/amd64/libverify.so
7f5909922000-7f5909924000 r--p 0000f000 08:01 6819949                    /home/gaia/code/Android/android-studio/jre/jre/lib/amd64/libverify.so
7f5909924000-7f5909925000 rw-p 00011000 08:01 6819949                    /home/gaia/code/Android/android-studio/jre/jre/lib/amd64/libverify.so
7f5909925000-7f590992c000 r-xp 00000000 08:01 1311091                    /lib/x86_64-linux-gnu/librt-2.24.so
7f590992c000-7f5909b2b000 ---p 00007000 08:01 1311091                    /lib/x86_64-linux-gnu/librt-2.24.so
7f5909b2b000-7f5909b2c000 r--p 00006000 08:01 1311091                    /lib/x86_64-linux-gnu/librt-2.24.so
7f5909b2c000-7f5909b2d000 rw-p 00007000 08:01 1311091                    /lib/x86_64-linux-gnu/librt-2.24.so
7f5909b2d000-7f5909c35000 r-xp 00000000 08:01 1311078                    /lib/x86_64-linux-gnu/libm-2.24.so
7f5909c35000-7f5909e34000 ---p 00108000 08:01 1311078                    /lib/x86_64-linux-gnu/libm-2.24.so
7f5909e34000-7f5909e35000 r--p 00107000 08:01 1311078                    /lib/x86_64-linux-gnu/libm-2.24.so
7f5909e35000-7f5909e36000 rw-p 00108000 08:01 1311078                    /lib/x86_64-linux-gnu/libm-2.24.so
7f5909e36000-7f590aa27000 r-xp 00000000 08:01 6819953                    /home/gaia/code/Android/android-studio/jre/jre/lib/amd64/server/libjvm.so
7f590aa27000-7f590ac27000 ---p 00bf1000 08:01 6819953                    /home/gaia/code/Android/android-studio/jre/jre/lib/amd64/server/libjvm.so
7f590ac27000-7f590acc6000 r--p 00bf1000 08:01 6819953                    /home/gaia/code/Android/android-studio/jre/jre/lib/amd64/server/libjvm.so
7f590acc6000-7f590acef000 rw-p 00c90000 08:01 6819953                    /home/gaia/code/Android/android-studio/jre/jre/lib/amd64/server/libjvm.so
7f590acef000-7f590ad33000 rw-p 00000000 00:00 0 
7f590ad33000-7f590ad4b000 r-xp 00000000 08:01 1311089                    /lib/x86_64-linux-gnu/libpthread-2.24.so
7f590ad4b000-7f590af4b000 ---p 00018000 08:01 1311089                    /lib/x86_64-linux-gnu/libpthread-2.24.so
7f590af4b000-7f590af4c000 r--p 00018000 08:01 1311089                    /lib/x86_64-linux-gnu/libpthread-2.24.so
7f590af4c000-7f590af4d000 rw-p 00019000 08:01 1311089                    /lib/x86_64-linux-gnu/libpthread-2.24.so
7f590af4d000-7f590af51000 rw-p 00000000 00:00 0 
7f590af51000-7f590af54000 r-xp 00000000 08:01 1311077                    /lib/x86_64-linux-gnu/libdl-2.24.so
7f590af54000-7f590b153000 ---p 00003000 08:01 1311077                    /lib/x86_64-linux-gnu/libdl-2.24.so
7f590b153000-7f590b154000 r--p 00002000 08:01 1311077                    /lib/x86_64-linux-gnu/libdl-2.24.so
7f590b154000-7f590b155000 rw-p 00003000 08:01 1311077                    /lib/x86_64-linux-gnu/libdl-2.24.so
7f590b155000-7f590b313000 r-xp 00000000 08:01 1311074                    /lib/x86_64-linux-gnu/libc-2.24.so
7f590b313000-7f590b512000 ---p 001be000 08:01 1311074                    /lib/x86_64-linux-gnu/libc-2.24.so
7f590b512000-7f590b516000 r--p 001bd000 08:01 1311074                    /lib/x86_64-linux-gnu/libc-2.24.so
7f590b516000-7f590b518000 rw-p 001c1000 08:01 1311074                    /lib/x86_64-linux-gnu/libc-2.24.so
7f590b518000-7f590b51c000 rw-p 00000000 00:00 0 
7f590b51c000-7f590b532000 r-xp 00000000 08:01 6698911                    /home/gaia/code/Android/android-studio/jre/lib/amd64/jli/libjli.so
7f590b532000-7f590b731000 ---p 00016000 08:01 6698911                    /home/gaia/code/Android/android-studio/jre/lib/amd64/jli/libjli.so
7f590b731000-7f590b732000 r--p 00015000 08:01 6698911                    /home/gaia/code/Android/android-studio/jre/lib/amd64/jli/libjli.so
7f590b732000-7f590b733000 rw-p 00016000 08:01 6698911                    /home/gaia/code/Android/android-studio/jre/lib/amd64/jli/libjli.so
7f590b733000-7f590b759000 r-xp 00000000 08:01 1310819                    /lib/x86_64-linux-gnu/ld-2.24.so
7f590b75a000-7f590b761000 r--s 00000000 08:01 2104802                    /usr/lib/x86_64-linux-gnu/gconv/gconv-modules.cache
7f590b761000-7f590b832000 rw-p 00000000 00:00 0 
7f590b832000-7f590b835000 ---p 00000000 00:00 0 
7f590b835000-7f590b935000 rw-p 00000000 00:00 0 
7f590b937000-7f590b94b000 rw-p 00000000 00:00 0 
7f590b94b000-7f590b953000 rw-s 00000000 08:01 2762514                    /tmp/hsperfdata_gaia/13888
7f590b953000-7f590b954000 rw-p 00000000 00:00 0 
7f590b954000-7f590b955000 ---p 00000000 00:00 0 
7f590b955000-7f590b958000 rw-p 00000000 00:00 0 
7f590b958000-7f590b959000 r--p 00025000 08:01 1310819                    /lib/x86_64-linux-gnu/ld-2.24.so
7f590b959000-7f590b95a000 rw-p 00026000 08:01 1310819                    /lib/x86_64-linux-gnu/ld-2.24.so
7f590b95a000-7f590b95b000 rw-p 00000000 00:00 0 
7ffc35058000-7ffc35079000 rw-p 00000000 00:00 0                          [stack]
7ffc351d8000-7ffc351da000 r--p 00000000 00:00 0                          [vvar]
7ffc351da000-7ffc351dc000 r-xp 00000000 00:00 0                          [vdso]
ffffffffff600000-ffffffffff601000 r-xp 00000000 00:00 0                  [vsyscall]

VM Arguments:
jvm_args: -Djava.awt.headless=true -Xmx1024M -Dfile.encoding=UTF-8 -Duser.country=IT -Duser.language=it -Duser.variant 
java_command: com.android.dx.command.Main --dex --force-jumbo --num-threads=4 --multi-dex --output /home/gaia/AndroidStudioProjects/8Chesifaoggi (copy)- pretest con errore locandina lista/app/build/intermediates/transforms/dex/debug/folders/1000/5/slice_2 /home/gaia/AndroidStudioProjects/8Chesifaoggi (copy)- pretest con errore locandina lista/app/build/intermediates/transforms/instantRunSlicer/debug/folders/1/5/slice_2
java_class_path (initial): /home/gaia/Android/Sdk/build-tools/25.0.0/lib/dx.jar
Launcher Type: SUN_STANDARD

Environment Variables:
PATH=/usr/local/sbin:/usr/local/bin:/usr/sbin:/usr/bin:/sbin:/bin:/usr/games:/usr/local/games:/snap/bin
LD_LIBRARY_PATH=.:
SHELL=/bin/bash
DISPLAY=:0

Signal Handlers:
SIGSEGV: [libjvm.so+0x9e5150], sa_mask[0]=11111111011111111101111111111110, sa_flags=SA_RESTART|SA_SIGINFO
SIGBUS: [libjvm.so+0x9e5150], sa_mask[0]=11111111011111111101111111111110, sa_flags=SA_RESTART|SA_SIGINFO
SIGFPE: [libjvm.so+0x848450], sa_mask[0]=11111111011111111101111111111110, sa_flags=SA_RESTART|SA_SIGINFO
SIGPIPE: [libjvm.so+0x848450], sa_mask[0]=11111111011111111101111111111110, sa_flags=SA_RESTART|SA_SIGINFO
SIGXFSZ: [libjvm.so+0x848450], sa_mask[0]=11111111011111111101111111111110, sa_flags=SA_RESTART|SA_SIGINFO
SIGILL: [libjvm.so+0x848450], sa_mask[0]=11111111011111111101111111111110, sa_flags=SA_RESTART|SA_SIGINFO
SIGUSR1: SIG_DFL, sa_mask[0]=00000000000000000000000000000000, sa_flags=none
SIGUSR2: [libjvm.so+0x848320], sa_mask[0]=00100000000000000000000000000000, sa_flags=SA_RESTART|SA_SIGINFO
SIGHUP: [libjvm.so+0x848510], sa_mask[0]=11111111011111111101111111111110, sa_flags=SA_RESTART|SA_SIGINFO
SIGINT: [libjvm.so+0x848510], sa_mask[0]=11111111011111111101111111111110, sa_flags=SA_RESTART|SA_SIGINFO
SIGTERM: [libjvm.so+0x848510], sa_mask[0]=11111111011111111101111111111110, sa_flags=SA_RESTART|SA_SIGINFO
SIGQUIT: [libjvm.so+0x848510], sa_mask[0]=11111111011111111101111111111110, sa_flags=SA_RESTART|SA_SIGINFO


---------------  S Y S T E M  ---------------

OS:DISTRIB_ID=Ubuntu
DISTRIB_RELEASE=17.04
DISTRIB_CODENAME=zesty
DISTRIB_DESCRIPTION="Ubuntu 17.04"

uname:Linux 4.10.0-32-generic #36-Ubuntu SMP Tue Aug 8 12:10:06 UTC 2017 x86_64
libc:glibc 2.24 NPTL 2.24 
rlimit: STACK 8192k, CORE 0k, NPROC 15016, NOFILE 4096, AS infinity
load average:0,81 0,97 1,30

/proc/meminfo:
MemTotal:        3945356 kB
MemFree:           89840 kB
MemAvailable:       2424 kB
Buffers:             504 kB
Cached:           435212 kB
SwapCached:        18240 kB
Active:          3010328 kB
Inactive:         612824 kB
Active(anon):    3001848 kB
Inactive(anon):   600588 kB
Active(file):       8480 kB
Inactive(file):    12236 kB
Unevictable:          48 kB
Mlocked:              48 kB
SwapTotal:       2097148 kB
SwapFree:              0 kB
Dirty:                 0 kB
Writeback:             0 kB
AnonPages:       3169312 kB
Mapped:           139688 kB
Shmem:            414848 kB
Slab:              88336 kB
SReclaimable:      42972 kB
SUnreclaim:        45364 kB
KernelStack:       12640 kB
PageTables:        49860 kB
NFS_Unstable:          0 kB
Bounce:                0 kB
WritebackTmp:          0 kB
CommitLimit:     4069824 kB
Committed_AS:   10999836 kB
VmallocTotal:   34359738367 kB
VmallocUsed:           0 kB
VmallocChunk:          0 kB
HardwareCorrupted:     0 kB
AnonHugePages:    417792 kB
ShmemHugePages:        0 kB
ShmemPmdMapped:        0 kB
CmaTotal:              0 kB
CmaFree:               0 kB
HugePages_Total:       0
HugePages_Free:        0
HugePages_Rsvd:        0
HugePages_Surp:        0
Hugepagesize:       2048 kB
DirectMap4k:      169244 kB
DirectMap2M:     3926016 kB
DirectMap1G:           0 kB


CPU:total 4 (2 cores per cpu, 2 threads per core) family 6 model 61 stepping 4, cmov, cx8, fxsr, mmx, sse, sse2, sse3, ssse3, sse4.1, sse4.2, popcnt, avx, avx2, aes, clmul, erms, 3dnowpref, lzcnt, ht, tsc, tscinvbit, bmi1, bmi2, adx

/proc/cpuinfo:
processor	: 0
vendor_id	: GenuineIntel
cpu family	: 6
model		: 61
model name	: Intel(R) Core(TM) i7-5500U CPU @ 2.40GHz
stepping	: 4
microcode	: 0x24
cpu MHz		: 2802.978
cache size	: 4096 KB
physical id	: 0
siblings	: 4
core id		: 0
cpu cores	: 2
apicid		: 0
initial apicid	: 0
fpu		: yes
fpu_exception	: yes
cpuid level	: 20
wp		: yes
flags		: fpu vme de pse tsc msr pae mce cx8 apic sep mtrr pge mca cmov pat pse36 clflush dts acpi mmx fxsr sse sse2 ss ht tm pbe syscall nx pdpe1gb rdtscp lm constant_tsc arch_perfmon pebs bts rep_good nopl xtopology nonstop_tsc aperfmperf pni pclmulqdq dtes64 monitor ds_cpl vmx est tm2 ssse3 sdbg fma cx16 xtpr pdcm pcid sse4_1 sse4_2 x2apic movbe popcnt tsc_deadline_timer aes xsave avx f16c rdrand lahf_lm abm 3dnowprefetch epb intel_pt tpr_shadow vnmi flexpriority ept vpid fsgsbase tsc_adjust bmi1 avx2 smep bmi2 erms invpcid rdseed adx smap xsaveopt dtherm ida arat pln pts
bugs		:
bogomips	: 4788.48
clflush size	: 64
cache_alignment	: 64
address sizes	: 39 bits physical, 48 bits virtual
power management:

processor	: 1
vendor_id	: GenuineIntel
cpu family	: 6
model		: 61
model name	: Intel(R) Core(TM) i7-5500U CPU @ 2.40GHz
stepping	: 4
microcode	: 0x24
cpu MHz		: 2608.886
cache size	: 4096 KB
physical id	: 0
siblings	: 4
core id		: 1
cpu cores	: 2
apicid		: 2
initial apicid	: 2
fpu		: yes
fpu_exception	: yes
cpuid level	: 20
wp		: yes
flags		: fpu vme de pse tsc msr pae mce cx8 apic sep mtrr pge mca cmov pat pse36 clflush dts acpi mmx fxsr sse sse2 ss ht tm pbe syscall nx pdpe1gb rdtscp lm constant_tsc arch_perfmon pebs bts rep_good nopl xtopology nonstop_tsc aperfmperf pni pclmulqdq dtes64 monitor ds_cpl vmx est tm2 ssse3 sdbg fma cx16 xtpr pdcm pcid sse4_1 sse4_2 x2apic movbe popcnt tsc_deadline_timer aes xsave avx f16c rdrand lahf_lm abm 3dnowprefetch epb intel_pt tpr_shadow vnmi flexpriority ept vpid fsgsbase tsc_adjust bmi1 avx2 smep bmi2 erms invpcid rdseed adx smap xsaveopt dtherm ida arat pln pts
bugs		:
bogomips	: 4788.48
clflush size	: 64
cache_alignment	: 64
address sizes	: 39 bits physical, 48 bits virtual
power management:

processor	: 2
vendor_id	: GenuineIntel
cpu family	: 6
model		: 61
model name	: Intel(R) Core(TM) i7-5500U CPU @ 2.40GHz
stepping	: 4
microcode	: 0x24
cpu MHz		: 2541.650
cache size	: 4096 KB
physical id	: 0
siblings	: 4
core id		: 0
cpu cores	: 2
apicid		: 1
initial apicid	: 1
fpu		: yes
fpu_exception	: yes
cpuid level	: 20
wp		: yes
flags		: fpu vme de pse tsc msr pae mce cx8 apic sep mtrr pge mca cmov pat pse36 clflush dts acpi mmx fxsr sse sse2 ss ht tm pbe syscall nx pdpe1gb rdtscp lm constant_tsc arch_perfmon pebs bts rep_good nopl xtopology nonstop_tsc aperfmperf pni pclmulqdq dtes64 monitor ds_cpl vmx est tm2 ssse3 sdbg fma cx16 xtpr pdcm pcid sse4_1 sse4_2 x2apic movbe popcnt tsc_deadline_timer aes xsave avx f16c rdrand lahf_lm abm 3dnowprefetch epb intel_pt tpr_shadow vnmi flexpriority ept vpid fsgsbase tsc_adjust bmi1 avx2 smep bmi2 erms invpcid rdseed adx smap xsaveopt dtherm ida arat pln pts
bugs		:
bogomips	: 4788.48
clflush size	: 64
cache_alignment	: 64
address sizes	: 39 bits physical, 48 bits virtual
power management:

processor	: 3
vendor_id	: GenuineIntel
cpu family	: 6
model		: 61
model name	: Intel(R) Core(TM) i7-5500U CPU @ 2.40GHz
stepping	: 4
microcode	: 0x24
cpu MHz		: 2578.710
cache size	: 4096 KB
physical id	: 0
siblings	: 4
core id		: 1
cpu cores	: 2
apicid		: 3
initial apicid	: 3
fpu		: yes
fpu_exception	: yes
cpuid level	: 20
wp		: yes
flags		: fpu vme de pse tsc msr pae mce cx8 apic sep mtrr pge mca cmov pat pse36 clflush dts acpi mmx fxsr sse sse2 ss ht tm pbe syscall nx pdpe1gb rdtscp lm constant_tsc arch_perfmon pebs bts rep_good nopl xtopology nonstop_tsc aperfmperf pni pclmulqdq dtes64 monitor ds_cpl vmx est tm2 ssse3 sdbg fma cx16 xtpr pdcm pcid sse4_1 sse4_2 x2apic movbe popcnt tsc_deadline_timer aes xsave avx f16c rdrand lahf_lm abm 3dnowprefetch epb intel_pt tpr_shadow vnmi flexpriority ept vpid fsgsbase tsc_adjust bmi1 avx2 smep bmi2 erms invpcid rdseed adx smap xsaveopt dtherm ida arat pln pts
bugs		:
bogomips	: 4788.48
clflush size	: 64
cache_alignment	: 64
address sizes	: 39 bits physical, 48 bits virtual
power management:



Memory: 4k page, physical 3945356k(89592k free), swap 2097148k(0k free)

vm_info: OpenJDK 64-Bit Server VM (25.112-b06) for linux-amd64 JRE (1.8.0_112-release-b06), built on Dec  6 2016 12:11:18 by "builder" with gcc 4.8.4

time: Sat Aug 19 11:13:59 2017
elapsed time: 3 seconds (0d 0h 0m 3s)

