#
# There is insufficient memory for the Java Runtime Environment to continue.
# Native memory allocation (mmap) failed to map 99614720 bytes for committing reserved memory.
# Possible reasons:
#   The system is out of physical RAM or swap space
#   In 32 bit mode, the process size limit was hit
# Possible solutions:
#   Reduce memory load on the system
#   Increase physical memory or swap space
#   Check if swap backing store is full
#   Use 64 bit Java on a 64 bit OS
#   Decrease Java heap size (-Xmx/-Xms)
#   Decrease number of Java threads
#   Decrease Java thread stack sizes (-Xss)
#   Set larger code cache with -XX:ReservedCodeCacheSize=
# This output file may be truncated or incomplete.
#
#  Out of Memory Error (os_linux.cpp:2627), pid=20256, tid=0x00007f12e0efe700
#
# JRE version: OpenJDK Runtime Environment (8.0_112-b06) (build 1.8.0_112-release-b06)
# Java VM: OpenJDK 64-Bit Server VM (25.112-b06 mixed mode linux-amd64 compressed oops)
# Failed to write core dump. Core dumps have been disabled. To enable core dumping, try "ulimit -c unlimited" before starting Java again
#

---------------  T H R E A D  ---------------

Current thread (0x00007f12f0077800):  VMThread [stack: 0x00007f12e0dfe000,0x00007f12e0eff000] [id=20277]

Stack: [0x00007f12e0dfe000,0x00007f12e0eff000],  sp=0x00007f12e0efd4c0,  free space=1021k
Native frames: (J=compiled Java code, j=interpreted, Vv=VM code, C=native code)
V  [libjvm.so+0x9e465d]  VMError::report_and_die()+0x15d
V  [libjvm.so+0x4b6ada]  report_vm_out_of_memory(char const*, int, unsigned long, VMErrorType, char const*)+0x8a
V  [libjvm.so+0x84c860]  os::pd_commit_memory(char*, unsigned long, unsigned long, bool)+0xf0
V  [libjvm.so+0x84737f]  os::commit_memory(char*, unsigned long, unsigned long, bool)+0x1f
V  [libjvm.so+0x8bd3db]  PSVirtualSpace::expand_by(unsigned long)+0x5b
V  [libjvm.so+0x8be050]  PSYoungGen::resize_generation(unsigned long, unsigned long)+0xb0
V  [libjvm.so+0x8be36b]  PSYoungGen::resize(unsigned long, unsigned long)+0x1b
V  [libjvm.so+0x8baa5c]  PSScavenge::invoke_no_policy()+0xdac
V  [libjvm.so+0x8bb238]  PSScavenge::invoke()+0x38
V  [libjvm.so+0x86fcf3]  ParallelScavengeHeap::failed_mem_allocate(unsigned long)+0x63
V  [libjvm.so+0x9e6124]  VM_ParallelGCFailedAllocation::doit()+0x84
V  [libjvm.so+0x9ea537]  VM_Operation::evaluate()+0x47
V  [libjvm.so+0x9e8ff8]  VMThread::evaluate_operation(VM_Operation*)+0x2c8
V  [libjvm.so+0x9e9479]  VMThread::loop()+0x219
V  [libjvm.so+0x9e98c2]  VMThread::run()+0x72
V  [libjvm.so+0x849c82]  java_start(Thread*)+0xf2

VM_Operation (0x00007f12cdffdf20): ParallelGCFailedAllocation, mode: safepoint, requested by thread 0x00007f12f0154000


---------------  P R O C E S S  ---------------

Java Threads: ( => current thread )
  0x00007f12f0147800 JavaThread "pool-2-thread-4" [_thread_blocked, id=20327, stack(0x00007f12cddfe000,0x00007f12cdeff000)]
  0x00007f12f0154000 JavaThread "pool-2-thread-3" [_thread_blocked, id=20326, stack(0x00007f12cdeff000,0x00007f12ce000000)]
  0x00007f12f0151800 JavaThread "pool-2-thread-2" [_thread_blocked, id=20325, stack(0x00007f12e0016000,0x00007f12e0117000)]
  0x00007f12f013b800 JavaThread "pool-3-thread-1" [_thread_blocked, id=20314, stack(0x00007f12e0117000,0x00007f12e0218000)]
  0x00007f12f013a000 JavaThread "pool-2-thread-1" [_thread_blocked, id=20313, stack(0x00007f12e0218000,0x00007f12e0319000)]
  0x00007f12f00da000 JavaThread "Service Thread" daemon [_thread_blocked, id=20311, stack(0x00007f12e041a000,0x00007f12e051b000)]
  0x00007f12f00bd000 JavaThread "C1 CompilerThread2" daemon [_thread_blocked, id=20306, stack(0x00007f12e051b000,0x00007f12e061c000)]
  0x00007f12f00bb000 JavaThread "C2 CompilerThread1" daemon [_thread_blocked, id=20304, stack(0x00007f12e061c000,0x00007f12e071d000)]
  0x00007f12f00b8800 JavaThread "C2 CompilerThread0" daemon [_thread_blocked, id=20303, stack(0x00007f12e071d000,0x00007f12e081e000)]
  0x00007f12f00b7000 JavaThread "Signal Dispatcher" daemon [_thread_blocked, id=20302, stack(0x00007f12e081e000,0x00007f12e091f000)]
  0x00007f12f0084000 JavaThread "Finalizer" daemon [_thread_blocked, id=20286, stack(0x00007f12e0bfc000,0x00007f12e0cfd000)]
  0x00007f12f007f800 JavaThread "Reference Handler" daemon [_thread_blocked, id=20284, stack(0x00007f12e0cfd000,0x00007f12e0dfe000)]
  0x00007f12f000a000 JavaThread "main" [_thread_blocked, id=20268, stack(0x00007f12f93f2000,0x00007f12f94f3000)]

Other Threads:
=>0x00007f12f0077800 VMThread [stack: 0x00007f12e0dfe000,0x00007f12e0eff000] [id=20277]
  0x00007f12f00dc800 WatcherThread [stack: 0x00007f12e0319000,0x00007f12e041a000] [id=20312]

VM state:at safepoint (normal execution)

VM Mutex/Monitor currently owned by a thread:  ([mutex/lock_event])
[0x00007f12f0006790] Threads_lock - owner thread: 0x00007f12f0077800
[0x00007f12f0006c90] Heap_lock - owner thread: 0x00007f12f0154000

Heap:
 PSYoungGen      total 66048K, used 2554K [0x00000000eab00000, 0x00000000eee00000, 0x0000000100000000)
  eden space 63488K, 0% used [0x00000000eab00000,0x00000000eab00000,0x00000000ee900000)
  from space 2560K, 99% used [0x00000000ee900000,0x00000000eeb7e850,0x00000000eeb80000)
  to   space 2560K, 0% used [0x00000000eeb80000,0x00000000eeb80000,0x00000000eee00000)
 ParOldGen       total 42496K, used 38701K [0x00000000c0000000, 0x00000000c2980000, 0x00000000eab00000)
  object space 42496K, 91% used [0x00000000c0000000,0x00000000c25cb700,0x00000000c2980000)
 Metaspace       used 5685K, capacity 6896K, committed 7040K, reserved 1056768K
  class space    used 555K, capacity 616K, committed 640K, reserved 1048576K

Card table byte_map: [0x00007f12f6087000,0x00007f12f6288000] byte_map_base: 0x00007f12f5a87000

Marking Bits: (ParMarkBitMap*) 0x00007f12f88c4340
 Begin Bits: [0x00007f12ce000000, 0x00007f12cf000000)
 End Bits:   [0x00007f12cf000000, 0x00007f12d0000000)

Polling page: 0x00007f12f9514000

CodeCache: size=245760Kb used=4680Kb max_used=4680Kb free=241079Kb
 bounds [0x00007f12e1000000, 0x00007f12e14a0000, 0x00007f12f0000000]
 total_blobs=1479 nmethods=1218 adapters=175
 compilation: enabled

Compilation events (10 events):
Event: 2,596 Thread 0x00007f12f00bd000 nmethod 1377 0x00007f12e1492710 code [0x00007f12e1492880, 0x00007f12e1492ab0]
Event: 2,596 Thread 0x00007f12f00bd000 1376       2       com.android.dx.util.LabeledList::rebuildLabelToIndex (46 bytes)
Event: 2,600 Thread 0x00007f12f00bd000 nmethod 1376 0x00007f12e1492c90 code [0x00007f12e1492e20, 0x00007f12e14930c8]
Event: 2,600 Thread 0x00007f12f00bd000 1380       2       com.android.dx.ssa.back.FirstFitLocalCombiningAllocator$Multiset::add (68 bytes)
Event: 2,600 Thread 0x00007f12f00bd000 nmethod 1380 0x00007f12e1493290 code [0x00007f12e1493400, 0x00007f12e1493670]
Event: 2,600 Thread 0x00007f12f00bd000 1382       2       com.android.dx.ssa.back.IdenticalBlockCombiner::replaceSucc (83 bytes)
Event: 2,601 Thread 0x00007f12f00bd000 nmethod 1382 0x00007f12e14938d0 code [0x00007f12e1493a80, 0x00007f12e1493db8]
Event: 2,601 Thread 0x00007f12f00bd000 1378       2       com.android.dx.dex.code.BlockAddresses::getStart (7 bytes)
Event: 2,601 Thread 0x00007f12f00bd000 nmethod 1378 0x00007f12e1494090 code [0x00007f12e1494200, 0x00007f12e1494370]
Event: 2,601 Thread 0x00007f12f00bd000 1331       2       com.android.dx.dex.code.RopTranslator$LocalVariableAwareTranslationVisitor::visitThrowingInsn (11 bytes)

GC Heap History (9 events):
Event: 1,028 GC heap before
{Heap before GC invocations=1 (full 0):
 PSYoungGen      total 18432K, used 15872K [0x00000000eab00000, 0x00000000ebf80000, 0x0000000100000000)
  eden space 15872K, 100% used [0x00000000eab00000,0x00000000eba80000,0x00000000eba80000)
  from space 2560K, 0% used [0x00000000ebd00000,0x00000000ebd00000,0x00000000ebf80000)
  to   space 2560K, 0% used [0x00000000eba80000,0x00000000eba80000,0x00000000ebd00000)
 ParOldGen       total 42496K, used 0K [0x00000000c0000000, 0x00000000c2980000, 0x00000000eab00000)
  object space 42496K, 0% used [0x00000000c0000000,0x00000000c0000000,0x00000000c2980000)
 Metaspace       used 5426K, capacity 6640K, committed 6784K, reserved 1056768K
  class space    used 553K, capacity 616K, committed 640K, reserved 1048576K
Event: 1,039 GC heap after
Heap after GC invocations=1 (full 0):
 PSYoungGen      total 18432K, used 2548K [0x00000000eab00000, 0x00000000ecf00000, 0x0000000100000000)
  eden space 15872K, 0% used [0x00000000eab00000,0x00000000eab00000,0x00000000eba80000)
  from space 2560K, 99% used [0x00000000eba80000,0x00000000ebcfd1c0,0x00000000ebd00000)
  to   space 2560K, 0% used [0x00000000ecc80000,0x00000000ecc80000,0x00000000ecf00000)
 ParOldGen       total 42496K, used 2068K [0x00000000c0000000, 0x00000000c2980000, 0x00000000eab00000)
  object space 42496K, 4% used [0x00000000c0000000,0x00000000c02051c0,0x00000000c2980000)
 Metaspace       used 5426K, capacity 6640K, committed 6784K, reserved 1056768K
  class space    used 553K, capacity 616K, committed 640K, reserved 1048576K
}
Event: 1,359 GC heap before
{Heap before GC invocations=2 (full 0):
 PSYoungGen      total 18432K, used 18420K [0x00000000eab00000, 0x00000000ecf00000, 0x0000000100000000)
  eden space 15872K, 100% used [0x00000000eab00000,0x00000000eba80000,0x00000000eba80000)
  from space 2560K, 99% used [0x00000000eba80000,0x00000000ebcfd1c0,0x00000000ebd00000)
  to   space 2560K, 0% used [0x00000000ecc80000,0x00000000ecc80000,0x00000000ecf00000)
 ParOldGen       total 42496K, used 2068K [0x00000000c0000000, 0x00000000c2980000, 0x00000000eab00000)
  object space 42496K, 4% used [0x00000000c0000000,0x00000000c02051c0,0x00000000c2980000)
 Metaspace       used 5511K, capacity 6768K, committed 7040K, reserved 1056768K
  class space    used 554K, capacity 616K, committed 640K, reserved 1048576K
Event: 1,370 GC heap after
Heap after GC invocations=2 (full 0):
 PSYoungGen      total 34304K, used 2545K [0x00000000eab00000, 0x00000000ecf00000, 0x0000000100000000)
  eden space 31744K, 0% used [0x00000000eab00000,0x00000000eab00000,0x00000000eca00000)
  from space 2560K, 99% used [0x00000000ecc80000,0x00000000ecefc5b0,0x00000000ecf00000)
  to   space 2560K, 0% used [0x00000000eca00000,0x00000000eca00000,0x00000000ecc80000)
 ParOldGen       total 42496K, used 5230K [0x00000000c0000000, 0x00000000c2980000, 0x00000000eab00000)
  object space 42496K, 12% used [0x00000000c0000000,0x00000000c051bb88,0x00000000c2980000)
 Metaspace       used 5511K, capacity 6768K, committed 7040K, reserved 1056768K
  class space    used 554K, capacity 616K, committed 640K, reserved 1048576K
}
Event: 1,705 GC heap before
{Heap before GC invocations=3 (full 0):
 PSYoungGen      total 34304K, used 34289K [0x00000000eab00000, 0x00000000ecf00000, 0x0000000100000000)
  eden space 31744K, 100% used [0x00000000eab00000,0x00000000eca00000,0x00000000eca00000)
  from space 2560K, 99% used [0x00000000ecc80000,0x00000000ecefc5b0,0x00000000ecf00000)
  to   space 2560K, 0% used [0x00000000eca00000,0x00000000eca00000,0x00000000ecc80000)
 ParOldGen       total 42496K, used 5230K [0x00000000c0000000, 0x00000000c2980000, 0x00000000eab00000)
  object space 42496K, 12% used [0x00000000c0000000,0x00000000c051bb88,0x00000000c2980000)
 Metaspace       used 5608K, capacity 6832K, committed 7040K, reserved 1056768K
  class space    used 554K, capacity 616K, committed 640K, reserved 1048576K
Event: 1,735 GC heap after
Heap after GC invocations=3 (full 0):
 PSYoungGen      total 34304K, used 2545K [0x00000000eab00000, 0x00000000eee00000, 0x0000000100000000)
  eden space 31744K, 0% used [0x00000000eab00000,0x00000000eab00000,0x00000000eca00000)
  from space 2560K, 99% used [0x00000000eca00000,0x00000000ecc7c5b0,0x00000000ecc80000)
  to   space 2560K, 0% used [0x00000000eeb80000,0x00000000eeb80000,0x00000000eee00000)
 ParOldGen       total 42496K, used 14685K [0x00000000c0000000, 0x00000000c2980000, 0x00000000eab00000)
  object space 42496K, 34% used [0x00000000c0000000,0x00000000c0e57470,0x00000000c2980000)
 Metaspace       used 5608K, capacity 6832K, committed 7040K, reserved 1056768K
  class space    used 554K, capacity 616K, committed 640K, reserved 1048576K
}
Event: 2,003 GC heap before
{Heap before GC invocations=4 (full 0):
 PSYoungGen      total 34304K, used 34289K [0x00000000eab00000, 0x00000000eee00000, 0x0000000100000000)
  eden space 31744K, 100% used [0x00000000eab00000,0x00000000eca00000,0x00000000eca00000)
  from space 2560K, 99% used [0x00000000eca00000,0x00000000ecc7c5b0,0x00000000ecc80000)
  to   space 2560K, 0% used [0x00000000eeb80000,0x00000000eeb80000,0x00000000eee00000)
 ParOldGen       total 42496K, used 14685K [0x00000000c0000000, 0x00000000c2980000, 0x00000000eab00000)
  object space 42496K, 34% used [0x00000000c0000000,0x00000000c0e57470,0x00000000c2980000)
 Metaspace       used 5615K, capacity 6832K, committed 7040K, reserved 1056768K
  class space    used 555K, capacity 616K, committed 640K, reserved 1048576K
Event: 2,051 GC heap after
Heap after GC invocations=4 (full 0):
 PSYoungGen      total 66048K, used 2545K [0x00000000eab00000, 0x00000000eee00000, 0x0000000100000000)
  eden space 63488K, 0% used [0x00000000eab00000,0x00000000eab00000,0x00000000ee900000)
  from space 2560K, 99% used [0x00000000eeb80000,0x00000000eedfc760,0x00000000eee00000)
  to   space 2560K, 0% used [0x00000000ee900000,0x00000000ee900000,0x00000000eeb80000)
 ParOldGen       total 42496K, used 25397K [0x00000000c0000000, 0x00000000c2980000, 0x00000000eab00000)
  object space 42496K, 59% used [0x00000000c0000000,0x00000000c18cd5e0,0x00000000c2980000)
 Metaspace       used 5615K, capacity 6832K, committed 7040K, reserved 1056768K
  class space    used 555K, capacity 616K, committed 640K, reserved 1048576K
}
Event: 2,620 GC heap before
{Heap before GC invocations=5 (full 0):
 PSYoungGen      total 66048K, used 66033K [0x00000000eab00000, 0x00000000eee00000, 0x0000000100000000)
  eden space 63488K, 100% used [0x00000000eab00000,0x00000000ee900000,0x00000000ee900000)
  from space 2560K, 99% used [0x00000000eeb80000,0x00000000eedfc760,0x00000000eee00000)
  to   space 2560K, 0% used [0x00000000ee900000,0x00000000ee900000,0x00000000eeb80000)
 ParOldGen       total 42496K, used 25397K [0x00000000c0000000, 0x00000000c2980000, 0x00000000eab00000)
  object space 42496K, 59% used [0x00000000c0000000,0x00000000c18cd5e0,0x00000000c2980000)
 Metaspace       used 5685K, capacity 6896K, committed 7040K, reserved 1056768K
  class space    used 555K, capacity 616K, committed 640K, reserved 1048576K

Deoptimization events (10 events):
Event: 0,664 Thread 0x00007f12f000a000 Uncommon trap: reason=unstable_if action=reinterpret pc=0x00007f12e11b26a8 method=java.util.HashMap.getNode(ILjava/lang/Object;)Ljava/util/HashMap$Node; @ 62
Event: 0,914 Thread 0x00007f12f0154000 Uncommon trap: reason=unstable_if action=reinterpret pc=0x00007f12e11fd704 method=com.android.dx.rop.code.RegisterSpec.equals(ILcom/android/dx/rop/type/TypeBearer;Lcom/android/dx/rop/code/LocalItem;)Z @ 24
Event: 1,292 Thread 0x00007f12f000a000 Uncommon trap: reason=unloaded action=reinterpret pc=0x00007f12e1211f28 method=com.android.dx.cf.cst.ConstantPoolParser.parse0(ILjava/util/BitSet;)Lcom/android/dx/rop/cst/Constant; @ 220
Event: 1,486 Thread 0x00007f12f0154000 Uncommon trap: reason=null_check action=make_not_entrant pc=0x00007f12e12cf510 method=com.android.dx.ssa.SsaRenamer.getLocalForNewReg(I)Lcom/android/dx/rop/code/LocalItem; @ 19
Event: 1,486 Thread 0x00007f12f0154000 Uncommon trap: reason=bimorphic action=maybe_recompile pc=0x00007f12e12c0c7c method=com.android.dx.ssa.NormalSsaInsn.accept(Lcom/android/dx/ssa/SsaInsn$Visitor;)V @ 9
Event: 1,486 Thread 0x00007f12f0154000 Uncommon trap: reason=bimorphic action=maybe_recompile pc=0x00007f12e12c0c7c method=com.android.dx.ssa.NormalSsaInsn.accept(Lcom/android/dx/ssa/SsaInsn$Visitor;)V @ 9
Event: 1,486 Thread 0x00007f12f0154000 Uncommon trap: reason=bimorphic action=maybe_recompile pc=0x00007f12e12c0c7c method=com.android.dx.ssa.NormalSsaInsn.accept(Lcom/android/dx/ssa/SsaInsn$Visitor;)V @ 9
Event: 1,487 Thread 0x00007f12f0154000 Uncommon trap: reason=bimorphic action=maybe_recompile pc=0x00007f12e12c0c7c method=com.android.dx.ssa.NormalSsaInsn.accept(Lcom/android/dx/ssa/SsaInsn$Visitor;)V @ 9
Event: 1,512 Thread 0x00007f12f0154000 Uncommon trap: reason=unstable_if action=reinterpret pc=0x00007f12e12b9424 method=com.android.dx.rop.code.RegisterSpec.equals(ILcom/android/dx/rop/type/TypeBearer;Lcom/android/dx/rop/code/LocalItem;)Z @ 42
Event: 1,524 Thread 0x00007f12f0154000 Uncommon trap: reason=unstable_if action=reinterpret pc=0x00007f12e12533b4 method=com.android.dx.ssa.SsaRenamer$BlockRenamer.addMapping(ILcom/android/dx/rop/code/RegisterSpec;)V @ 120

Internal exceptions (3 events):
Event: 0,040 Thread 0x00007f12f000a000 Exception <a 'java/lang/NoSuchMethodError': Method sun.misc.Unsafe.defineClass(Ljava/lang/String;[BII)Ljava/lang/Class; name or signature does not match> (0x00000000eab07c78) thrown at [/ssd/Android/AOSP-openjdk/external/jetbrains/jdk/hotspot/src/share/vm
Event: 0,040 Thread 0x00007f12f000a000 Exception <a 'java/lang/NoSuchMethodError': Method sun.misc.Unsafe.prefetchRead(Ljava/lang/Object;J)V name or signature does not match> (0x00000000eab07f60) thrown at [/ssd/Android/AOSP-openjdk/external/jetbrains/jdk/hotspot/src/share/vm/prims/jni.cpp, li
Event: 1,486 Thread 0x00007f12f0154000 Implicit null exception at 0x00007f12e12cc6b5 to 0x00007f12e12cf4c5

Events (10 events):
Event: 2,483 loading class java/util/ArrayList$1 done
Event: 2,484 Thread 0x00007f12f0154000 DEOPT PACKING pc=0x00007f12e120ce34 sp=0x00007f12cdffe190
Event: 2,484 Thread 0x00007f12f0154000 DEOPT UNPACKING pc=0x00007f12e1047373 sp=0x00007f12cdffdee0 mode 0
Event: 2,564 Thread 0x00007f12f013a000 DEOPT PACKING pc=0x00007f12e14069b1 sp=0x00007f12e0317200
Event: 2,564 Thread 0x00007f12f013a000 DEOPT UNPACKING pc=0x00007f12e1047373 sp=0x00007f12e0316f60 mode 0
Event: 2,576 Thread 0x00007f12f013a000 DEOPT PACKING pc=0x00007f12e12433f9 sp=0x00007f12e0317330
Event: 2,576 Thread 0x00007f12f013a000 DEOPT UNPACKING pc=0x00007f12e1047373 sp=0x00007f12e0317080 mode 0
Event: 2,580 Thread 0x00007f12f013a000 DEOPT PACKING pc=0x00007f12e12433f9 sp=0x00007f12e03172f0
Event: 2,580 Thread 0x00007f12f013a000 DEOPT UNPACKING pc=0x00007f12e1047373 sp=0x00007f12e0317040 mode 0
Event: 2,602 Executing VM operation: ParallelGCFailedAllocation


Dynamic libraries:
00400000-00401000 r-xp 00000000 08:01 6698937                            /home/gaia/code/Android/android-studio/jre/bin/java
00600000-00601000 r--p 00000000 08:01 6698937                            /home/gaia/code/Android/android-studio/jre/bin/java
00601000-00602000 rw-p 00001000 08:01 6698937                            /home/gaia/code/Android/android-studio/jre/bin/java
023e2000-02403000 rw-p 00000000 00:00 0                                  [heap]
c0000000-c2980000 rw-p 00000000 00:00 0 
c2980000-eab00000 ---p 00000000 00:00 0 
eab00000-eee00000 rw-p 00000000 00:00 0 
f4d00000-100000000 ---p 00000000 00:00 0 
100000000-1000a0000 rw-p 00000000 00:00 0 
1000a0000-140000000 ---p 00000000 00:00 0 
7f1290000000-7f1290021000 rw-p 00000000 00:00 0 
7f1290021000-7f1294000000 ---p 00000000 00:00 0 
7f1298000000-7f129808c000 rw-p 00000000 00:00 0 
7f129808c000-7f129c000000 ---p 00000000 00:00 0 
7f129c000000-7f129c059000 rw-p 00000000 00:00 0 
7f129c059000-7f12a0000000 ---p 00000000 00:00 0 
7f12a0000000-7f12a0055000 rw-p 00000000 00:00 0 
7f12a0055000-7f12a4000000 ---p 00000000 00:00 0 
7f12a4000000-7f12a4021000 rw-p 00000000 00:00 0 
7f12a4021000-7f12a8000000 ---p 00000000 00:00 0 
7f12a8000000-7f12a8021000 rw-p 00000000 00:00 0 
7f12a8021000-7f12ac000000 ---p 00000000 00:00 0 
7f12ac000000-7f12ac021000 rw-p 00000000 00:00 0 
7f12ac021000-7f12b0000000 ---p 00000000 00:00 0 
7f12b0000000-7f12b07f0000 rw-p 00000000 00:00 0 
7f12b07f0000-7f12b4000000 ---p 00000000 00:00 0 
7f12b4000000-7f12b46c8000 rw-p 00000000 00:00 0 
7f12b46c8000-7f12b8000000 ---p 00000000 00:00 0 
7f12b8000000-7f12b8021000 rw-p 00000000 00:00 0 
7f12b8021000-7f12bc000000 ---p 00000000 00:00 0 
7f12bc000000-7f12bc5d2000 rw-p 00000000 00:00 0 
7f12bc5d2000-7f12c0000000 ---p 00000000 00:00 0 
7f12c0000000-7f12c0021000 rw-p 00000000 00:00 0 
7f12c0021000-7f12c4000000 ---p 00000000 00:00 0 
7f12c4000000-7f12c4021000 rw-p 00000000 00:00 0 
7f12c4021000-7f12c8000000 ---p 00000000 00:00 0 
7f12c8000000-7f12c8281000 rw-p 00000000 00:00 0 
7f12c8281000-7f12cc000000 ---p 00000000 00:00 0 
7f12cddfe000-7f12cde01000 ---p 00000000 00:00 0 
7f12cde01000-7f12cdeff000 rw-p 00000000 00:00 0 
7f12cdeff000-7f12cdf02000 ---p 00000000 00:00 0 
7f12cdf02000-7f12d0000000 rw-p 00000000 00:00 0 
7f12d0000000-7f12d0021000 rw-p 00000000 00:00 0 
7f12d0021000-7f12d4000000 ---p 00000000 00:00 0 
7f12d4000000-7f12d4021000 rw-p 00000000 00:00 0 
7f12d4021000-7f12d8000000 ---p 00000000 00:00 0 
7f12d8000000-7f12d8021000 rw-p 00000000 00:00 0 
7f12d8021000-7f12dc000000 ---p 00000000 00:00 0 
7f12dc000000-7f12dc021000 rw-p 00000000 00:00 0 
7f12dc021000-7f12e0000000 ---p 00000000 00:00 0 
7f12e0016000-7f12e0019000 ---p 00000000 00:00 0 
7f12e0019000-7f12e0117000 rw-p 00000000 00:00 0 
7f12e0117000-7f12e011a000 ---p 00000000 00:00 0 
7f12e011a000-7f12e0218000 rw-p 00000000 00:00 0 
7f12e0218000-7f12e021b000 ---p 00000000 00:00 0 
7f12e021b000-7f12e0319000 rw-p 00000000 00:00 0 
7f12e0319000-7f12e031a000 ---p 00000000 00:00 0 
7f12e031a000-7f12e041a000 rw-p 00000000 00:00 0 
7f12e041a000-7f12e041d000 ---p 00000000 00:00 0 
7f12e041d000-7f12e051b000 rw-p 00000000 00:00 0 
7f12e051b000-7f12e051e000 ---p 00000000 00:00 0 
7f12e051e000-7f12e061c000 rw-p 00000000 00:00 0 
7f12e061c000-7f12e061f000 ---p 00000000 00:00 0 
7f12e061f000-7f12e071d000 rw-p 00000000 00:00 0 
7f12e071d000-7f12e0720000 ---p 00000000 00:00 0 
7f12e0720000-7f12e081e000 rw-p 00000000 00:00 0 
7f12e081e000-7f12e0821000 ---p 00000000 00:00 0 
7f12e0821000-7f12e091f000 rw-p 00000000 00:00 0 
7f12e091f000-7f12e0bfc000 r--p 00000000 08:01 1835757                    /usr/lib/locale/locale-archive
7f12e0bfc000-7f12e0bff000 ---p 00000000 00:00 0 
7f12e0bff000-7f12e0cfd000 rw-p 00000000 00:00 0 
7f12e0cfd000-7f12e0d00000 ---p 00000000 00:00 0 
7f12e0d00000-7f12e0dfe000 rw-p 00000000 00:00 0 
7f12e0dfe000-7f12e0dff000 ---p 00000000 00:00 0 
7f12e0dff000-7f12e1000000 rw-p 00000000 00:00 0 
7f12e1000000-7f12e14a0000 rwxp 00000000 00:00 0 
7f12e14a0000-7f12f0000000 ---p 00000000 00:00 0 
7f12f0000000-7f12f039f000 rw-p 00000000 00:00 0 
7f12f039f000-7f12f4000000 ---p 00000000 00:00 0 
7f12f4005000-7f12f4027000 r--p 00000000 08:01 3674227                    /usr/share/locale-langpack/it/LC_MESSAGES/libc.mo
7f12f4027000-7f12f4035000 r--s 000e0000 08:01 6558052                    /home/gaia/Android/Sdk/build-tools/25.0.0/lib/dx.jar
7f12f4035000-7f12f4ee8000 rw-p 00000000 00:00 0 
7f12f4ee8000-7f12f50b7000 r--s 03c1b000 08:01 6698995                    /home/gaia/code/Android/android-studio/jre/jre/lib/rt.jar
7f12f50b7000-7f12f576d000 rw-p 00000000 00:00 0 
7f12f576d000-7f12f592d000 ---p 00000000 00:00 0 
7f12f592d000-7f12f5b2d000 rw-p 00000000 00:00 0 
7f12f5b2d000-7f12f5b2e000 ---p 00000000 00:00 0 
7f12f5b2e000-7f12f5c2e000 rw-p 00000000 00:00 0 
7f12f5c2e000-7f12f5c2f000 ---p 00000000 00:00 0 
7f12f5c2f000-7f12f5d2f000 rw-p 00000000 00:00 0 
7f12f5d2f000-7f12f5d30000 ---p 00000000 00:00 0 
7f12f5d30000-7f12f5e30000 rw-p 00000000 00:00 0 
7f12f5e30000-7f12f5e31000 ---p 00000000 00:00 0 
7f12f5e31000-7f12f5f46000 rw-p 00000000 00:00 0 
7f12f5f46000-7f12f6087000 ---p 00000000 00:00 0 
7f12f6087000-7f12f609c000 rw-p 00000000 00:00 0 
7f12f609c000-7f12f61dc000 ---p 00000000 00:00 0 
7f12f61dc000-7f12f61fe000 rw-p 00000000 00:00 0 
7f12f61fe000-7f12f6287000 ---p 00000000 00:00 0 
7f12f6287000-7f12f629b000 rw-p 00000000 00:00 0 
7f12f629b000-7f12f6648000 ---p 00000000 00:00 0 
7f12f6648000-7f12f6662000 r-xp 00000000 08:01 6819923                    /home/gaia/code/Android/android-studio/jre/jre/lib/amd64/libzip.so
7f12f6662000-7f12f6862000 ---p 0001a000 08:01 6819923                    /home/gaia/code/Android/android-studio/jre/jre/lib/amd64/libzip.so
7f12f6862000-7f12f6863000 r--p 0001a000 08:01 6819923                    /home/gaia/code/Android/android-studio/jre/jre/lib/amd64/libzip.so
7f12f6863000-7f12f6864000 rw-p 0001b000 08:01 6819923                    /home/gaia/code/Android/android-studio/jre/jre/lib/amd64/libzip.so
7f12f6864000-7f12f686f000 r-xp 00000000 08:01 1311084                    /lib/x86_64-linux-gnu/libnss_files-2.24.so
7f12f686f000-7f12f6a6e000 ---p 0000b000 08:01 1311084                    /lib/x86_64-linux-gnu/libnss_files-2.24.so
7f12f6a6e000-7f12f6a6f000 r--p 0000a000 08:01 1311084                    /lib/x86_64-linux-gnu/libnss_files-2.24.so
7f12f6a6f000-7f12f6a70000 rw-p 0000b000 08:01 1311084                    /lib/x86_64-linux-gnu/libnss_files-2.24.so
7f12f6a70000-7f12f6a76000 rw-p 00000000 00:00 0 
7f12f6a76000-7f12f6a81000 r-xp 00000000 08:01 1311086                    /lib/x86_64-linux-gnu/libnss_nis-2.24.so
7f12f6a81000-7f12f6c80000 ---p 0000b000 08:01 1311086                    /lib/x86_64-linux-gnu/libnss_nis-2.24.so
7f12f6c80000-7f12f6c81000 r--p 0000a000 08:01 1311086                    /lib/x86_64-linux-gnu/libnss_nis-2.24.so
7f12f6c81000-7f12f6c82000 rw-p 0000b000 08:01 1311086                    /lib/x86_64-linux-gnu/libnss_nis-2.24.so
7f12f6c82000-7f12f6c98000 r-xp 00000000 08:01 1311081                    /lib/x86_64-linux-gnu/libnsl-2.24.so
7f12f6c98000-7f12f6e97000 ---p 00016000 08:01 1311081                    /lib/x86_64-linux-gnu/libnsl-2.24.so
7f12f6e97000-7f12f6e98000 r--p 00015000 08:01 1311081                    /lib/x86_64-linux-gnu/libnsl-2.24.so
7f12f6e98000-7f12f6e99000 rw-p 00016000 08:01 1311081                    /lib/x86_64-linux-gnu/libnsl-2.24.so
7f12f6e99000-7f12f6e9b000 rw-p 00000000 00:00 0 
7f12f6e9b000-7f12f6ea3000 r-xp 00000000 08:01 1311082                    /lib/x86_64-linux-gnu/libnss_compat-2.24.so
7f12f6ea3000-7f12f70a2000 ---p 00008000 08:01 1311082                    /lib/x86_64-linux-gnu/libnss_compat-2.24.so
7f12f70a2000-7f12f70a3000 r--p 00007000 08:01 1311082                    /lib/x86_64-linux-gnu/libnss_compat-2.24.so
7f12f70a3000-7f12f70a4000 rw-p 00008000 08:01 1311082                    /lib/x86_64-linux-gnu/libnss_compat-2.24.so
7f12f70a4000-7f12f70d1000 r-xp 00000000 08:01 6819933                    /home/gaia/code/Android/android-studio/jre/jre/lib/amd64/libjava.so
7f12f70d1000-7f12f72d0000 ---p 0002d000 08:01 6819933                    /home/gaia/code/Android/android-studio/jre/jre/lib/amd64/libjava.so
7f12f72d0000-7f12f72d1000 r--p 0002c000 08:01 6819933                    /home/gaia/code/Android/android-studio/jre/jre/lib/amd64/libjava.so
7f12f72d1000-7f12f72d3000 rw-p 0002d000 08:01 6819933                    /home/gaia/code/Android/android-studio/jre/jre/lib/amd64/libjava.so
7f12f72d3000-7f12f72e3000 r-xp 00000000 08:01 6819949                    /home/gaia/code/Android/android-studio/jre/jre/lib/amd64/libverify.so
7f12f72e3000-7f12f74e2000 ---p 00010000 08:01 6819949                    /home/gaia/code/Android/android-studio/jre/jre/lib/amd64/libverify.so
7f12f74e2000-7f12f74e4000 r--p 0000f000 08:01 6819949                    /home/gaia/code/Android/android-studio/jre/jre/lib/amd64/libverify.so
7f12f74e4000-7f12f74e5000 rw-p 00011000 08:01 6819949                    /home/gaia/code/Android/android-studio/jre/jre/lib/amd64/libverify.so
7f12f74e5000-7f12f74ec000 r-xp 00000000 08:01 1311091                    /lib/x86_64-linux-gnu/librt-2.24.so
7f12f74ec000-7f12f76eb000 ---p 00007000 08:01 1311091                    /lib/x86_64-linux-gnu/librt-2.24.so
7f12f76eb000-7f12f76ec000 r--p 00006000 08:01 1311091                    /lib/x86_64-linux-gnu/librt-2.24.so
7f12f76ec000-7f12f76ed000 rw-p 00007000 08:01 1311091                    /lib/x86_64-linux-gnu/librt-2.24.so
7f12f76ed000-7f12f77f5000 r-xp 00000000 08:01 1311078                    /lib/x86_64-linux-gnu/libm-2.24.so
7f12f77f5000-7f12f79f4000 ---p 00108000 08:01 1311078                    /lib/x86_64-linux-gnu/libm-2.24.so
7f12f79f4000-7f12f79f5000 r--p 00107000 08:01 1311078                    /lib/x86_64-linux-gnu/libm-2.24.so
7f12f79f5000-7f12f79f6000 rw-p 00108000 08:01 1311078                    /lib/x86_64-linux-gnu/libm-2.24.so
7f12f79f6000-7f12f85e7000 r-xp 00000000 08:01 6819953                    /home/gaia/code/Android/android-studio/jre/jre/lib/amd64/server/libjvm.so
7f12f85e7000-7f12f87e7000 ---p 00bf1000 08:01 6819953                    /home/gaia/code/Android/android-studio/jre/jre/lib/amd64/server/libjvm.so
7f12f87e7000-7f12f8886000 r--p 00bf1000 08:01 6819953                    /home/gaia/code/Android/android-studio/jre/jre/lib/amd64/server/libjvm.so
7f12f8886000-7f12f88af000 rw-p 00c90000 08:01 6819953                    /home/gaia/code/Android/android-studio/jre/jre/lib/amd64/server/libjvm.so
7f12f88af000-7f12f88f3000 rw-p 00000000 00:00 0 
7f12f88f3000-7f12f890b000 r-xp 00000000 08:01 1311089                    /lib/x86_64-linux-gnu/libpthread-2.24.so
7f12f890b000-7f12f8b0b000 ---p 00018000 08:01 1311089                    /lib/x86_64-linux-gnu/libpthread-2.24.so
7f12f8b0b000-7f12f8b0c000 r--p 00018000 08:01 1311089                    /lib/x86_64-linux-gnu/libpthread-2.24.so
7f12f8b0c000-7f12f8b0d000 rw-p 00019000 08:01 1311089                    /lib/x86_64-linux-gnu/libpthread-2.24.so
7f12f8b0d000-7f12f8b11000 rw-p 00000000 00:00 0 
7f12f8b11000-7f12f8b14000 r-xp 00000000 08:01 1311077                    /lib/x86_64-linux-gnu/libdl-2.24.so
7f12f8b14000-7f12f8d13000 ---p 00003000 08:01 1311077                    /lib/x86_64-linux-gnu/libdl-2.24.so
7f12f8d13000-7f12f8d14000 r--p 00002000 08:01 1311077                    /lib/x86_64-linux-gnu/libdl-2.24.so
7f12f8d14000-7f12f8d15000 rw-p 00003000 08:01 1311077                    /lib/x86_64-linux-gnu/libdl-2.24.so
7f12f8d15000-7f12f8ed3000 r-xp 00000000 08:01 1311074                    /lib/x86_64-linux-gnu/libc-2.24.so
7f12f8ed3000-7f12f90d2000 ---p 001be000 08:01 1311074                    /lib/x86_64-linux-gnu/libc-2.24.so
7f12f90d2000-7f12f90d6000 r--p 001bd000 08:01 1311074                    /lib/x86_64-linux-gnu/libc-2.24.so
7f12f90d6000-7f12f90d8000 rw-p 001c1000 08:01 1311074                    /lib/x86_64-linux-gnu/libc-2.24.so
7f12f90d8000-7f12f90dc000 rw-p 00000000 00:00 0 
7f12f90dc000-7f12f90f2000 r-xp 00000000 08:01 6698911                    /home/gaia/code/Android/android-studio/jre/lib/amd64/jli/libjli.so
7f12f90f2000-7f12f92f1000 ---p 00016000 08:01 6698911                    /home/gaia/code/Android/android-studio/jre/lib/amd64/jli/libjli.so
7f12f92f1000-7f12f92f2000 r--p 00015000 08:01 6698911                    /home/gaia/code/Android/android-studio/jre/lib/amd64/jli/libjli.so
7f12f92f2000-7f12f92f3000 rw-p 00016000 08:01 6698911                    /home/gaia/code/Android/android-studio/jre/lib/amd64/jli/libjli.so
7f12f92f3000-7f12f9319000 r-xp 00000000 08:01 1310819                    /lib/x86_64-linux-gnu/ld-2.24.so
7f12f931a000-7f12f9321000 r--s 00000000 08:01 2104802                    /usr/lib/x86_64-linux-gnu/gconv/gconv-modules.cache
7f12f9321000-7f12f93f2000 rw-p 00000000 00:00 0 
7f12f93f2000-7f12f93f5000 ---p 00000000 00:00 0 
7f12f93f5000-7f12f94f5000 rw-p 00000000 00:00 0 
7f12f94f7000-7f12f950b000 rw-p 00000000 00:00 0 
7f12f950b000-7f12f9513000 rw-s 00000000 08:01 2233664                    /tmp/hsperfdata_gaia/20256
7f12f9513000-7f12f9514000 rw-p 00000000 00:00 0 
7f12f9514000-7f12f9515000 ---p 00000000 00:00 0 
7f12f9515000-7f12f9518000 rw-p 00000000 00:00 0 
7f12f9518000-7f12f9519000 r--p 00025000 08:01 1310819                    /lib/x86_64-linux-gnu/ld-2.24.so
7f12f9519000-7f12f951a000 rw-p 00026000 08:01 1310819                    /lib/x86_64-linux-gnu/ld-2.24.so
7f12f951a000-7f12f951b000 rw-p 00000000 00:00 0 
7fffc5156000-7fffc5177000 rw-p 00000000 00:00 0                          [stack]
7fffc518e000-7fffc5190000 r--p 00000000 00:00 0                          [vvar]
7fffc5190000-7fffc5192000 r-xp 00000000 00:00 0                          [vdso]
ffffffffff600000-ffffffffff601000 r-xp 00000000 00:00 0                  [vsyscall]

VM Arguments:
jvm_args: -Djava.awt.headless=true -Xmx1024M -Dfile.encoding=UTF-8 -Duser.country=IT -Duser.language=it -Duser.variant 
java_command: com.android.dx.command.Main --dex --force-jumbo --num-threads=4 --multi-dex --output /home/gaia/AndroidStudioProjects/8Chesifaoggi (copy)- pretest con errore locandina lista/app/build/intermediates/transforms/dex/debug/folders/1000/5/slice_2 /home/gaia/AndroidStudioProjects/8Chesifaoggi (copy)- pretest con errore locandina lista/app/build/intermediates/transforms/instantRunSlicer/debug/folders/1/5/slice_2
java_class_path (initial): /home/gaia/Android/Sdk/build-tools/25.0.0/lib/dx.jar
Launcher Type: SUN_STANDARD

Environment Variables:
PATH=/usr/local/sbin:/usr/local/bin:/usr/sbin:/usr/bin:/sbin:/bin:/usr/games:/usr/local/games:/snap/bin
LD_LIBRARY_PATH=.:
SHELL=/bin/bash
DISPLAY=:0

Signal Handlers:
SIGSEGV: [libjvm.so+0x9e5150], sa_mask[0]=11111111011111111101111111111110, sa_flags=SA_RESTART|SA_SIGINFO
SIGBUS: [libjvm.so+0x9e5150], sa_mask[0]=11111111011111111101111111111110, sa_flags=SA_RESTART|SA_SIGINFO
SIGFPE: [libjvm.so+0x848450], sa_mask[0]=11111111011111111101111111111110, sa_flags=SA_RESTART|SA_SIGINFO
SIGPIPE: [libjvm.so+0x848450], sa_mask[0]=11111111011111111101111111111110, sa_flags=SA_RESTART|SA_SIGINFO
SIGXFSZ: [libjvm.so+0x848450], sa_mask[0]=11111111011111111101111111111110, sa_flags=SA_RESTART|SA_SIGINFO
SIGILL: [libjvm.so+0x848450], sa_mask[0]=11111111011111111101111111111110, sa_flags=SA_RESTART|SA_SIGINFO
SIGUSR1: SIG_DFL, sa_mask[0]=00000000000000000000000000000000, sa_flags=none
SIGUSR2: [libjvm.so+0x848320], sa_mask[0]=00100000000000000000000000000000, sa_flags=SA_RESTART|SA_SIGINFO
SIGHUP: [libjvm.so+0x848510], sa_mask[0]=11111111011111111101111111111110, sa_flags=SA_RESTART|SA_SIGINFO
SIGINT: [libjvm.so+0x848510], sa_mask[0]=11111111011111111101111111111110, sa_flags=SA_RESTART|SA_SIGINFO
SIGTERM: [libjvm.so+0x848510], sa_mask[0]=11111111011111111101111111111110, sa_flags=SA_RESTART|SA_SIGINFO
SIGQUIT: [libjvm.so+0x848510], sa_mask[0]=11111111011111111101111111111110, sa_flags=SA_RESTART|SA_SIGINFO


---------------  S Y S T E M  ---------------

OS:DISTRIB_ID=Ubuntu
DISTRIB_RELEASE=17.04
DISTRIB_CODENAME=zesty
DISTRIB_DESCRIPTION="Ubuntu 17.04"

uname:Linux 4.10.0-33-generic #37-Ubuntu SMP Fri Aug 11 10:55:28 UTC 2017 x86_64
libc:glibc 2.24 NPTL 2.24 
rlimit: STACK 8192k, CORE 0k, NPROC 15016, NOFILE 4096, AS infinity
load average:3,21 1,84 1,55

/proc/meminfo:
MemTotal:        3945344 kB
MemFree:          101376 kB
MemAvailable:      10740 kB
Buffers:             504 kB
Cached:           503448 kB
SwapCached:         5680 kB
Active:          2912184 kB
Inactive:         680824 kB
Active(anon):    2904132 kB
Inactive(anon):   672804 kB
Active(file):       8052 kB
Inactive(file):     8020 kB
Unevictable:          48 kB
Mlocked:              48 kB
SwapTotal:       2097148 kB
SwapFree:              0 kB
Dirty:              3768 kB
Writeback:            40 kB
AnonPages:       3083432 kB
Mapped:           120648 kB
Shmem:            487884 kB
Slab:              89876 kB
SReclaimable:      40888 kB
SUnreclaim:        48988 kB
KernelStack:       15356 kB
PageTables:        54780 kB
NFS_Unstable:          0 kB
Bounce:                0 kB
WritebackTmp:          0 kB
CommitLimit:     4069820 kB
Committed_AS:   11999896 kB
VmallocTotal:   34359738367 kB
VmallocUsed:           0 kB
VmallocChunk:          0 kB
HardwareCorrupted:     0 kB
AnonHugePages:    825344 kB
ShmemHugePages:        0 kB
ShmemPmdMapped:        0 kB
CmaTotal:              0 kB
CmaFree:               0 kB
HugePages_Total:       0
HugePages_Free:        0
HugePages_Rsvd:        0
HugePages_Surp:        0
Hugepagesize:       2048 kB
DirectMap4k:      156956 kB
DirectMap2M:     3938304 kB
DirectMap1G:           0 kB


CPU:total 4 (2 cores per cpu, 2 threads per core) family 6 model 61 stepping 4, cmov, cx8, fxsr, mmx, sse, sse2, sse3, ssse3, sse4.1, sse4.2, popcnt, avx, avx2, aes, clmul, erms, 3dnowpref, lzcnt, ht, tsc, tscinvbit, bmi1, bmi2, adx

/proc/cpuinfo:
processor	: 0
vendor_id	: GenuineIntel
cpu family	: 6
model		: 61
model name	: Intel(R) Core(TM) i7-5500U CPU @ 2.40GHz
stepping	: 4
microcode	: 0x24
cpu MHz		: 2899.951
cache size	: 4096 KB
physical id	: 0
siblings	: 4
core id		: 0
cpu cores	: 2
apicid		: 0
initial apicid	: 0
fpu		: yes
fpu_exception	: yes
cpuid level	: 20
wp		: yes
flags		: fpu vme de pse tsc msr pae mce cx8 apic sep mtrr pge mca cmov pat pse36 clflush dts acpi mmx fxsr sse sse2 ss ht tm pbe syscall nx pdpe1gb rdtscp lm constant_tsc arch_perfmon pebs bts rep_good nopl xtopology nonstop_tsc aperfmperf pni pclmulqdq dtes64 monitor ds_cpl vmx est tm2 ssse3 sdbg fma cx16 xtpr pdcm pcid sse4_1 sse4_2 x2apic movbe popcnt tsc_deadline_timer aes xsave avx f16c rdrand lahf_lm abm 3dnowprefetch epb intel_pt tpr_shadow vnmi flexpriority ept vpid fsgsbase tsc_adjust bmi1 avx2 smep bmi2 erms invpcid rdseed adx smap xsaveopt dtherm ida arat pln pts
bugs		:
bogomips	: 4789.18
clflush size	: 64
cache_alignment	: 64
address sizes	: 39 bits physical, 48 bits virtual
power management:

processor	: 1
vendor_id	: GenuineIntel
cpu family	: 6
model		: 61
model name	: Intel(R) Core(TM) i7-5500U CPU @ 2.40GHz
stepping	: 4
microcode	: 0x24
cpu MHz		: 2899.951
cache size	: 4096 KB
physical id	: 0
siblings	: 4
core id		: 1
cpu cores	: 2
apicid		: 2
initial apicid	: 2
fpu		: yes
fpu_exception	: yes
cpuid level	: 20
wp		: yes
flags		: fpu vme de pse tsc msr pae mce cx8 apic sep mtrr pge mca cmov pat pse36 clflush dts acpi mmx fxsr sse sse2 ss ht tm pbe syscall nx pdpe1gb rdtscp lm constant_tsc arch_perfmon pebs bts rep_good nopl xtopology nonstop_tsc aperfmperf pni pclmulqdq dtes64 monitor ds_cpl vmx est tm2 ssse3 sdbg fma cx16 xtpr pdcm pcid sse4_1 sse4_2 x2apic movbe popcnt tsc_deadline_timer aes xsave avx f16c rdrand lahf_lm abm 3dnowprefetch epb intel_pt tpr_shadow vnmi flexpriority ept vpid fsgsbase tsc_adjust bmi1 avx2 smep bmi2 erms invpcid rdseed adx smap xsaveopt dtherm ida arat pln pts
bugs		:
bogomips	: 4789.18
clflush size	: 64
cache_alignment	: 64
address sizes	: 39 bits physical, 48 bits virtual
power management:

processor	: 2
vendor_id	: GenuineIntel
cpu family	: 6
model		: 61
model name	: Intel(R) Core(TM) i7-5500U CPU @ 2.40GHz
stepping	: 4
microcode	: 0x24
cpu MHz		: 2899.951
cache size	: 4096 KB
physical id	: 0
siblings	: 4
core id		: 0
cpu cores	: 2
apicid		: 1
initial apicid	: 1
fpu		: yes
fpu_exception	: yes
cpuid level	: 20
wp		: yes
flags		: fpu vme de pse tsc msr pae mce cx8 apic sep mtrr pge mca cmov pat pse36 clflush dts acpi mmx fxsr sse sse2 ss ht tm pbe syscall nx pdpe1gb rdtscp lm constant_tsc arch_perfmon pebs bts rep_good nopl xtopology nonstop_tsc aperfmperf pni pclmulqdq dtes64 monitor ds_cpl vmx est tm2 ssse3 sdbg fma cx16 xtpr pdcm pcid sse4_1 sse4_2 x2apic movbe popcnt tsc_deadline_timer aes xsave avx f16c rdrand lahf_lm abm 3dnowprefetch epb intel_pt tpr_shadow vnmi flexpriority ept vpid fsgsbase tsc_adjust bmi1 avx2 smep bmi2 erms invpcid rdseed adx smap xsaveopt dtherm ida arat pln pts
bugs		:
bogomips	: 4789.18
clflush size	: 64
cache_alignment	: 64
address sizes	: 39 bits physical, 48 bits virtual
power management:

processor	: 3
vendor_id	: GenuineIntel
cpu family	: 6
model		: 61
model name	: Intel(R) Core(TM) i7-5500U CPU @ 2.40GHz
stepping	: 4
microcode	: 0x24
cpu MHz		: 2899.951
cache size	: 4096 KB
physical id	: 0
siblings	: 4
core id		: 1
cpu cores	: 2
apicid		: 3
initial apicid	: 3
fpu		: yes
fpu_exception	: yes
cpuid level	: 20
wp		: yes
flags		: fpu vme de pse tsc msr pae mce cx8 apic sep mtrr pge mca cmov pat pse36 clflush dts acpi mmx fxsr sse sse2 ss ht tm pbe syscall nx pdpe1gb rdtscp lm constant_tsc arch_perfmon pebs bts rep_good nopl xtopology nonstop_tsc aperfmperf pni pclmulqdq dtes64 monitor ds_cpl vmx est tm2 ssse3 sdbg fma cx16 xtpr pdcm pcid sse4_1 sse4_2 x2apic movbe popcnt tsc_deadline_timer aes xsave avx f16c rdrand lahf_lm abm 3dnowprefetch epb intel_pt tpr_shadow vnmi flexpriority ept vpid fsgsbase tsc_adjust bmi1 avx2 smep bmi2 erms invpcid rdseed adx smap xsaveopt dtherm ida arat pln pts
bugs		:
bogomips	: 4789.18
clflush size	: 64
cache_alignment	: 64
address sizes	: 39 bits physical, 48 bits virtual
power management:



Memory: 4k page, physical 3945344k(101772k free), swap 2097148k(0k free)

vm_info: OpenJDK 64-Bit Server VM (25.112-b06) for linux-amd64 JRE (1.8.0_112-release-b06), built on Dec  6 2016 12:11:18 by "builder" with gcc 4.8.4

time: Fri Sep  1 23:38:38 2017
elapsed time: 2 seconds (0d 0h 0m 2s)

