#
# There is insufficient memory for the Java Runtime Environment to continue.
# Native memory allocation (mmap) failed to map 109051904 bytes for committing reserved memory.
# Possible reasons:
#   The system is out of physical RAM or swap space
#   In 32 bit mode, the process size limit was hit
# Possible solutions:
#   Reduce memory load on the system
#   Increase physical memory or swap space
#   Check if swap backing store is full
#   Use 64 bit Java on a 64 bit OS
#   Decrease Java heap size (-Xmx/-Xms)
#   Decrease number of Java threads
#   Decrease Java thread stack sizes (-Xss)
#   Set larger code cache with -XX:ReservedCodeCacheSize=
# This output file may be truncated or incomplete.
#
#  Out of Memory Error (os_linux.cpp:2627), pid=19550, tid=0x00007f96d010e700
#
# JRE version: OpenJDK Runtime Environment (8.0_112-b06) (build 1.8.0_112-release-b06)
# Java VM: OpenJDK 64-Bit Server VM (25.112-b06 mixed mode linux-amd64 compressed oops)
# Failed to write core dump. Core dumps have been disabled. To enable core dumping, try "ulimit -c unlimited" before starting Java again
#

---------------  T H R E A D  ---------------

Current thread (0x00007f96e4077800):  VMThread [stack: 0x00007f96d000e000,0x00007f96d010f000] [id=19571]

Stack: [0x00007f96d000e000,0x00007f96d010f000],  sp=0x00007f96d010d4c0,  free space=1021k
Native frames: (J=compiled Java code, j=interpreted, Vv=VM code, C=native code)
V  [libjvm.so+0x9e465d]  VMError::report_and_die()+0x15d
V  [libjvm.so+0x4b6ada]  report_vm_out_of_memory(char const*, int, unsigned long, VMErrorType, char const*)+0x8a
V  [libjvm.so+0x84c860]  os::pd_commit_memory(char*, unsigned long, unsigned long, bool)+0xf0
V  [libjvm.so+0x84737f]  os::commit_memory(char*, unsigned long, unsigned long, bool)+0x1f
V  [libjvm.so+0x8bd3db]  PSVirtualSpace::expand_by(unsigned long)+0x5b
V  [libjvm.so+0x8be050]  PSYoungGen::resize_generation(unsigned long, unsigned long)+0xb0
V  [libjvm.so+0x8be36b]  PSYoungGen::resize(unsigned long, unsigned long)+0x1b
V  [libjvm.so+0x8baa5c]  PSScavenge::invoke_no_policy()+0xdac
V  [libjvm.so+0x8bb238]  PSScavenge::invoke()+0x38
V  [libjvm.so+0x86fcf3]  ParallelScavengeHeap::failed_mem_allocate(unsigned long)+0x63
V  [libjvm.so+0x9e6124]  VM_ParallelGCFailedAllocation::doit()+0x84
V  [libjvm.so+0x9ea537]  VM_Operation::evaluate()+0x47
V  [libjvm.so+0x9e8ff8]  VMThread::evaluate_operation(VM_Operation*)+0x2c8
V  [libjvm.so+0x9e9479]  VMThread::loop()+0x219
V  [libjvm.so+0x9e98c2]  VMThread::run()+0x72
V  [libjvm.so+0x849c82]  java_start(Thread*)+0xf2

VM_Operation (0x00007f96bb316ee0): ParallelGCFailedAllocation, mode: safepoint, requested by thread 0x00007f96e4139800


---------------  P R O C E S S  ---------------

Java Threads: ( => current thread )
  0x00007f96e412e000 JavaThread "pool-2-thread-4" [_thread_blocked, id=19619, stack(0x00007f96bb016000,0x00007f96bb117000)]
  0x00007f96e4148000 JavaThread "pool-2-thread-3" [_thread_blocked, id=19618, stack(0x00007f96bb117000,0x00007f96bb218000)]
  0x00007f96e4139800 JavaThread "pool-2-thread-2" [_thread_blocked, id=19616, stack(0x00007f96bb218000,0x00007f96bb319000)]
  0x00007f96e412b800 JavaThread "pool-3-thread-1" [_thread_blocked, id=19606, stack(0x00007f96bb319000,0x00007f96bb41a000)]
  0x00007f96e412a000 JavaThread "pool-2-thread-1" [_thread_blocked, id=19605, stack(0x00007f96bb41a000,0x00007f96bb51b000)]
  0x00007f96e40c0000 JavaThread "Service Thread" daemon [_thread_blocked, id=19601, stack(0x00007f96bb61c000,0x00007f96bb71d000)]
  0x00007f96e40bd000 JavaThread "C1 CompilerThread2" daemon [_thread_blocked, id=19594, stack(0x00007f96bb71d000,0x00007f96bb81e000)]
  0x00007f96e40bb000 JavaThread "C2 CompilerThread1" daemon [_thread_blocked, id=19592, stack(0x00007f96bb81e000,0x00007f96bb91f000)]
  0x00007f96e40b8800 JavaThread "C2 CompilerThread0" daemon [_thread_blocked, id=19585, stack(0x00007f96bb91f000,0x00007f96bba20000)]
  0x00007f96e40b7000 JavaThread "Signal Dispatcher" daemon [_thread_blocked, id=19582, stack(0x00007f96bba20000,0x00007f96bbb21000)]
  0x00007f96e4084000 JavaThread "Finalizer" daemon [_thread_blocked, id=19578, stack(0x00007f96bbdfe000,0x00007f96bbeff000)]
  0x00007f96e407f800 JavaThread "Reference Handler" daemon [_thread_blocked, id=19573, stack(0x00007f96bbeff000,0x00007f96bc000000)]
  0x00007f96e400a000 JavaThread "main" [_thread_blocked, id=19556, stack(0x00007f96ea5eb000,0x00007f96ea6ec000)]

Other Threads:
=>0x00007f96e4077800 VMThread [stack: 0x00007f96d000e000,0x00007f96d010f000] [id=19571]
  0x00007f96e40c2800 WatcherThread [stack: 0x00007f96bb51b000,0x00007f96bb61c000] [id=19604]

VM state:at safepoint (normal execution)

VM Mutex/Monitor currently owned by a thread:  ([mutex/lock_event])
[0x00007f96e4006790] Threads_lock - owner thread: 0x00007f96e4077800
[0x00007f96e4006c90] Heap_lock - owner thread: 0x00007f96e4139800

Heap:
 PSYoungGen      total 66048K, used 2553K [0x00000000eab00000, 0x00000000eee00000, 0x0000000100000000)
  eden space 63488K, 0% used [0x00000000eab00000,0x00000000eab00000,0x00000000ee900000)
  from space 2560K, 99% used [0x00000000ee900000,0x00000000eeb7e6a8,0x00000000eeb80000)
  to   space 2560K, 0% used [0x00000000eeb80000,0x00000000eeb80000,0x00000000eee00000)
 ParOldGen       total 44032K, used 43778K [0x00000000c0000000, 0x00000000c2b00000, 0x00000000eab00000)
  object space 44032K, 99% used [0x00000000c0000000,0x00000000c2ac0988,0x00000000c2b00000)
 Metaspace       used 5763K, capacity 6960K, committed 7040K, reserved 1056768K
  class space    used 556K, capacity 616K, committed 640K, reserved 1048576K

Card table byte_map: [0x00007f96d41ec000,0x00007f96d43ed000] byte_map_base: 0x00007f96d3bec000

Marking Bits: (ParMarkBitMap*) 0x00007f96e9abd340
 Begin Bits: [0x00007f96d1c92000, 0x00007f96d2c92000)
 End Bits:   [0x00007f96d2c92000, 0x00007f96d3c92000)

Polling page: 0x00007f96ea70d000

CodeCache: size=245760Kb used=6052Kb max_used=6052Kb free=239707Kb
 bounds [0x00007f96d47ad000, 0x00007f96d4d9d000, 0x00007f96e37ad000]
 total_blobs=1686 nmethods=1424 adapters=175
 compilation: enabled

Compilation events (10 events):
Event: 4,790 Thread 0x00007f96e40bd000 nmethod 1530 0x00007f96d4d6ba10 code [0x00007f96d4d6bb60, 0x00007f96d4d6bc70]
Event: 4,790 Thread 0x00007f96e40bd000 1507       2       com.android.dx.cf.code.BytecodeArray::processWorkSet (50 bytes)
Event: 4,790 Thread 0x00007f96e40bd000 nmethod 1507 0x00007f96d4d97690 code [0x00007f96d4d97840, 0x00007f96d4d97b78]
Event: 4,790 Thread 0x00007f96e40bd000 1531       2       com.android.dx.cf.direct.DirectClassFile::parseToInterfacesIfNecessary (13 bytes)
Event: 4,791 Thread 0x00007f96e40bd000 nmethod 1531 0x00007f96d4d6b690 code [0x00007f96d4d6b800, 0x00007f96d4d6b988]
Event: 4,791 Thread 0x00007f96e40bd000 1510       2       com.android.dx.cf.code.LineNumberList$Item::<init> (43 bytes)
Event: 4,791 Thread 0x00007f96e40bd000 nmethod 1510 0x00007f96d4d97dd0 code [0x00007f96d4d97f60, 0x00007f96d4d98218]
Event: 4,791 Thread 0x00007f96e40bd000 1525       2       java.util.TreeMap::values (25 bytes)
Event: 4,791 Thread 0x00007f96e40bd000 nmethod 1525 0x00007f96d4d9a550 code [0x00007f96d4d9a6c0, 0x00007f96d4d9a890]
Event: 4,791 Thread 0x00007f96e40bd000 1533       2       com.android.dx.rop.type.Type::internClassName (56 bytes)

GC Heap History (9 events):
Event: 0,912 GC heap before
{Heap before GC invocations=1 (full 0):
 PSYoungGen      total 18432K, used 15872K [0x00000000eab00000, 0x00000000ebf80000, 0x0000000100000000)
  eden space 15872K, 100% used [0x00000000eab00000,0x00000000eba80000,0x00000000eba80000)
  from space 2560K, 0% used [0x00000000ebd00000,0x00000000ebd00000,0x00000000ebf80000)
  to   space 2560K, 0% used [0x00000000eba80000,0x00000000eba80000,0x00000000ebd00000)
 ParOldGen       total 42496K, used 0K [0x00000000c0000000, 0x00000000c2980000, 0x00000000eab00000)
  object space 42496K, 0% used [0x00000000c0000000,0x00000000c0000000,0x00000000c2980000)
 Metaspace       used 5394K, capacity 6640K, committed 6784K, reserved 1056768K
  class space    used 554K, capacity 616K, committed 640K, reserved 1048576K
Event: 0,931 GC heap after
Heap after GC invocations=1 (full 0):
 PSYoungGen      total 18432K, used 2538K [0x00000000eab00000, 0x00000000ecf00000, 0x0000000100000000)
  eden space 15872K, 0% used [0x00000000eab00000,0x00000000eab00000,0x00000000eba80000)
  from space 2560K, 99% used [0x00000000eba80000,0x00000000ebcfab28,0x00000000ebd00000)
  to   space 2560K, 0% used [0x00000000ecc80000,0x00000000ecc80000,0x00000000ecf00000)
 ParOldGen       total 42496K, used 2153K [0x00000000c0000000, 0x00000000c2980000, 0x00000000eab00000)
  object space 42496K, 5% used [0x00000000c0000000,0x00000000c021a7d8,0x00000000c2980000)
 Metaspace       used 5394K, capacity 6640K, committed 6784K, reserved 1056768K
  class space    used 554K, capacity 616K, committed 640K, reserved 1048576K
}
Event: 1,536 GC heap before
{Heap before GC invocations=2 (full 0):
 PSYoungGen      total 18432K, used 18410K [0x00000000eab00000, 0x00000000ecf00000, 0x0000000100000000)
  eden space 15872K, 100% used [0x00000000eab00000,0x00000000eba80000,0x00000000eba80000)
  from space 2560K, 99% used [0x00000000eba80000,0x00000000ebcfab28,0x00000000ebd00000)
  to   space 2560K, 0% used [0x00000000ecc80000,0x00000000ecc80000,0x00000000ecf00000)
 ParOldGen       total 42496K, used 2153K [0x00000000c0000000, 0x00000000c2980000, 0x00000000eab00000)
  object space 42496K, 5% used [0x00000000c0000000,0x00000000c021a7d8,0x00000000c2980000)
 Metaspace       used 5516K, capacity 6768K, committed 7040K, reserved 1056768K
  class space    used 555K, capacity 616K, committed 640K, reserved 1048576K
Event: 1,567 GC heap after
Heap after GC invocations=2 (full 0):
 PSYoungGen      total 34304K, used 2545K [0x00000000eab00000, 0x00000000ecf00000, 0x0000000100000000)
  eden space 31744K, 0% used [0x00000000eab00000,0x00000000eab00000,0x00000000eca00000)
  from space 2560K, 99% used [0x00000000ecc80000,0x00000000ecefc598,0x00000000ecf00000)
  to   space 2560K, 0% used [0x00000000eca00000,0x00000000eca00000,0x00000000ecc80000)
 ParOldGen       total 42496K, used 4721K [0x00000000c0000000, 0x00000000c2980000, 0x00000000eab00000)
  object space 42496K, 11% used [0x00000000c0000000,0x00000000c049c780,0x00000000c2980000)
 Metaspace       used 5516K, capacity 6768K, committed 7040K, reserved 1056768K
  class space    used 555K, capacity 616K, committed 640K, reserved 1048576K
}
Event: 2,267 GC heap before
{Heap before GC invocations=3 (full 0):
 PSYoungGen      total 34304K, used 34289K [0x00000000eab00000, 0x00000000ecf00000, 0x0000000100000000)
  eden space 31744K, 100% used [0x00000000eab00000,0x00000000eca00000,0x00000000eca00000)
  from space 2560K, 99% used [0x00000000ecc80000,0x00000000ecefc598,0x00000000ecf00000)
  to   space 2560K, 0% used [0x00000000eca00000,0x00000000eca00000,0x00000000ecc80000)
 ParOldGen       total 42496K, used 4721K [0x00000000c0000000, 0x00000000c2980000, 0x00000000eab00000)
  object space 42496K, 11% used [0x00000000c0000000,0x00000000c049c780,0x00000000c2980000)
 Metaspace       used 5641K, capacity 6832K, committed 7040K, reserved 1056768K
  class space    used 555K, capacity 616K, committed 640K, reserved 1048576K
Event: 2,298 GC heap after
Heap after GC invocations=3 (full 0):
 PSYoungGen      total 34304K, used 2529K [0x00000000eab00000, 0x00000000eee00000, 0x0000000100000000)
  eden space 31744K, 0% used [0x00000000eab00000,0x00000000eab00000,0x00000000eca00000)
  from space 2560K, 98% used [0x00000000eca00000,0x00000000ecc78588,0x00000000ecc80000)
  to   space 2560K, 0% used [0x00000000eeb80000,0x00000000eeb80000,0x00000000eee00000)
 ParOldGen       total 42496K, used 10750K [0x00000000c0000000, 0x00000000c2980000, 0x00000000eab00000)
  object space 42496K, 25% used [0x00000000c0000000,0x00000000c0a7fae0,0x00000000c2980000)
 Metaspace       used 5641K, capacity 6832K, committed 7040K, reserved 1056768K
  class space    used 555K, capacity 616K, committed 640K, reserved 1048576K
}
Event: 3,810 GC heap before
{Heap before GC invocations=4 (full 0):
 PSYoungGen      total 34304K, used 34273K [0x00000000eab00000, 0x00000000eee00000, 0x0000000100000000)
  eden space 31744K, 100% used [0x00000000eab00000,0x00000000eca00000,0x00000000eca00000)
  from space 2560K, 98% used [0x00000000eca00000,0x00000000ecc78588,0x00000000ecc80000)
  to   space 2560K, 0% used [0x00000000eeb80000,0x00000000eeb80000,0x00000000eee00000)
 ParOldGen       total 42496K, used 10750K [0x00000000c0000000, 0x00000000c2980000, 0x00000000eab00000)
  object space 42496K, 25% used [0x00000000c0000000,0x00000000c0a7fae0,0x00000000c2980000)
 Metaspace       used 5708K, capacity 6896K, committed 7040K, reserved 1056768K
  class space    used 555K, capacity 616K, committed 640K, reserved 1048576K
Event: 3,912 GC heap after
Heap after GC invocations=4 (full 0):
 PSYoungGen      total 66048K, used 2529K [0x00000000eab00000, 0x00000000eee00000, 0x0000000100000000)
  eden space 63488K, 0% used [0x00000000eab00000,0x00000000eab00000,0x00000000ee900000)
  from space 2560K, 98% used [0x00000000eeb80000,0x00000000eedf8588,0x00000000eee00000)
  to   space 2560K, 0% used [0x00000000ee900000,0x00000000ee900000,0x00000000eeb80000)
 ParOldGen       total 42496K, used 23969K [0x00000000c0000000, 0x00000000c2980000, 0x00000000eab00000)
  object space 42496K, 56% used [0x00000000c0000000,0x00000000c17687b0,0x00000000c2980000)
 Metaspace       used 5708K, capacity 6896K, committed 7040K, reserved 1056768K
  class space    used 555K, capacity 616K, committed 640K, reserved 1048576K
}
Event: 4,807 GC heap before
{Heap before GC invocations=5 (full 0):
 PSYoungGen      total 66048K, used 66017K [0x00000000eab00000, 0x00000000eee00000, 0x0000000100000000)
  eden space 63488K, 100% used [0x00000000eab00000,0x00000000ee900000,0x00000000ee900000)
  from space 2560K, 98% used [0x00000000eeb80000,0x00000000eedf8588,0x00000000eee00000)
  to   space 2560K, 0% used [0x00000000ee900000,0x00000000ee900000,0x00000000eeb80000)
 ParOldGen       total 42496K, used 23969K [0x00000000c0000000, 0x00000000c2980000, 0x00000000eab00000)
  object space 42496K, 56% used [0x00000000c0000000,0x00000000c17687b0,0x00000000c2980000)
 Metaspace       used 5763K, capacity 6960K, committed 7040K, reserved 1056768K
  class space    used 556K, capacity 616K, committed 640K, reserved 1048576K

Deoptimization events (9 events):
Event: 0,361 Thread 0x00007f96e400a000 Uncommon trap: reason=unstable_if action=reinterpret pc=0x00007f96d48ea104 method=java.lang.String.indexOf(II)I @ 49
Event: 0,427 Thread 0x00007f96e400a000 Uncommon trap: reason=unstable_if action=reinterpret pc=0x00007f96d49301a8 method=java.lang.String.<init>([CII)V @ 18
Event: 0,655 Thread 0x00007f96e412e000 Uncommon trap: reason=unstable_if action=reinterpret pc=0x00007f96d495a39c method=java.util.HashMap.getNode(ILjava/lang/Object;)Ljava/util/HashMap$Node; @ 129
Event: 1,356 Thread 0x00007f96e412e000 Uncommon trap: reason=unloaded action=reinterpret pc=0x00007f96d4a5fd64 method=com.android.dx.ssa.SsaRenamer$BlockRenamer.visitMoveInsn(Lcom/android/dx/ssa/NormalSsaInsn;)V @ 208
Event: 1,424 Thread 0x00007f96e400a000 Uncommon trap: reason=unloaded action=reinterpret pc=0x00007f96d49a620c method=com.android.dx.cf.cst.ConstantPoolParser.parse0(ILjava/util/BitSet;)Lcom/android/dx/rop/cst/Constant; @ 220
Event: 1,591 Thread 0x00007f96e400a000 Uncommon trap: reason=null_check action=make_not_entrant pc=0x00007f96d4a875e0 method=com.android.dx.ssa.SsaRenamer.getLocalForNewReg(I)Lcom/android/dx/rop/code/LocalItem; @ 19
Event: 1,811 Thread 0x00007f96e4148000 Uncommon trap: reason=unstable_if action=reinterpret pc=0x00007f96d49cdf34 method=com.android.dx.ssa.SsaRenamer$BlockRenamer.addMapping(ILcom/android/dx/rop/code/RegisterSpec;)V @ 120
Event: 2,070 Thread 0x00007f96e4148000 Uncommon trap: reason=unstable_if action=reinterpret pc=0x00007f96d4b37714 method=com.android.dx.ssa.SsaRenamer$BlockRenamer.visitMoveInsn(Lcom/android/dx/ssa/NormalSsaInsn;)V @ 104
Event: 4,041 Thread 0x00007f96e400a000 Uncommon trap: reason=unstable_if action=reinterpret pc=0x00007f96d4c2e678 method=com.android.dx.rop.cst.CstLiteral32.equals(Ljava/lang/Object;)Z @ 12

Internal exceptions (3 events):
Event: 0,048 Thread 0x00007f96e400a000 Exception <a 'java/lang/NoSuchMethodError': Method sun.misc.Unsafe.defineClass(Ljava/lang/String;[BII)Ljava/lang/Class; name or signature does not match> (0x00000000eab07c78) thrown at [/ssd/Android/AOSP-openjdk/external/jetbrains/jdk/hotspot/src/share/vm
Event: 0,049 Thread 0x00007f96e400a000 Exception <a 'java/lang/NoSuchMethodError': Method sun.misc.Unsafe.prefetchRead(Ljava/lang/Object;J)V name or signature does not match> (0x00000000eab07f60) thrown at [/ssd/Android/AOSP-openjdk/external/jetbrains/jdk/hotspot/src/share/vm/prims/jni.cpp, li
Event: 1,591 Thread 0x00007f96e400a000 Implicit null exception at 0x00007f96d4a84a36 to 0x00007f96d4a875ad

Events (10 events):
Event: 4,761 Thread 0x00007f96e412e000 DEOPT PACKING pc=0x00007f96d4b2c52e sp=0x00007f96bb115280
Event: 4,761 Thread 0x00007f96e400a000 DEOPT PACKING pc=0x00007f96d48d054a sp=0x00007f96ea6e9830
Event: 4,762 Thread 0x00007f96e4148000 DEOPT PACKING pc=0x00007f96d4b1f475 sp=0x00007f96bb216140
Event: 4,763 Thread 0x00007f96e4148000 DEOPT UNPACKING pc=0x00007f96d47f4373 sp=0x00007f96bb215f40 mode 0
Event: 4,763 Thread 0x00007f96e412a000 DEOPT UNPACKING pc=0x00007f96d47f4373 sp=0x00007f96bb518720 mode 0
Event: 4,764 Thread 0x00007f96e412e000 DEOPT UNPACKING pc=0x00007f96d47f4373 sp=0x00007f96bb115058 mode 0
Event: 4,764 Thread 0x00007f96e400a000 DEOPT UNPACKING pc=0x00007f96d47f4373 sp=0x00007f96ea6e95a8 mode 0
Event: 4,781 Thread 0x00007f96e412a000 DEOPT PACKING pc=0x00007f96d4b1f475 sp=0x00007f96bb519140
Event: 4,781 Thread 0x00007f96e412a000 DEOPT UNPACKING pc=0x00007f96d47f4373 sp=0x00007f96bb518f40 mode 0
Event: 4,793 Executing VM operation: ParallelGCFailedAllocation


Dynamic libraries:
00400000-00401000 r-xp 00000000 08:01 6698937                            /home/gaia/code/Android/android-studio/jre/bin/java
00600000-00601000 r--p 00000000 08:01 6698937                            /home/gaia/code/Android/android-studio/jre/bin/java
00601000-00602000 rw-p 00001000 08:01 6698937                            /home/gaia/code/Android/android-studio/jre/bin/java
00beb000-00c0c000 rw-p 00000000 00:00 0                                  [heap]
c0000000-c2b00000 rw-p 00000000 00:00 0 
c2b00000-eab00000 ---p 00000000 00:00 0 
eab00000-eee00000 rw-p 00000000 00:00 0 
f5600000-100000000 ---p 00000000 00:00 0 
100000000-1000a0000 rw-p 00000000 00:00 0 
1000a0000-140000000 ---p 00000000 00:00 0 
7f9684000000-7f9684056000 rw-p 00000000 00:00 0 
7f9684056000-7f9688000000 ---p 00000000 00:00 0 
7f9688000000-7f9688048000 rw-p 00000000 00:00 0 
7f9688048000-7f968c000000 ---p 00000000 00:00 0 
7f968c000000-7f968c021000 rw-p 00000000 00:00 0 
7f968c021000-7f9690000000 ---p 00000000 00:00 0 
7f9690000000-7f9690093000 rw-p 00000000 00:00 0 
7f9690093000-7f9694000000 ---p 00000000 00:00 0 
7f9694000000-7f9694021000 rw-p 00000000 00:00 0 
7f9694021000-7f9698000000 ---p 00000000 00:00 0 
7f9698000000-7f969806f000 rw-p 00000000 00:00 0 
7f969806f000-7f969c000000 ---p 00000000 00:00 0 
7f969c000000-7f969cb1e000 rw-p 00000000 00:00 0 
7f969cb1e000-7f96a0000000 ---p 00000000 00:00 0 
7f96a0000000-7f96a0021000 rw-p 00000000 00:00 0 
7f96a0021000-7f96a4000000 ---p 00000000 00:00 0 
7f96a4000000-7f96a4ced000 rw-p 00000000 00:00 0 
7f96a4ced000-7f96a8000000 ---p 00000000 00:00 0 
7f96a8000000-7f96a880e000 rw-p 00000000 00:00 0 
7f96a880e000-7f96ac000000 ---p 00000000 00:00 0 
7f96ac000000-7f96ac021000 rw-p 00000000 00:00 0 
7f96ac021000-7f96b0000000 ---p 00000000 00:00 0 
7f96b0000000-7f96b0021000 rw-p 00000000 00:00 0 
7f96b0021000-7f96b4000000 ---p 00000000 00:00 0 
7f96b4000000-7f96b4021000 rw-p 00000000 00:00 0 
7f96b4021000-7f96b8000000 ---p 00000000 00:00 0 
7f96baff4000-7f96bb016000 r--p 00000000 08:01 3674227                    /usr/share/locale-langpack/it/LC_MESSAGES/libc.mo
7f96bb016000-7f96bb019000 ---p 00000000 00:00 0 
7f96bb019000-7f96bb117000 rw-p 00000000 00:00 0 
7f96bb117000-7f96bb11a000 ---p 00000000 00:00 0 
7f96bb11a000-7f96bb218000 rw-p 00000000 00:00 0 
7f96bb218000-7f96bb21b000 ---p 00000000 00:00 0 
7f96bb21b000-7f96bb319000 rw-p 00000000 00:00 0 
7f96bb319000-7f96bb31c000 ---p 00000000 00:00 0 
7f96bb31c000-7f96bb41a000 rw-p 00000000 00:00 0 
7f96bb41a000-7f96bb41d000 ---p 00000000 00:00 0 
7f96bb41d000-7f96bb51b000 rw-p 00000000 00:00 0 
7f96bb51b000-7f96bb51c000 ---p 00000000 00:00 0 
7f96bb51c000-7f96bb61c000 rw-p 00000000 00:00 0 
7f96bb61c000-7f96bb61f000 ---p 00000000 00:00 0 
7f96bb61f000-7f96bb71d000 rw-p 00000000 00:00 0 
7f96bb71d000-7f96bb720000 ---p 00000000 00:00 0 
7f96bb720000-7f96bb81e000 rw-p 00000000 00:00 0 
7f96bb81e000-7f96bb821000 ---p 00000000 00:00 0 
7f96bb821000-7f96bb91f000 rw-p 00000000 00:00 0 
7f96bb91f000-7f96bb922000 ---p 00000000 00:00 0 
7f96bb922000-7f96bba20000 rw-p 00000000 00:00 0 
7f96bba20000-7f96bba23000 ---p 00000000 00:00 0 
7f96bba23000-7f96bbb21000 rw-p 00000000 00:00 0 
7f96bbb21000-7f96bbdfe000 r--p 00000000 08:01 1835757                    /usr/lib/locale/locale-archive
7f96bbdfe000-7f96bbe01000 ---p 00000000 00:00 0 
7f96bbe01000-7f96bbeff000 rw-p 00000000 00:00 0 
7f96bbeff000-7f96bbf02000 ---p 00000000 00:00 0 
7f96bbf02000-7f96bc000000 rw-p 00000000 00:00 0 
7f96bc000000-7f96bc021000 rw-p 00000000 00:00 0 
7f96bc021000-7f96c0000000 ---p 00000000 00:00 0 
7f96c0000000-7f96c0281000 rw-p 00000000 00:00 0 
7f96c0281000-7f96c4000000 ---p 00000000 00:00 0 
7f96c4000000-7f96c4021000 rw-p 00000000 00:00 0 
7f96c4021000-7f96c8000000 ---p 00000000 00:00 0 
7f96c8000000-7f96c8021000 rw-p 00000000 00:00 0 
7f96c8021000-7f96cc000000 ---p 00000000 00:00 0 
7f96cc000000-7f96cc021000 rw-p 00000000 00:00 0 
7f96cc021000-7f96d0000000 ---p 00000000 00:00 0 
7f96d000e000-7f96d000f000 ---p 00000000 00:00 0 
7f96d000f000-7f96d10c3000 rw-p 00000000 00:00 0 
7f96d10c3000-7f96d1292000 r--s 03c1b000 08:01 6698995                    /home/gaia/code/Android/android-studio/jre/jre/lib/rt.jar
7f96d1292000-7f96d18d2000 rw-p 00000000 00:00 0 
7f96d18d2000-7f96d1a92000 ---p 00000000 00:00 0 
7f96d1a92000-7f96d3c92000 rw-p 00000000 00:00 0 
7f96d3c92000-7f96d3c93000 ---p 00000000 00:00 0 
7f96d3c93000-7f96d3d93000 rw-p 00000000 00:00 0 
7f96d3d93000-7f96d3d94000 ---p 00000000 00:00 0 
7f96d3d94000-7f96d3e94000 rw-p 00000000 00:00 0 
7f96d3e94000-7f96d3e95000 ---p 00000000 00:00 0 
7f96d3e95000-7f96d3f95000 rw-p 00000000 00:00 0 
7f96d3f95000-7f96d3f96000 ---p 00000000 00:00 0 
7f96d3f96000-7f96d40ac000 rw-p 00000000 00:00 0 
7f96d40ac000-7f96d41ec000 ---p 00000000 00:00 0 
7f96d41ec000-7f96d4202000 rw-p 00000000 00:00 0 
7f96d4202000-7f96d4341000 ---p 00000000 00:00 0 
7f96d4341000-7f96d4363000 rw-p 00000000 00:00 0 
7f96d4363000-7f96d43ec000 ---p 00000000 00:00 0 
7f96d43ec000-7f96d4405000 rw-p 00000000 00:00 0 
7f96d4405000-7f96d47ad000 ---p 00000000 00:00 0 
7f96d47ad000-7f96d4d9d000 rwxp 00000000 00:00 0 
7f96d4d9d000-7f96e37ad000 ---p 00000000 00:00 0 
7f96e37ad000-7f96e37c7000 r-xp 00000000 08:01 6819923                    /home/gaia/code/Android/android-studio/jre/jre/lib/amd64/libzip.so
7f96e37c7000-7f96e39c7000 ---p 0001a000 08:01 6819923                    /home/gaia/code/Android/android-studio/jre/jre/lib/amd64/libzip.so
7f96e39c7000-7f96e39c8000 r--p 0001a000 08:01 6819923                    /home/gaia/code/Android/android-studio/jre/jre/lib/amd64/libzip.so
7f96e39c8000-7f96e39c9000 rw-p 0001b000 08:01 6819923                    /home/gaia/code/Android/android-studio/jre/jre/lib/amd64/libzip.so
7f96e39c9000-7f96e39d4000 r-xp 00000000 08:01 1311084                    /lib/x86_64-linux-gnu/libnss_files-2.24.so
7f96e39d4000-7f96e3bd3000 ---p 0000b000 08:01 1311084                    /lib/x86_64-linux-gnu/libnss_files-2.24.so
7f96e3bd3000-7f96e3bd4000 r--p 0000a000 08:01 1311084                    /lib/x86_64-linux-gnu/libnss_files-2.24.so
7f96e3bd4000-7f96e3bd5000 rw-p 0000b000 08:01 1311084                    /lib/x86_64-linux-gnu/libnss_files-2.24.so
7f96e3bd5000-7f96e3bdb000 rw-p 00000000 00:00 0 
7f96e3bdb000-7f96e3be6000 r-xp 00000000 08:01 1311086                    /lib/x86_64-linux-gnu/libnss_nis-2.24.so
7f96e3be6000-7f96e3de5000 ---p 0000b000 08:01 1311086                    /lib/x86_64-linux-gnu/libnss_nis-2.24.so
7f96e3de5000-7f96e3de6000 r--p 0000a000 08:01 1311086                    /lib/x86_64-linux-gnu/libnss_nis-2.24.so
7f96e3de6000-7f96e3de7000 rw-p 0000b000 08:01 1311086                    /lib/x86_64-linux-gnu/libnss_nis-2.24.so
7f96e3de7000-7f96e3dfd000 r-xp 00000000 08:01 1311081                    /lib/x86_64-linux-gnu/libnsl-2.24.so
7f96e3dfd000-7f96e3ffc000 ---p 00016000 08:01 1311081                    /lib/x86_64-linux-gnu/libnsl-2.24.so
7f96e3ffc000-7f96e3ffd000 r--p 00015000 08:01 1311081                    /lib/x86_64-linux-gnu/libnsl-2.24.so
7f96e3ffd000-7f96e3ffe000 rw-p 00016000 08:01 1311081                    /lib/x86_64-linux-gnu/libnsl-2.24.so
7f96e3ffe000-7f96e4000000 rw-p 00000000 00:00 0 
7f96e4000000-7f96e4395000 rw-p 00000000 00:00 0 
7f96e4395000-7f96e8000000 ---p 00000000 00:00 0 
7f96e8010000-7f96e801e000 r--s 000e0000 08:01 6558052                    /home/gaia/Android/Sdk/build-tools/25.0.0/lib/dx.jar
7f96e801e000-7f96e8094000 rw-p 00000000 00:00 0 
7f96e8094000-7f96e809c000 r-xp 00000000 08:01 1311082                    /lib/x86_64-linux-gnu/libnss_compat-2.24.so
7f96e809c000-7f96e829b000 ---p 00008000 08:01 1311082                    /lib/x86_64-linux-gnu/libnss_compat-2.24.so
7f96e829b000-7f96e829c000 r--p 00007000 08:01 1311082                    /lib/x86_64-linux-gnu/libnss_compat-2.24.so
7f96e829c000-7f96e829d000 rw-p 00008000 08:01 1311082                    /lib/x86_64-linux-gnu/libnss_compat-2.24.so
7f96e829d000-7f96e82ca000 r-xp 00000000 08:01 6819933                    /home/gaia/code/Android/android-studio/jre/jre/lib/amd64/libjava.so
7f96e82ca000-7f96e84c9000 ---p 0002d000 08:01 6819933                    /home/gaia/code/Android/android-studio/jre/jre/lib/amd64/libjava.so
7f96e84c9000-7f96e84ca000 r--p 0002c000 08:01 6819933                    /home/gaia/code/Android/android-studio/jre/jre/lib/amd64/libjava.so
7f96e84ca000-7f96e84cc000 rw-p 0002d000 08:01 6819933                    /home/gaia/code/Android/android-studio/jre/jre/lib/amd64/libjava.so
7f96e84cc000-7f96e84dc000 r-xp 00000000 08:01 6819949                    /home/gaia/code/Android/android-studio/jre/jre/lib/amd64/libverify.so
7f96e84dc000-7f96e86db000 ---p 00010000 08:01 6819949                    /home/gaia/code/Android/android-studio/jre/jre/lib/amd64/libverify.so
7f96e86db000-7f96e86dd000 r--p 0000f000 08:01 6819949                    /home/gaia/code/Android/android-studio/jre/jre/lib/amd64/libverify.so
7f96e86dd000-7f96e86de000 rw-p 00011000 08:01 6819949                    /home/gaia/code/Android/android-studio/jre/jre/lib/amd64/libverify.so
7f96e86de000-7f96e86e5000 r-xp 00000000 08:01 1311091                    /lib/x86_64-linux-gnu/librt-2.24.so
7f96e86e5000-7f96e88e4000 ---p 00007000 08:01 1311091                    /lib/x86_64-linux-gnu/librt-2.24.so
7f96e88e4000-7f96e88e5000 r--p 00006000 08:01 1311091                    /lib/x86_64-linux-gnu/librt-2.24.so
7f96e88e5000-7f96e88e6000 rw-p 00007000 08:01 1311091                    /lib/x86_64-linux-gnu/librt-2.24.so
7f96e88e6000-7f96e89ee000 r-xp 00000000 08:01 1311078                    /lib/x86_64-linux-gnu/libm-2.24.so
7f96e89ee000-7f96e8bed000 ---p 00108000 08:01 1311078                    /lib/x86_64-linux-gnu/libm-2.24.so
7f96e8bed000-7f96e8bee000 r--p 00107000 08:01 1311078                    /lib/x86_64-linux-gnu/libm-2.24.so
7f96e8bee000-7f96e8bef000 rw-p 00108000 08:01 1311078                    /lib/x86_64-linux-gnu/libm-2.24.so
7f96e8bef000-7f96e97e0000 r-xp 00000000 08:01 6819953                    /home/gaia/code/Android/android-studio/jre/jre/lib/amd64/server/libjvm.so
7f96e97e0000-7f96e99e0000 ---p 00bf1000 08:01 6819953                    /home/gaia/code/Android/android-studio/jre/jre/lib/amd64/server/libjvm.so
7f96e99e0000-7f96e9a7f000 r--p 00bf1000 08:01 6819953                    /home/gaia/code/Android/android-studio/jre/jre/lib/amd64/server/libjvm.so
7f96e9a7f000-7f96e9aa8000 rw-p 00c90000 08:01 6819953                    /home/gaia/code/Android/android-studio/jre/jre/lib/amd64/server/libjvm.so
7f96e9aa8000-7f96e9aec000 rw-p 00000000 00:00 0 
7f96e9aec000-7f96e9b04000 r-xp 00000000 08:01 1311089                    /lib/x86_64-linux-gnu/libpthread-2.24.so
7f96e9b04000-7f96e9d04000 ---p 00018000 08:01 1311089                    /lib/x86_64-linux-gnu/libpthread-2.24.so
7f96e9d04000-7f96e9d05000 r--p 00018000 08:01 1311089                    /lib/x86_64-linux-gnu/libpthread-2.24.so
7f96e9d05000-7f96e9d06000 rw-p 00019000 08:01 1311089                    /lib/x86_64-linux-gnu/libpthread-2.24.so
7f96e9d06000-7f96e9d0a000 rw-p 00000000 00:00 0 
7f96e9d0a000-7f96e9d0d000 r-xp 00000000 08:01 1311077                    /lib/x86_64-linux-gnu/libdl-2.24.so
7f96e9d0d000-7f96e9f0c000 ---p 00003000 08:01 1311077                    /lib/x86_64-linux-gnu/libdl-2.24.so
7f96e9f0c000-7f96e9f0d000 r--p 00002000 08:01 1311077                    /lib/x86_64-linux-gnu/libdl-2.24.so
7f96e9f0d000-7f96e9f0e000 rw-p 00003000 08:01 1311077                    /lib/x86_64-linux-gnu/libdl-2.24.so
7f96e9f0e000-7f96ea0cc000 r-xp 00000000 08:01 1311074                    /lib/x86_64-linux-gnu/libc-2.24.so
7f96ea0cc000-7f96ea2cb000 ---p 001be000 08:01 1311074                    /lib/x86_64-linux-gnu/libc-2.24.so
7f96ea2cb000-7f96ea2cf000 r--p 001bd000 08:01 1311074                    /lib/x86_64-linux-gnu/libc-2.24.so
7f96ea2cf000-7f96ea2d1000 rw-p 001c1000 08:01 1311074                    /lib/x86_64-linux-gnu/libc-2.24.so
7f96ea2d1000-7f96ea2d5000 rw-p 00000000 00:00 0 
7f96ea2d5000-7f96ea2eb000 r-xp 00000000 08:01 6698911                    /home/gaia/code/Android/android-studio/jre/lib/amd64/jli/libjli.so
7f96ea2eb000-7f96ea4ea000 ---p 00016000 08:01 6698911                    /home/gaia/code/Android/android-studio/jre/lib/amd64/jli/libjli.so
7f96ea4ea000-7f96ea4eb000 r--p 00015000 08:01 6698911                    /home/gaia/code/Android/android-studio/jre/lib/amd64/jli/libjli.so
7f96ea4eb000-7f96ea4ec000 rw-p 00016000 08:01 6698911                    /home/gaia/code/Android/android-studio/jre/lib/amd64/jli/libjli.so
7f96ea4ec000-7f96ea512000 r-xp 00000000 08:01 1310819                    /lib/x86_64-linux-gnu/ld-2.24.so
7f96ea513000-7f96ea51a000 r--s 00000000 08:01 2104802                    /usr/lib/x86_64-linux-gnu/gconv/gconv-modules.cache
7f96ea51a000-7f96ea5eb000 rw-p 00000000 00:00 0 
7f96ea5eb000-7f96ea5ee000 ---p 00000000 00:00 0 
7f96ea5ee000-7f96ea6ee000 rw-p 00000000 00:00 0 
7f96ea6f0000-7f96ea704000 rw-p 00000000 00:00 0 
7f96ea704000-7f96ea70c000 rw-s 00000000 08:01 2233662                    /tmp/hsperfdata_gaia/19550
7f96ea70c000-7f96ea70d000 rw-p 00000000 00:00 0 
7f96ea70d000-7f96ea70e000 ---p 00000000 00:00 0 
7f96ea70e000-7f96ea711000 rw-p 00000000 00:00 0 
7f96ea711000-7f96ea712000 r--p 00025000 08:01 1310819                    /lib/x86_64-linux-gnu/ld-2.24.so
7f96ea712000-7f96ea713000 rw-p 00026000 08:01 1310819                    /lib/x86_64-linux-gnu/ld-2.24.so
7f96ea713000-7f96ea714000 rw-p 00000000 00:00 0 
7ffd6646d000-7ffd6648e000 rw-p 00000000 00:00 0                          [stack]
7ffd66548000-7ffd6654a000 r--p 00000000 00:00 0                          [vvar]
7ffd6654a000-7ffd6654c000 r-xp 00000000 00:00 0                          [vdso]
ffffffffff600000-ffffffffff601000 r-xp 00000000 00:00 0                  [vsyscall]

VM Arguments:
jvm_args: -Djava.awt.headless=true -Xmx1024M -Dfile.encoding=UTF-8 -Duser.country=IT -Duser.language=it -Duser.variant 
java_command: com.android.dx.command.Main --dex --force-jumbo --num-threads=4 --multi-dex --output /home/gaia/AndroidStudioProjects/8Chesifaoggi (copy)- pretest con errore locandina lista/app/build/intermediates/transforms/dex/debug/folders/1000/5/slice_2 /home/gaia/AndroidStudioProjects/8Chesifaoggi (copy)- pretest con errore locandina lista/app/build/intermediates/transforms/instantRunSlicer/debug/folders/1/5/slice_2
java_class_path (initial): /home/gaia/Android/Sdk/build-tools/25.0.0/lib/dx.jar
Launcher Type: SUN_STANDARD

Environment Variables:
PATH=/usr/local/sbin:/usr/local/bin:/usr/sbin:/usr/bin:/sbin:/bin:/usr/games:/usr/local/games:/snap/bin
LD_LIBRARY_PATH=.:
SHELL=/bin/bash
DISPLAY=:0

Signal Handlers:
SIGSEGV: [libjvm.so+0x9e5150], sa_mask[0]=11111111011111111101111111111110, sa_flags=SA_RESTART|SA_SIGINFO
SIGBUS: [libjvm.so+0x9e5150], sa_mask[0]=11111111011111111101111111111110, sa_flags=SA_RESTART|SA_SIGINFO
SIGFPE: [libjvm.so+0x848450], sa_mask[0]=11111111011111111101111111111110, sa_flags=SA_RESTART|SA_SIGINFO
SIGPIPE: [libjvm.so+0x848450], sa_mask[0]=11111111011111111101111111111110, sa_flags=SA_RESTART|SA_SIGINFO
SIGXFSZ: [libjvm.so+0x848450], sa_mask[0]=11111111011111111101111111111110, sa_flags=SA_RESTART|SA_SIGINFO
SIGILL: [libjvm.so+0x848450], sa_mask[0]=11111111011111111101111111111110, sa_flags=SA_RESTART|SA_SIGINFO
SIGUSR1: SIG_DFL, sa_mask[0]=00000000000000000000000000000000, sa_flags=none
SIGUSR2: [libjvm.so+0x848320], sa_mask[0]=00100000000000000000000000000000, sa_flags=SA_RESTART|SA_SIGINFO
SIGHUP: [libjvm.so+0x848510], sa_mask[0]=11111111011111111101111111111110, sa_flags=SA_RESTART|SA_SIGINFO
SIGINT: [libjvm.so+0x848510], sa_mask[0]=11111111011111111101111111111110, sa_flags=SA_RESTART|SA_SIGINFO
SIGTERM: [libjvm.so+0x848510], sa_mask[0]=11111111011111111101111111111110, sa_flags=SA_RESTART|SA_SIGINFO
SIGQUIT: [libjvm.so+0x848510], sa_mask[0]=11111111011111111101111111111110, sa_flags=SA_RESTART|SA_SIGINFO


---------------  S Y S T E M  ---------------

OS:DISTRIB_ID=Ubuntu
DISTRIB_RELEASE=17.04
DISTRIB_CODENAME=zesty
DISTRIB_DESCRIPTION="Ubuntu 17.04"

uname:Linux 4.10.0-33-generic #37-Ubuntu SMP Fri Aug 11 10:55:28 UTC 2017 x86_64
libc:glibc 2.24 NPTL 2.24 
rlimit: STACK 8192k, CORE 0k, NPROC 15016, NOFILE 4096, AS infinity
load average:2,29 1,45 1,42

/proc/meminfo:
MemTotal:        3945344 kB
MemFree:          100140 kB
MemAvailable:      29772 kB
Buffers:             780 kB
Cached:           516096 kB
SwapCached:         8876 kB
Active:          2951832 kB
Inactive:         643348 kB
Active(anon):    2937832 kB
Inactive(anon):   600640 kB
Active(file):      14000 kB
Inactive(file):    42708 kB
Unevictable:          48 kB
Mlocked:              48 kB
SwapTotal:       2097148 kB
SwapFree:             32 kB
Dirty:                76 kB
Writeback:           240 kB
AnonPages:       3069832 kB
Mapped:           145452 kB
Shmem:            459876 kB
Slab:              90004 kB
SReclaimable:      41076 kB
SUnreclaim:        48928 kB
KernelStack:       15292 kB
PageTables:        54412 kB
NFS_Unstable:          0 kB
Bounce:                0 kB
WritebackTmp:          0 kB
CommitLimit:     4069820 kB
Committed_AS:   11808572 kB
VmallocTotal:   34359738367 kB
VmallocUsed:           0 kB
VmallocChunk:          0 kB
HardwareCorrupted:     0 kB
AnonHugePages:    827392 kB
ShmemHugePages:        0 kB
ShmemPmdMapped:        0 kB
CmaTotal:              0 kB
CmaFree:               0 kB
HugePages_Total:       0
HugePages_Free:        0
HugePages_Rsvd:        0
HugePages_Surp:        0
Hugepagesize:       2048 kB
DirectMap4k:      156956 kB
DirectMap2M:     3938304 kB
DirectMap1G:           0 kB


CPU:total 4 (2 cores per cpu, 2 threads per core) family 6 model 61 stepping 4, cmov, cx8, fxsr, mmx, sse, sse2, sse3, ssse3, sse4.1, sse4.2, popcnt, avx, avx2, aes, clmul, erms, 3dnowpref, lzcnt, ht, tsc, tscinvbit, bmi1, bmi2, adx

/proc/cpuinfo:
processor	: 0
vendor_id	: GenuineIntel
cpu family	: 6
model		: 61
model name	: Intel(R) Core(TM) i7-5500U CPU @ 2.40GHz
stepping	: 4
microcode	: 0x24
cpu MHz		: 2616.943
cache size	: 4096 KB
physical id	: 0
siblings	: 4
core id		: 0
cpu cores	: 2
apicid		: 0
initial apicid	: 0
fpu		: yes
fpu_exception	: yes
cpuid level	: 20
wp		: yes
flags		: fpu vme de pse tsc msr pae mce cx8 apic sep mtrr pge mca cmov pat pse36 clflush dts acpi mmx fxsr sse sse2 ss ht tm pbe syscall nx pdpe1gb rdtscp lm constant_tsc arch_perfmon pebs bts rep_good nopl xtopology nonstop_tsc aperfmperf pni pclmulqdq dtes64 monitor ds_cpl vmx est tm2 ssse3 sdbg fma cx16 xtpr pdcm pcid sse4_1 sse4_2 x2apic movbe popcnt tsc_deadline_timer aes xsave avx f16c rdrand lahf_lm abm 3dnowprefetch epb intel_pt tpr_shadow vnmi flexpriority ept vpid fsgsbase tsc_adjust bmi1 avx2 smep bmi2 erms invpcid rdseed adx smap xsaveopt dtherm ida arat pln pts
bugs		:
bogomips	: 4789.18
clflush size	: 64
cache_alignment	: 64
address sizes	: 39 bits physical, 48 bits virtual
power management:

processor	: 1
vendor_id	: GenuineIntel
cpu family	: 6
model		: 61
model name	: Intel(R) Core(TM) i7-5500U CPU @ 2.40GHz
stepping	: 4
microcode	: 0x24
cpu MHz		: 2588.671
cache size	: 4096 KB
physical id	: 0
siblings	: 4
core id		: 1
cpu cores	: 2
apicid		: 2
initial apicid	: 2
fpu		: yes
fpu_exception	: yes
cpuid level	: 20
wp		: yes
flags		: fpu vme de pse tsc msr pae mce cx8 apic sep mtrr pge mca cmov pat pse36 clflush dts acpi mmx fxsr sse sse2 ss ht tm pbe syscall nx pdpe1gb rdtscp lm constant_tsc arch_perfmon pebs bts rep_good nopl xtopology nonstop_tsc aperfmperf pni pclmulqdq dtes64 monitor ds_cpl vmx est tm2 ssse3 sdbg fma cx16 xtpr pdcm pcid sse4_1 sse4_2 x2apic movbe popcnt tsc_deadline_timer aes xsave avx f16c rdrand lahf_lm abm 3dnowprefetch epb intel_pt tpr_shadow vnmi flexpriority ept vpid fsgsbase tsc_adjust bmi1 avx2 smep bmi2 erms invpcid rdseed adx smap xsaveopt dtherm ida arat pln pts
bugs		:
bogomips	: 4789.18
clflush size	: 64
cache_alignment	: 64
address sizes	: 39 bits physical, 48 bits virtual
power management:

processor	: 2
vendor_id	: GenuineIntel
cpu family	: 6
model		: 61
model name	: Intel(R) Core(TM) i7-5500U CPU @ 2.40GHz
stepping	: 4
microcode	: 0x24
cpu MHz		: 2602.441
cache size	: 4096 KB
physical id	: 0
siblings	: 4
core id		: 0
cpu cores	: 2
apicid		: 1
initial apicid	: 1
fpu		: yes
fpu_exception	: yes
cpuid level	: 20
wp		: yes
flags		: fpu vme de pse tsc msr pae mce cx8 apic sep mtrr pge mca cmov pat pse36 clflush dts acpi mmx fxsr sse sse2 ss ht tm pbe syscall nx pdpe1gb rdtscp lm constant_tsc arch_perfmon pebs bts rep_good nopl xtopology nonstop_tsc aperfmperf pni pclmulqdq dtes64 monitor ds_cpl vmx est tm2 ssse3 sdbg fma cx16 xtpr pdcm pcid sse4_1 sse4_2 x2apic movbe popcnt tsc_deadline_timer aes xsave avx f16c rdrand lahf_lm abm 3dnowprefetch epb intel_pt tpr_shadow vnmi flexpriority ept vpid fsgsbase tsc_adjust bmi1 avx2 smep bmi2 erms invpcid rdseed adx smap xsaveopt dtherm ida arat pln pts
bugs		:
bogomips	: 4789.18
clflush size	: 64
cache_alignment	: 64
address sizes	: 39 bits physical, 48 bits virtual
power management:

processor	: 3
vendor_id	: GenuineIntel
cpu family	: 6
model		: 61
model name	: Intel(R) Core(TM) i7-5500U CPU @ 2.40GHz
stepping	: 4
microcode	: 0x24
cpu MHz		: 2646.533
cache size	: 4096 KB
physical id	: 0
siblings	: 4
core id		: 1
cpu cores	: 2
apicid		: 3
initial apicid	: 3
fpu		: yes
fpu_exception	: yes
cpuid level	: 20
wp		: yes
flags		: fpu vme de pse tsc msr pae mce cx8 apic sep mtrr pge mca cmov pat pse36 clflush dts acpi mmx fxsr sse sse2 ss ht tm pbe syscall nx pdpe1gb rdtscp lm constant_tsc arch_perfmon pebs bts rep_good nopl xtopology nonstop_tsc aperfmperf pni pclmulqdq dtes64 monitor ds_cpl vmx est tm2 ssse3 sdbg fma cx16 xtpr pdcm pcid sse4_1 sse4_2 x2apic movbe popcnt tsc_deadline_timer aes xsave avx f16c rdrand lahf_lm abm 3dnowprefetch epb intel_pt tpr_shadow vnmi flexpriority ept vpid fsgsbase tsc_adjust bmi1 avx2 smep bmi2 erms invpcid rdseed adx smap xsaveopt dtherm ida arat pln pts
bugs		:
bogomips	: 4789.18
clflush size	: 64
cache_alignment	: 64
address sizes	: 39 bits physical, 48 bits virtual
power management:



Memory: 4k page, physical 3945344k(100016k free), swap 2097148k(32k free)

vm_info: OpenJDK 64-Bit Server VM (25.112-b06) for linux-amd64 JRE (1.8.0_112-release-b06), built on Dec  6 2016 12:11:18 by "builder" with gcc 4.8.4

time: Fri Sep  1 23:37:31 2017
elapsed time: 4 seconds (0d 0h 0m 4s)

